

<!DOCTYPE html>
<html>
<head>
<meta charset="UTF-8">
<meta name="viewport" content="width=device-width, initial-scale=1, shrink-to-fit=no">
<title>Extent Report</title>
<link rel="apple-touch-icon" href="https://cdn.jsdelivr.net/gh/extent-framework/extent-github-cdn@b00a2d0486596e73dd7326beacf352c639623a0e/commons/img/logo.png">
<link rel="shortcut icon" href="https://cdn.jsdelivr.net/gh/extent-framework/extent-github-cdn@b00a2d0486596e73dd7326beacf352c639623a0e/commons/img/logo.png">
<link href="https://cdn.jsdelivr.net/gh/extent-framework/extent-github-cdn@d6562a79075e061305ccfdb82f01e5e195e2d307/spark/css/spark-style.css" rel="stylesheet" />
<link href="https://stackpath.bootstrapcdn.com/font-awesome/4.7.0/css/font-awesome.min.css" rel="stylesheet">
<script src="https://cdn.jsdelivr.net/gh/extent-framework/extent-github-cdn@7cc78ce/spark/js/jsontree.js"></script>
<style type="text/css"></style></head><body class="spa bdd-report dark">
  <div class="app">
    <div class="layout">
<div class="header navbar">
<div class="vheader">
<div class="nav-logo">
<a href="#">
<div class="logo" style="background-image: url('https://cdn.jsdelivr.net/gh/extent-framework/extent-github-cdn@b00a2d0486596e73dd7326beacf352c639623a0e/commons/img/logo.png')"></div>
</a>
</div>
<ul class="nav-left">
<li class="search-box">
<a class="search-toggle" href="#">
<i class="search-icon fa fa-search"></i>
<i class="search-icon-close fa fa-close"></i>
</a>
</li>
<li class="search-input"><input id="search-tests" class="form-control" type="text" placeholder="Search..."></li>
</ul>
<ul class="nav-right">
<li class="m-r-10">
<a href="#"><span class="badge badge-primary">Automation Exercise Report</span></a>
</li>
<li class="m-r-10">
<a href="#"><span class="badge badge-primary">Jan 2, 2024 11:00:13 pm</span></a>
</li>
</ul>
</div>
</div><div class="side-nav">
<div class="side-nav-inner">
<ul class="side-nav-menu">
<li class="nav-item dropdown" onclick="toggleView('dashboard-view')">
<a id="nav-dashboard" class="dropdown-toggle" href="#">
<span class="ico"><i class="fa fa-bar-chart"></i></span>
</a>
</li>
<li class="nav-item dropdown" onclick="toggleView('test-view')">
<a id="nav-test" class="dropdown-toggle" href="#">
<span class="ico"><i class="fa fa-list"></i></span>
</a>
</li>
<li class="nav-item dropdown" onclick="toggleView('category-view')">
<a id="nav-category" class="dropdown-toggle" href="#">
<span class="ico"><i class="fa fa-tag"></i></span>
</a>
</li>
<li class="nav-item dropdown" onclick="toggleView('exception-view')">
<a id="nav-exception" class="dropdown-toggle" href="#">
<span class="ico"><i class="fa fa-bug"></i></span>
</a>
</li>
</ul>
</div>
</div>      <div class="vcontainer">
        <div class="main-content">
<div class="container-fluid p-4 view dashboard-view">
<div class="row">
<div class="col-md-3">
<div class="card"><div class="card-body">
<p class="m-b-0">Started</p>
<h3>Jan 2, 2024 11:00:13 pm</h3>
</div></div>
</div>
<div class="col-md-3">
<div class="card"><div class="card-body">
<p class="m-b-0">Ended</p>
<h3>Jan 2, 2024 11:02:10 pm</h3>
</div></div>
</div>
<div class="col-md-3">
<div class="card"><div class="card-body">
<p class="m-b-0 text-pass">Features Passed</p>
<h3>2</h3>
</div></div>
</div>
<div class="col-md-3">
<div class="card"><div class="card-body">
<p class="m-b-0 text-fail">Features Failed</p>
<h3>2</h3>
</div></div>
</div>
</div>
<div class="row">
<div class="col-md-4">
<div class="card">
<div class="card-header">
<h6 class="card-title">Features</h6>
</div>
<div class="card-body">
<div class="">
<canvas id='parent-analysis' width='115' height='90'></canvas>
</div>
</div>
<div class="card-footer">
<div><small data-tooltip='50%'>
<b>2</b> features passed
</small>
</div>
<div>
<small data-tooltip='50%'><b>2</b> features failed,
<b>0</b> skipped, <b data-tooltip='0%'>0</b> others
</small>
</div>
</div>
</div>
</div>
<div class="col-md-4">
<div class="card">
<div class="card-header">
<h6 class="card-title">Scenarios</h6>
</div>
<div class="card-body">
<div class="">
<canvas id='child-analysis' width='115' height='90'></canvas>
</div>
</div>
<div class="card-footer">
<div><small data-tooltip='50%'><b>2</b> scenarios passed</small></div>
<div>
<small data-tooltip='50%'><b>2</b> scenarios failed,
<b>0</b> skipped, <b data-tooltip='%'>0</b> others
</small>
</div>
</div>
</div>
</div>
<div class="col-md-4">
<div class="card">
<div class="card-header">
<h6 class="card-title">Steps</h6>
</div>
<div class="card-body">
<div class="">
<canvas id='grandchild-analysis' width='115' height='90'></canvas>
</div>
</div>
<div class="card-footer">
<div><small data-tooltip='33%'><b>23</b> steps passed</small></div>
<div>
<small data-tooltip='4%'><b>3</b> steps failed,
<b>42</b> skipped, <b data-tooltip='%'>0</b> others
</small>
</div>
</div>
</div>
</div>
</div>
<div class="row"><div class="col-md-12">
<div class="card"><div class="card-header"><p>Timeline</p></div>
<div class="card-body pt-0"><div>
<canvas id="timeline" height="120"></canvas>
</div></div>
</div>
</div></div>
<script>
var timeline = {
"Place Order: Register while Checkout":32.032,"Verify Scroll Up without 'Arrow' button and Scroll Down functionality":16.734,"Verify Test Cases Page":13.102,"Contact Us Form":49.212
};
</script>
<div class="row">
<div class="col-lg-6 col-md-12 category-container">
<div class="card">
<div class="card-header"><p>Tags</p></div>
<div class="card-body pb-0 pt-0"><table class="table table-sm table-bordered">
<thead><tr class="bg-gray"><th>Name</th><th>Passed</th><th>Failed</th><th>Skipped</th><th>Others</th><th>Passed %</th></tr></thead><tbody>
<tr>
<td>@Regression</td>
<td>2</td>
<td>2</td>
<td>0</td>
<td>0</td>
<td>50%</td>
</tr>
</tbody>
</table></div>
</div>
</div>
<div class="col-lg-6 col-md-12 sysenv-container">
<div class="card">
<div class="card-header"><p>System/Environment</p></div>
<div class="card-body pb-0 pt-0"><table class="table table-sm table-bordered">
<thead><tr class="bg-gray"><th>Name</th><th>Value</th></tr></thead>
<tbody>
<tr>
<td>Engineer</td>
<td>rutvisha Patel</td>
</tr>
<tr>
<td>Project</td>
<td>Automation Exercise</td>
</tr>
<tr>
<td>os</td>
<td>Windows</td>
</tr>
</tbody>
</table></div>
</div>
</div>
</div>
</div>
<script>
var statusGroup = {
parentCount: 5,
passParent: 2,
failParent: 2,
warningParent: 0,
skipParent: 0,
childCount: 5,
passChild: 2,
failChild: 2,
warningChild: 0,
skipChild: 0,
infoChild: 0,
grandChildCount: 5,
passGrandChild: 23,
failGrandChild: 3,
warningGrandChild: 0,
skipGrandChild: 42,
infoGrandChild: 0,
eventsCount: 5,
};
</script><div class="test-wrapper row view test-view">
  <div class="test-list">
    <div class="test-list-tools">
<ul class="tools pull-left">
<li><a href="#"><span class="font-size-14">Tests</span></a></li>
</ul>
<ul class="tools text-right">
<li class="dropdown">
<a href="#" class="dropdown-toggle" data-toggle="dropdown"><i class="fa fa-exclamation-circle"></i></a>
<ul id="status-toggle" class="dropdown-menu dropdown-md p-v-0">
<a class="dropdown-item" status="pass" href="#"><span>Pass</span><span class="status success"></span></a>
<a class="dropdown-item" status="fail" href="#"><span>Fail</span><span class="status danger"></span></a>
<div class="dropdown-divider"></div>
<a status="clear" class="dropdown-item" href="#"><span>Clear</span><span class="pull-right"><i class="fa fa-close"></i></span></a>
</ul>
</li>
<li class="dropdown">
<a href="#" class="dropdown-toggle" data-toggle="dropdown"><i class="fa fa-tag"></i></a>
<ul id="tag-toggle" class="dropdown-menu dropdown-md p-v-0">
<a class="dropdown-item" href="#">@Regression</a>
</ul>
</li>
</ul>
</div>    <div class="test-list-wrapper scrollable">
      <ul class="test-list-item">
        <li class="test-item"  status="fail" test-id="1"
          author=""
          tag=""
          device="">
          <div class="test-detail">
            <p class="name">Place Order: Register while Checkout</p>
            <p class="text-sm">
              <span>23:00:19</span> / <span>00:00:32:032</span>
              <span class="badge fail-bg log float-right">Fail</span>
            </p>
          </div>
          <div class="test-contents d-none">
<div class="detail-head">
<div class="p-v-10">
<div class="info">
<h5 class="test-status text-fail">Place Order: Register while Checkout</h5>
<span class='badge badge-success'>01.02.2024 23:00:19</span>
<span class='badge badge-danger'>01.02.2024 23:00:51</span>
<span class='badge badge-default'>00:00:32:032</span>
&middot; <span class='uri-anchor badge badge-default'>#test-id=1</span>
<span class='badge badge-default pointer float-right ml-1 et'><i class="fa fa-chevron-down"></i></span>
<span class='badge badge-default pointer float-right ct'><i class="fa fa-chevron-up"></i></span>
</div>
<div class="m-t-10 m-l-5"></div>
</div>
</div>
<div class="accordion mt-4">
  <div class="card">
    <div class="card-header" role="tab">
      <div class="card-title">
        <div class="node" id="2"><span class="badge log fail-bg mr-2">Fail</span>Register while Checkout</div>
          <div class="status-avatar float-right mr-4">
            <i class="fa fa-paperclip"></i>
          </div>
      </div>
    </div>
        <div class="">
          <div class="card-body">
              <div class="step pass-bg" title="com.automationexercise.steps.RegisterUser.theUserIsOnTheHomePage()">
                <span>Given The user is on the home page</span>
      <div>
      </div>
              </div>
              <div class="step pass-bg" title="com.automationexercise.steps.AddProductsInCart.theUserHoversOverFirstProductAndClicksAddToCart()">
                <span>When The user hovers over first product and clicks Add to cart</span>
      <div>
      </div>
              </div>
              <div class="step fail-bg" title="com.automationexercise.steps.AddProductsInCart.theUserClicksContinueShoppingButton()">
                <span>And The user clicks Continue Shopping button</span>
      <div>
        <textarea disabled class="code-block">org.openqa.selenium.ElementNotInteractableException: element not interactable
  (Session info: chrome=120.0.6099.130)
Build info: version: '4.16.0', revision: '15400459dd*'
System info: os.name: 'Windows 11', os.arch: 'amd64', os.version: '10.0', java.version: '17.0.8'
Driver info: org.openqa.selenium.chrome.ChromeDriver
Command: [44dee82ea073e4e1b4ef0631c70a0d1e, clickElement {id=55F9F21F8CE430673C969E768169C37A_element_64}]
Capabilities {acceptInsecureCerts: false, browserName: chrome, browserVersion: 120.0.6099.130, chrome: {chromedriverVersion: 120.0.6099.109 (3419140ab66..., userDataDir: C:\Users\sneha\AppData\Loca...}, fedcm:accounts: true, goog:chromeOptions: {debuggerAddress: localhost:52383}, networkConnectionEnabled: false, pageLoadStrategy: normal, platformName: windows, proxy: Proxy(), se:cdp: ws://localhost:52383/devtoo..., se:cdpVersion: 120.0.6099.130, setWindowRect: true, strictFileInteractability: false, timeouts: {implicit: 0, pageLoad: 300000, script: 30000}, unhandledPromptBehavior: dismiss and notify, webauthn:extension:credBlob: true, webauthn:extension:largeBlob: true, webauthn:extension:minPinLength: true, webauthn:extension:prf: true, webauthn:virtualAuthenticators: true}
Element: [[ChromeDriver: chrome on windows (44dee82ea073e4e1b4ef0631c70a0d1e)] -> xpath: //button[normalize-space()='Continue Shopping']]
Session ID: 44dee82ea073e4e1b4ef0631c70a0d1e
	at java.base/jdk.internal.reflect.NativeConstructorAccessorImpl.newInstance0(Native Method)
	at java.base/jdk.internal.reflect.NativeConstructorAccessorImpl.newInstance(NativeConstructorAccessorImpl.java:77)
	at java.base/jdk.internal.reflect.DelegatingConstructorAccessorImpl.newInstance(DelegatingConstructorAccessorImpl.java:45)
	at java.base/java.lang.reflect.Constructor.newInstanceWithCaller(Constructor.java:499)
	at java.base/java.lang.reflect.Constructor.newInstance(Constructor.java:480)
	at org.openqa.selenium.remote.codec.w3c.W3CHttpResponseCodec.createException(W3CHttpResponseCodec.java:200)
	at org.openqa.selenium.remote.codec.w3c.W3CHttpResponseCodec.decode(W3CHttpResponseCodec.java:133)
	at org.openqa.selenium.remote.codec.w3c.W3CHttpResponseCodec.decode(W3CHttpResponseCodec.java:52)
	at org.openqa.selenium.remote.HttpCommandExecutor.execute(HttpCommandExecutor.java:191)
	at org.openqa.selenium.remote.service.DriverCommandExecutor.invokeExecute(DriverCommandExecutor.java:200)
	at org.openqa.selenium.remote.service.DriverCommandExecutor.execute(DriverCommandExecutor.java:175)
	at org.openqa.selenium.remote.RemoteWebDriver.execute(RemoteWebDriver.java:523)
	at org.openqa.selenium.remote.RemoteWebElement.execute(RemoteWebElement.java:224)
	at org.openqa.selenium.remote.RemoteWebElement.click(RemoteWebElement.java:77)
	at java.base/jdk.internal.reflect.NativeMethodAccessorImpl.invoke0(Native Method)
	at java.base/jdk.internal.reflect.NativeMethodAccessorImpl.invoke(NativeMethodAccessorImpl.java:77)
	at java.base/jdk.internal.reflect.DelegatingMethodAccessorImpl.invoke(DelegatingMethodAccessorImpl.java:43)
	at java.base/java.lang.reflect.Method.invoke(Method.java:568)
	at org.openqa.selenium.support.pagefactory.internal.LocatingElementHandler.invoke(LocatingElementHandler.java:51)
	at jdk.proxy2/jdk.proxy2.$Proxy29.click(Unknown Source)
	at com.automationexercise.utility.Utility.clickOnElement(Utility.java:50)
	at com.automationexercise.pages.ProductsPage.clickContinueShoppingButton(ProductsPage.java:211)
	at com.automationexercise.steps.AddProductsInCart.theUserClicksContinueShoppingButton(AddProductsInCart.java:17)
	at ✽.The user clicks Continue Shopping button(file:///C:/Users/sneha/IdeaProjects/rutvisha-week16-automationexercise/src/test/resources/features/%20Register%20while%20Checkout.feature:10)
</textarea>
      
      </div>
              </div>
              <div class="step skip-bg" title="com.automationexercise.steps.AddProductsInCart.theUserHoversOverSecondProductAndClicksAddToCart()">
                <span>And The user hovers over second product and clicks Add to cart</span>
      <div>Step skipped
      </div>
              </div>
              <div class="step skip-bg" title="com.automationexercise.steps.AddProductsInCart.theUserClicksContinueShoppingButton()">
                <span>And The user clicks Continue Shopping button</span>
      <div>Step skipped
      </div>
              </div>
              <div class="step skip-bg" title="com.automationexercise.steps.VerifySubscriptionInCartPage.theUserClicksCartMenuButton()">
                <span>And The user clicks Cart menu button</span>
      <div>Step skipped
      </div>
              </div>
              <div class="step skip-bg" title="com.automationexercise.steps.RemoveProductsFromCart.verifyThatCartPageIsDisplayed()">
                <span>Then Verify that cart page is displayed</span>
      <div>Step skipped
      </div>
              </div>
              <div class="step skip-bg" title="com.automationexercise.steps.VerifyAddressDetailsInCheckoutPage.theUserClicksProceedToCheckoutButton()">
                <span>When The user clicks Proceed To Checkout button</span>
      <div>Step skipped
      </div>
              </div>
              <div class="step skip-bg" title="com.automationexercise.steps.DownloadInvoiceAfterPurchaseOrder.theUserClicksRegisterLoginButton()">
                <span>And The user clicks Register-Login button</span>
      <div>Step skipped
      </div>
              </div>
              <div class="step skip-bg" title="com.automationexercise.steps.RegisterUser.theUserEntersName(java.lang.String)">
                <span>And The user enters name "rutu"</span>
      <div>Step skipped
      </div>
              </div>
              <div class="step skip-bg" title="com.automationexercise.steps.RegisterUser.theUserEntersEmail(java.lang.String)">
                <span>And The user enters email "rutvishapatel20@gmail.com"</span>
      <div>Step skipped
      </div>
              </div>
              <div class="step skip-bg" title="com.automationexercise.steps.RegisterUser.theUserClicksSignupButton()">
                <span>And The user clicks Signup button</span>
      <div>Step skipped
      </div>
              </div>
              <div class="step skip-bg" title="com.automationexercise.steps.RegisterUser.userSelectsMr()">
                <span>When User selects Mr</span>
      <div>Step skipped
      </div>
              </div>
              <div class="step skip-bg" title="com.automationexercise.steps.RegisterUser.userEntersPassword(java.lang.String)">
                <span>When User Enters Password "rutu12345"</span>
      <div>Step skipped
      </div>
              </div>
              <div class="step skip-bg" title="com.automationexercise.steps.RegisterUser.userSelectsDay(java.lang.String)">
                <span>When User Selects Day "15"</span>
      <div>Step skipped
      </div>
              </div>
              <div class="step skip-bg" title="com.automationexercise.steps.RegisterUser.userSelectsMonth(java.lang.String)">
                <span>When User Selects Month "april"</span>
      <div>Step skipped
      </div>
              </div>
              <div class="step skip-bg" title="com.automationexercise.steps.RegisterUser.userSelectsYear(java.lang.String)">
                <span>When User Selects Year "2008"</span>
      <div>Step skipped
      </div>
              </div>
              <div class="step skip-bg" title="com.automationexercise.steps.RegisterUser.userEntersFirstName(java.lang.String)">
                <span>When User Enters First Name "rutu"</span>
      <div>Step skipped
      </div>
              </div>
              <div class="step skip-bg" title="com.automationexercise.steps.RegisterUser.userEntersLastName(java.lang.String)">
                <span>When User Enters Last Name "Patel"</span>
      <div>Step skipped
      </div>
              </div>
              <div class="step skip-bg" title="com.automationexercise.steps.RegisterUser.userEntersAddress(java.lang.String)">
                <span>When User Enters Address "292 london Road"</span>
      <div>Step skipped
      </div>
              </div>
              <div class="step skip-bg" title="com.automationexercise.steps.RegisterUser.userEntersCountry(java.lang.String)">
                <span>When User Enters Country "India"</span>
      <div>Step skipped
      </div>
              </div>
              <div class="step skip-bg" title="com.automationexercise.steps.RegisterUser.userEntersState(java.lang.String)">
                <span>When User Enters State "Gujarat"</span>
      <div>Step skipped
      </div>
              </div>
              <div class="step skip-bg" title="com.automationexercise.steps.RegisterUser.userEntersCity(java.lang.String)">
                <span>When User Enters City "nadiad"</span>
      <div>Step skipped
      </div>
              </div>
              <div class="step skip-bg" title="com.automationexercise.steps.RegisterUser.userEntersZipcode(java.lang.String)">
                <span>When User Enters Zipcode "sl38ax"</span>
      <div>Step skipped
      </div>
              </div>
              <div class="step skip-bg" title="com.automationexercise.steps.RegisterUser.userEntersMobile(java.lang.String)">
                <span>When User Enters Mobile "12345694598"</span>
      <div>Step skipped
      </div>
              </div>
              <div class="step skip-bg" title="com.automationexercise.steps.RegisterUser.theUserClicksCreateAccountButton()">
                <span>And The user clicks Create Account button</span>
      <div>Step skipped
      </div>
              </div>
              <div class="step skip-bg" title="com.automationexercise.steps.RegisterUser.verifyThatACCOUNTCREATEDIsVisible()">
                <span>Then Verify that ACCOUNT CREATED! is visible</span>
      <div>Step skipped
      </div>
              </div>
              <div class="step skip-bg" title="com.automationexercise.steps.RegisterUser.theUserClicksContinueButton()">
                <span>When The user clicks Continue button</span>
      <div>Step skipped
      </div>
              </div>
              <div class="step skip-bg" title="com.automationexercise.steps.RegisterUser.verifyThatLoggedInAsUsernameIsVisible()">
                <span>And Verify that Logged in as username is visible</span>
      <div>Step skipped
      </div>
              </div>
              <div class="step skip-bg" title="com.automationexercise.steps.VerifySubscriptionInCartPage.theUserClicksCartMenuButton()">
                <span>When The user clicks Cart menu button</span>
      <div>Step skipped
      </div>
              </div>
              <div class="step skip-bg" title="com.automationexercise.steps.VerifyAddressDetailsInCheckoutPage.theUserClicksProceedToCheckoutButton()">
                <span>And The user clicks Proceed To Checkout button</span>
      <div>Step skipped
      </div>
              </div>
              <div class="step skip-bg" title="com.automationexercise.steps.VerifyAddressDetailsInCheckoutPage.verifyThatTheDeliveryAddressIsSameAddressFilledAtTheTimeRegistrationOfAccount()">
                <span>Then Verify that the delivery address is same address filled at the time registration of account</span>
      <div>Step skipped
      </div>
              </div>
              <div class="step skip-bg" title="com.automationexercise.steps.VerifyAddressDetailsInCheckoutPage.verifyThatTheBillingAddressIsSameAddressFilledAtTheTimeRegistrationOfAccount()">
                <span>And Verify that the billing address is same address filled at the time registration of account</span>
      <div>Step skipped
      </div>
              </div>
              <div class="step skip-bg" title="com.automationexercise.steps.DownloadInvoiceAfterPurchaseOrder.theUserEntersDescriptionInCommentTextArea(java.lang.String)">
                <span>When The user enters description in comment text area "thanks"</span>
      <div>Step skipped
      </div>
              </div>
              <div class="step skip-bg" title="com.automationexercise.steps.DownloadInvoiceAfterPurchaseOrder.clickPlaceOrderButton()">
                <span>And Click Place Order button</span>
      <div>Step skipped
      </div>
              </div>
              <div class="step skip-bg" title="com.automationexercise.steps.DownloadInvoiceAfterPurchaseOrder.theUserEntersPaymentDetailsNameOnCard(java.lang.String)">
                <span>And The user enters payment details Name on Card "rutvishapatel"</span>
      <div>Step skipped
      </div>
              </div>
              <div class="step skip-bg" title="com.automationexercise.steps.DownloadInvoiceAfterPurchaseOrder.theUserEntersPaymentDetailsCardNumber(java.lang.String)">
                <span>And The user enters payment details Card Number "1234567891234567"</span>
      <div>Step skipped
      </div>
              </div>
              <div class="step skip-bg" title="com.automationexercise.steps.DownloadInvoiceAfterPurchaseOrder.theUserEntersPaymentDetailsCVC(java.lang.String)">
                <span>And The user enters payment details CVC "311"</span>
      <div>Step skipped
      </div>
              </div>
              <div class="step skip-bg" title="com.automationexercise.steps.DownloadInvoiceAfterPurchaseOrder.theUserEntersPaymentDetailsExpirationMonth(java.lang.String)">
                <span>And The user enters payment details Expiration month "11"</span>
      <div>Step skipped
      </div>
              </div>
              <div class="step skip-bg" title="com.automationexercise.steps.DownloadInvoiceAfterPurchaseOrder.theUserEntersPaymentDetailsExpirationYear(java.lang.String)">
                <span>And The user enters payment details Expiration year "2024"</span>
      <div>Step skipped
      </div>
              </div>
              <div class="step skip-bg" title="com.automationexercise.steps.DownloadInvoiceAfterPurchaseOrder.theUserClicksPayAndConfirmOrderButton()">
                <span>When The user clicks Pay and Confirm Order button</span>
      <div>Step skipped
      </div>
              </div>
              <div class="step skip-bg" title="com.automationexercise.steps.PlaceOrderRegisterWhileCheckout.verifySuccessMessageYourOrderHasBeenPlacedSuccessfully()">
                <span>Then Verify success message Your order has been placed successfully!</span>
      <div>Step skipped
      </div>
              </div>
              <div class="step skip-bg" title="com.automationexercise.steps.RegisterUser.theUserClicksDeleteAccountButton()">
                <span>And The user clicks Delete Account button</span>
      <div>Step skipped
      </div>
              </div>
              <div class="step skip-bg" title="com.automationexercise.steps.RegisterUser.verifyThatACCOUNTDELETEDIsVisible()">
                <span>Then Verify that ACCOUNT DELETED is visible</span>
      <div>Step skipped
      </div>
              </div>
              <div class="step skip-bg" title="com.automationexercise.steps.RegisterUser.theUserClicksOtherContinueButton()">
                <span>And The user clicks Other Continue button</span>
      <div>Step skipped
      </div>
              </div>
              <div class="step pass-bg" title="AFTER">
                <span>com.automationexercise.steps.Hooks.tearDown(io.cucumber.java.Scenario)</span>
      <div>Register while Checkout
          <div class="row mb-3"><div class="col-md-3">
<img data-featherlight='../screenshots/embedded1.png' src="../screenshots/embedded1.png">
    
    </div></div>
</div>
      <div>
      </div>
              </div>
          </div>
        </div>
  </div>
</div>
          </div>
        </li>
        <li class="test-item"  status="pass" test-id="50"
          author=""
          tag=""
          device="">
          <div class="test-detail">
            <p class="name">Verify Scroll Up without 'Arrow' button and Scroll Down functionality</p>
            <p class="text-sm">
              <span>23:00:51</span> / <span>00:00:16:734</span>
              <span class="badge pass-bg log float-right">Pass</span>
            </p>
          </div>
          <div class="test-contents d-none">
<div class="detail-head">
<div class="p-v-10">
<div class="info">
<h5 class="test-status text-pass">Verify Scroll Up without 'Arrow' button and Scroll Down functionality</h5>
<span class='badge badge-success'>01.02.2024 23:00:51</span>
<span class='badge badge-danger'>01.02.2024 23:01:08</span>
<span class='badge badge-default'>00:00:16:734</span>
&middot; <span class='uri-anchor badge badge-default'>#test-id=50</span>
<span class='badge badge-default pointer float-right ml-1 et'><i class="fa fa-chevron-down"></i></span>
<span class='badge badge-default pointer float-right ct'><i class="fa fa-chevron-up"></i></span>
</div>
<div class="m-t-10 m-l-5"></div>
</div>
</div>
<div class="accordion mt-4">
  <div class="card">
    <div class="card-header" role="tab">
      <div class="card-title">
        <div class="node" id="51"><span class="badge log pass-bg mr-2">Pass</span>Verify Scroll Up without Arrow button and Scroll Down functionality</div>
      </div>
    </div>
        <div class="collapse">
          <div class="card-body">
              <div class="step pass-bg" title="com.automationexercise.steps.RegisterUser.theUserIsOnTheHomePage()">
                <span>Given The user is on the home page</span>
      <div>
      </div>
              </div>
              <div class="step pass-bg" title="com.automationexercise.steps.VerifySubscriptionInHomePage.theUserScrollsDownToFooter()">
                <span>When The user scrolls down to footer</span>
      <div>
      </div>
              </div>
              <div class="step pass-bg" title="com.automationexercise.steps.VerifySubscriptionInHomePage.verifyTextSUBSCRIPTION()">
                <span>Then Verify text SUBSCRIPTION</span>
      <div>
      </div>
              </div>
              <div class="step pass-bg" title="com.automationexercise.steps.VerifyScrollUpwithoutArrowButtonAndScrollDownFunctionality.theUserScrollsUpToTop()">
                <span>When The user scrolls up to top</span>
      <div>
      </div>
              </div>
              <div class="step pass-bg" title="com.automationexercise.steps.VerifyScrollUpUsingArrowButtonAndScrollDownfunctionality.verifyThatPageIsScrolledUpAndFullFledgedPracticeWebsiteForAutomationEngineersTextIsVisibleOnScreen()">
                <span>Then Verify that page is scrolled up and Full-Fledged practice website for Automation Engineers text is visible on screen</span>
      <div>
      </div>
              </div>
          </div>
        </div>
  </div>
</div>
          </div>
        </li>
        <li class="test-item"  status="pass" test-id="59"
          author=""
          tag=""
          device="">
          <div class="test-detail">
            <p class="name">Verify Test Cases Page</p>
            <p class="text-sm">
              <span>23:01:08</span> / <span>00:00:13:102</span>
              <span class="badge pass-bg log float-right">Pass</span>
            </p>
          </div>
          <div class="test-contents d-none">
<div class="detail-head">
<div class="p-v-10">
<div class="info">
<h5 class="test-status text-pass">Verify Test Cases Page</h5>
<span class='badge badge-success'>01.02.2024 23:01:08</span>
<span class='badge badge-danger'>01.02.2024 23:01:21</span>
<span class='badge badge-default'>00:00:13:102</span>
&middot; <span class='uri-anchor badge badge-default'>#test-id=59</span>
<span class='badge badge-default pointer float-right ml-1 et'><i class="fa fa-chevron-down"></i></span>
<span class='badge badge-default pointer float-right ct'><i class="fa fa-chevron-up"></i></span>
</div>
<div class="m-t-10 m-l-5"></div>
</div>
</div>
<div class="accordion mt-4">
  <div class="card">
    <div class="card-header" role="tab">
      <div class="card-title">
        <div class="node" id="60"><span class="badge log pass-bg mr-2">Pass</span>TC07 Verify Test Cases Page</div>
      </div>
    </div>
        <div class="collapse">
          <div class="card-body">
              <div class="step pass-bg" title="com.automationexercise.steps.RegisterUser.theUserIsOnTheHomePage()">
                <span>Given The user is on the home page</span>
      <div>
      </div>
              </div>
              <div class="step pass-bg" title="com.automationexercise.steps.VerifyTestCasesPage.theUserClicksTestCasesMenuButton()">
                <span>When The user clicks Test Cases menu button</span>
      <div>
      </div>
              </div>
              <div class="step pass-bg" title="com.automationexercise.steps.VerifyTestCasesPage.verifyUserIsNavigatedToTestCasesPageSuccessfully()">
                <span>Then Verify user is navigated to test cases page successfully</span>
      <div>
      </div>
              </div>
          </div>
        </div>
  </div>
</div>
          </div>
        </li>
        <li class="test-item"  status="fail" test-id="66"
          author=""
          tag=""
          device="">
          <div class="test-detail">
            <p class="name">Contact Us Form</p>
            <p class="text-sm">
              <span>23:01:21</span> / <span>00:00:49:212</span>
              <span class="badge fail-bg log float-right">Fail</span>
            </p>
          </div>
          <div class="test-contents d-none">
<div class="detail-head">
<div class="p-v-10">
<div class="info">
<h5 class="test-status text-fail">Contact Us Form</h5>
<span class='badge badge-success'>01.02.2024 23:01:21</span>
<span class='badge badge-danger'>01.02.2024 23:02:10</span>
<span class='badge badge-default'>00:00:49:212</span>
&middot; <span class='uri-anchor badge badge-default'>#test-id=66</span>
<span class='badge badge-default pointer float-right ml-1 et'><i class="fa fa-chevron-down"></i></span>
<span class='badge badge-default pointer float-right ct'><i class="fa fa-chevron-up"></i></span>
</div>
<div class="m-t-10 m-l-5"></div>
</div>
</div>
<div class="accordion mt-4">
  <div class="card">
    <div class="card-header" role="tab">
      <div class="card-title">
        <div class="node" id="67"><span class="badge log fail-bg mr-2">Fail</span>Contact Us Form</div>
      </div>
    </div>
        <div class="">
          <div class="card-body">
              <div class="step pass-bg" title="com.automationexercise.steps.RegisterUser.theUserIsOnTheHomePage()">
                <span>Given The user is on the home page</span>
      <div>
      </div>
              </div>
              <div class="step pass-bg" title="com.automationexercise.steps.ContactUsForm.theUserClicksContactUsMenuButton()">
                <span>When The user clicks Contact us menu button</span>
      <div>
      </div>
              </div>
              <div class="step pass-bg" title="com.automationexercise.steps.ContactUsForm.verifyGETINTOUCHIsVisible()">
                <span>Then Verify GET IN TOUCH is visible</span>
      <div>
      </div>
              </div>
              <div class="step pass-bg" title="com.automationexercise.steps.RegisterUser.theUserEntersName(java.lang.String)">
                <span>When The user enters name "rutu"</span>
      <div>
      </div>
              </div>
              <div class="step pass-bg" title="com.automationexercise.steps.ContactUsForm.theUserEntersContactEmail(java.lang.String)">
                <span>When The user enters contact email "rutvishapatel20@gmail.com"</span>
      <div>
      </div>
              </div>
              <div class="step pass-bg" title="com.automationexercise.steps.ContactUsForm.theUserEntersSubject(java.lang.String)">
                <span>When The user enters subject "subject"</span>
      <div>
      </div>
              </div>
              <div class="step pass-bg" title="com.automationexercise.steps.ContactUsForm.theUserEntersMessage(java.lang.String)">
                <span>When The user enters message "message"</span>
      <div>
      </div>
              </div>
              <div class="step pass-bg" title="com.automationexercise.steps.ContactUsForm.theUserUploadsFile()">
                <span>And The user uploads file</span>
      <div>
      </div>
              </div>
              <div class="step pass-bg" title="com.automationexercise.steps.ContactUsForm.theUserClicksSubmitButton()">
                <span>And The User clicks Submit button</span>
      <div>
      </div>
              </div>
              <div class="step pass-bg" title="com.automationexercise.steps.ContactUsForm.theUserClicksOKButton()">
                <span>And The user clicks OK button</span>
      <div>
      </div>
              </div>
              <div class="step pass-bg" title="com.automationexercise.steps.ContactUsForm.verifySuccessMessageSuccessYourDetailsHaveBeenSubmittedSuccessfullyIsVisible()">
                <span>Then Verify success message Success Your details have been submitted successfully is visible</span>
      <div>
      </div>
              </div>
              <div class="step pass-bg" title="com.automationexercise.steps.ContactUsForm.theUserClicksHomeButton()">
                <span>When The user clicks Home button</span>
      <div>
      </div>
              </div>
              <div class="step fail-bg" title="com.automationexercise.steps.ContactUsForm.verifyThatLandedToHomePageSuccessfully()">
                <span>Then Verify that landed to home page successfully</span>
      <div>
        <textarea disabled class="code-block">org.openqa.selenium.NoSuchWindowException: no such window: target window already closed
from unknown error: web view not found
  (Session info: chrome=120.0.6099.130)
Build info: version: '4.16.0', revision: '15400459dd*'
System info: os.name: 'Windows 11', os.arch: 'amd64', os.version: '10.0', java.version: '17.0.8'
Driver info: org.openqa.selenium.chrome.ChromeDriver
Command: [c559fe2c945e6999175c0f2bbf0234e0, getElementText {id=F5B9972403B13785C655CE8B3F96951B_element_117}]
Capabilities {acceptInsecureCerts: false, browserName: chrome, browserVersion: 120.0.6099.130, chrome: {chromedriverVersion: 120.0.6099.109 (3419140ab66..., userDataDir: C:\Users\sneha\AppData\Loca...}, fedcm:accounts: true, goog:chromeOptions: {debuggerAddress: localhost:52596}, networkConnectionEnabled: false, pageLoadStrategy: normal, platformName: windows, proxy: Proxy(), se:cdp: ws://localhost:52596/devtoo..., se:cdpVersion: 120.0.6099.130, setWindowRect: true, strictFileInteractability: false, timeouts: {implicit: 0, pageLoad: 300000, script: 30000}, unhandledPromptBehavior: dismiss and notify, webauthn:extension:credBlob: true, webauthn:extension:largeBlob: true, webauthn:extension:minPinLength: true, webauthn:extension:prf: true, webauthn:virtualAuthenticators: true}
Element: [[ChromeDriver: chrome on windows (c559fe2c945e6999175c0f2bbf0234e0)] -> xpath: //div[@class='item active']//span[1]]
Session ID: c559fe2c945e6999175c0f2bbf0234e0
	at java.base/jdk.internal.reflect.NativeConstructorAccessorImpl.newInstance0(Native Method)
	at java.base/jdk.internal.reflect.NativeConstructorAccessorImpl.newInstance(NativeConstructorAccessorImpl.java:77)
	at java.base/jdk.internal.reflect.DelegatingConstructorAccessorImpl.newInstance(DelegatingConstructorAccessorImpl.java:45)
	at java.base/java.lang.reflect.Constructor.newInstanceWithCaller(Constructor.java:499)
	at java.base/java.lang.reflect.Constructor.newInstance(Constructor.java:480)
	at org.openqa.selenium.remote.codec.w3c.W3CHttpResponseCodec.createException(W3CHttpResponseCodec.java:200)
	at org.openqa.selenium.remote.codec.w3c.W3CHttpResponseCodec.decode(W3CHttpResponseCodec.java:133)
	at org.openqa.selenium.remote.codec.w3c.W3CHttpResponseCodec.decode(W3CHttpResponseCodec.java:52)
	at org.openqa.selenium.remote.HttpCommandExecutor.execute(HttpCommandExecutor.java:191)
	at org.openqa.selenium.remote.service.DriverCommandExecutor.invokeExecute(DriverCommandExecutor.java:200)
	at org.openqa.selenium.remote.service.DriverCommandExecutor.execute(DriverCommandExecutor.java:175)
	at org.openqa.selenium.remote.RemoteWebDriver.execute(RemoteWebDriver.java:523)
	at org.openqa.selenium.remote.RemoteWebElement.execute(RemoteWebElement.java:224)
	at org.openqa.selenium.remote.RemoteWebElement.getText(RemoteWebElement.java:192)
	at java.base/jdk.internal.reflect.NativeMethodAccessorImpl.invoke0(Native Method)
	at java.base/jdk.internal.reflect.NativeMethodAccessorImpl.invoke(NativeMethodAccessorImpl.java:77)
	at java.base/jdk.internal.reflect.DelegatingMethodAccessorImpl.invoke(DelegatingMethodAccessorImpl.java:43)
	at java.base/java.lang.reflect.Method.invoke(Method.java:568)
	at org.openqa.selenium.support.pagefactory.internal.LocatingElementHandler.invoke(LocatingElementHandler.java:51)
	at jdk.proxy2/jdk.proxy2.$Proxy29.getText(Unknown Source)
	at com.automationexercise.utility.Utility.getTextFromElement(Utility.java:61)
	at com.automationexercise.pages.ContactUsPage.verifyHomePageAutomationText(ContactUsPage.java:64)
	at com.automationexercise.steps.ContactUsForm.verifyThatLandedToHomePageSuccessfully(ContactUsForm.java:64)
	at ✽.Verify that landed to home page successfully(file:///C:/Users/sneha/IdeaProjects/rutvisha-week16-automationexercise/src/test/resources/features/Contact%20Us%20Form.feature:19)
</textarea>
      
      </div>
              </div>
              <div class="step fail-bg" title="AFTER">
                <span>com.automationexercise.steps.Hooks.tearDown(io.cucumber.java.Scenario)</span>
      <div>
        <textarea disabled class="code-block">org.openqa.selenium.NoSuchWindowException: no such window: target window already closed
from unknown error: web view not found
  (Session info: chrome=120.0.6099.130)
Build info: version: '4.16.0', revision: '15400459dd*'
System info: os.name: 'Windows 11', os.arch: 'amd64', os.version: '10.0', java.version: '17.0.8'
Driver info: org.openqa.selenium.chrome.ChromeDriver
Command: [c559fe2c945e6999175c0f2bbf0234e0, screenshot {}]
Capabilities {acceptInsecureCerts: false, browserName: chrome, browserVersion: 120.0.6099.130, chrome: {chromedriverVersion: 120.0.6099.109 (3419140ab66..., userDataDir: C:\Users\sneha\AppData\Loca...}, fedcm:accounts: true, goog:chromeOptions: {debuggerAddress: localhost:52596}, networkConnectionEnabled: false, pageLoadStrategy: normal, platformName: windows, proxy: Proxy(), se:cdp: ws://localhost:52596/devtoo..., se:cdpVersion: 120.0.6099.130, setWindowRect: true, strictFileInteractability: false, timeouts: {implicit: 0, pageLoad: 300000, script: 30000}, unhandledPromptBehavior: dismiss and notify, webauthn:extension:credBlob: true, webauthn:extension:largeBlob: true, webauthn:extension:minPinLength: true, webauthn:extension:prf: true, webauthn:virtualAuthenticators: true}
Session ID: c559fe2c945e6999175c0f2bbf0234e0
	at java.base/jdk.internal.reflect.NativeConstructorAccessorImpl.newInstance0(Native Method)
	at java.base/jdk.internal.reflect.NativeConstructorAccessorImpl.newInstance(NativeConstructorAccessorImpl.java:77)
	at java.base/jdk.internal.reflect.DelegatingConstructorAccessorImpl.newInstance(DelegatingConstructorAccessorImpl.java:45)
	at java.base/java.lang.reflect.Constructor.newInstanceWithCaller(Constructor.java:499)
	at java.base/java.lang.reflect.Constructor.newInstance(Constructor.java:480)
	at org.openqa.selenium.remote.codec.w3c.W3CHttpResponseCodec.createException(W3CHttpResponseCodec.java:200)
	at org.openqa.selenium.remote.codec.w3c.W3CHttpResponseCodec.decode(W3CHttpResponseCodec.java:133)
	at org.openqa.selenium.remote.codec.w3c.W3CHttpResponseCodec.decode(W3CHttpResponseCodec.java:52)
	at org.openqa.selenium.remote.HttpCommandExecutor.execute(HttpCommandExecutor.java:191)
	at org.openqa.selenium.remote.service.DriverCommandExecutor.invokeExecute(DriverCommandExecutor.java:200)
	at org.openqa.selenium.remote.service.DriverCommandExecutor.execute(DriverCommandExecutor.java:175)
	at org.openqa.selenium.remote.RemoteWebDriver.execute(RemoteWebDriver.java:523)
	at org.openqa.selenium.remote.RemoteWebDriver.execute(RemoteWebDriver.java:596)
	at org.openqa.selenium.remote.RemoteWebDriver.execute(RemoteWebDriver.java:600)
	at org.openqa.selenium.remote.RemoteWebDriver.getScreenshotAs(RemoteWebDriver.java:326)
	at com.automationexercise.utility.Utility.getScreenShot(Utility.java:351)
	at com.automationexercise.steps.Hooks.tearDown(Hooks.java:18)
</textarea>
      
      </div>
              </div>
          </div>
        </div>
  </div>
</div>
          </div>
        </li>
      </ul>
    </div>
  </div>
<div class="test-content scrollable">
<div class="test-content-tools">
<ul><li><a class="back-to-test" href="#"><i class="fa fa-arrow-left"></i></a></li></ul>
</div>
<div class="test-content-detail"><div class="detail-body"></div></div>
</div></div>
<div class="test-wrapper row view category-view attributes-view">
<div class="test-list">
<div class="test-list-tools">
<ul class="tools pull-left"><li><a href=""><span class="font-size-14">Category</span></a></li></ul>
<ul class="tools text-right"><li><a href="#"><span class="badge badge-primary">1</span></a></li></ul>
</div>
<div class="test-list-wrapper scrollable">
<ul class="test-list-item">
<li class="test-item">
<div class="test-detail">
<span class="meta">
<span class='badge log pass-bg'>2</span>
<span class='badge log badge-danger'>2</span>
</span>
<p class="name">@Regression</p>
<p class="duration text-sm">4 tests</p>
</div>
<div class="test-contents d-none">
<div class="info">
<h4>@Regression</h4>
<span status="pass" class='badge log pass-bg'>2 passed</span>
<span status="fail" class='badge log badge-danger'>2 failed</span>
</div>
<table class='table table-sm mt-4'>
<thead>
<tr>
<th class="status-col">Status</th>
<th class="timestamp-col">Timestamp</th>
<th>TestName</th>
</tr>
</thead>
<tbody>
<tr class="tag-test-status" status="fail">
<td><span class="badge log fail-bg">Fail</span></td>
<td>23:00:19 pm</td>
<td>
<a href="#" class="linked" test-id='1' id='2'>Register while Checkout</a>
<div class="">
<span class="badge badge-default">Place Order: Register while Checkout.Register while Checkout</span>
</div>
</td>
</tr>
<tr class="tag-test-status" status="pass">
<td><span class="badge log pass-bg">Pass</span></td>
<td>23:00:51 pm</td>
<td>
<a href="#" class="linked" test-id='50' id='51'>Verify Scroll Up without Arrow button and Scroll Down functionality</a>
<div class="">
<span class="badge badge-default">Verify Scroll Up without 'Arrow' button and Scroll Down functionality.Verify Scroll Up without Arrow button and Scroll Down functionality</span>
</div>
</td>
</tr>
<tr class="tag-test-status" status="pass">
<td><span class="badge log pass-bg">Pass</span></td>
<td>23:01:08 pm</td>
<td>
<a href="#" class="linked" test-id='59' id='60'>TC07 Verify Test Cases Page</a>
<div class="">
<span class="badge badge-default">Verify Test Cases Page.TC07 Verify Test Cases Page</span>
</div>
</td>
</tr>
<tr class="tag-test-status" status="fail">
<td><span class="badge log fail-bg">Fail</span></td>
<td>23:01:21 pm</td>
<td>
<a href="#" class="linked" test-id='66' id='67'>Contact Us Form</a>
<div class="">
<span class="badge badge-default">Contact Us Form.Contact Us Form</span>
</div>
</td>
</tr>
</tbody>
</table>
</div>
</li>
</ul>
</div>
</div>
<div class="test-content scrollable">
<div class="test-content-detail">
<div class="detail-body"></div>
</div>
</div>
</div><div class="test-wrapper row view exception-view attributes-view">
<div class="test-list">
<div class="test-list-tools">
<ul class="tools pull-left"><li><a href=""><span class="font-size-14">Exception</span></a></li></ul>
<ul class="tools text-right"><li><a href="#"><span class="badge badge-primary">2</span></a></li></ul>
</div>
<div class="test-list-wrapper scrollable">
<ul class="test-list-item">
<li class="test-item">
<div class="test-detail">
<span class="meta">
<span class='badge log badge-danger'>2</span>
</span>
<p class="name">org.openqa.selenium.NoSuchWindowException</p>
<p class="duration text-sm">2 tests</p>
</div>
<div class="test-contents d-none">
<div class="info">
<h4>org.openqa.selenium.NoSuchWindowException</h4>
<span status="fail" class='badge log badge-danger'>2 failed</span>
</div>
<table class='table table-sm mt-4'>
<thead>
<tr>
<th class="status-col">Status</th>
<th class="timestamp-col">Timestamp</th>
<th>TestName</th>
</tr>
</thead>
<tbody>
<tr class="tag-test-status" status="fail">
<td><span class="badge log fail-bg">Fail</span></td>
<td>23:01:35 pm</td>
<td>
<a href="#" class="linked" test-id='66' id='81'>Then Verify that landed to home page successfully</a>
<div class="">
<span class="badge badge-default">Contact Us Form.Contact Us Form.Then Verify that landed to home page successfully</span>
</div>
</td>
</tr>
<tr class="tag-test-status" status="fail">
<td><span class="badge log fail-bg">Fail</span></td>
<td>23:02:10 pm</td>
<td>
<a href="#" class="linked" test-id='66' id='82'>com.automationexercise.steps.Hooks.tearDown(io.cucumber.java.Scenario)</a>
<div class="">
<span class="badge badge-default">Contact Us Form.Contact Us Form.com.automationexercise.steps.Hooks.tearDown(io.cucumber.java.Scenario)</span>
</div>
</td>
</tr>
</tbody>
</table>
</div>
</li>
<li class="test-item">
<div class="test-detail">
<span class="meta">
<span class='badge log badge-danger'>1</span>
</span>
<p class="name">org.openqa.selenium.ElementNotInteractableException</p>
<p class="duration text-sm">1 tests</p>
</div>
<div class="test-contents d-none">
<div class="info">
<h4>org.openqa.selenium.ElementNotInteractableException</h4>
<span status="fail" class='badge log badge-danger'>1 failed</span>
</div>
<table class='table table-sm mt-4'>
<thead>
<tr>
<th class="status-col">Status</th>
<th class="timestamp-col">Timestamp</th>
<th>TestName</th>
</tr>
</thead>
<tbody>
<tr class="tag-test-status" status="fail">
<td><span class="badge log fail-bg">Fail</span></td>
<td>23:00:41 pm</td>
<td>
<a href="#" class="linked" test-id='1' id='6'>And The user clicks Continue Shopping button</a>
<div class="">
<span class="badge badge-default">Place Order: Register while Checkout.Register while Checkout.And The user clicks Continue Shopping button</span>
</div>
</td>
</tr>
</tbody>
</table>
</div>
</li>
</ul>
</div>
</div>
<div class="test-content scrollable">
<div class="test-content-detail">
<div class="detail-body"></div>
</div>
</div>
</div>        </div>
      </div>
    </div>
  </div>
<script src="https://cdn.jsdelivr.net/gh/extent-framework/extent-github-cdn@d6562a79075e061305ccfdb82f01e5e195e2d307/spark/js/spark-script.js"></script>
<script type="text/javascript"></script></body>
</html>