

<!DOCTYPE html>
<html>
<head>
<meta charset="UTF-8">
<meta name="viewport" content="width=device-width, initial-scale=1, shrink-to-fit=no">
<title>Extent Report</title>
<link rel="apple-touch-icon" href="https://cdn.jsdelivr.net/gh/extent-framework/extent-github-cdn@b00a2d0486596e73dd7326beacf352c639623a0e/commons/img/logo.png">
<link rel="shortcut icon" href="https://cdn.jsdelivr.net/gh/extent-framework/extent-github-cdn@b00a2d0486596e73dd7326beacf352c639623a0e/commons/img/logo.png">
<link href="https://cdn.jsdelivr.net/gh/extent-framework/extent-github-cdn@d6562a79075e061305ccfdb82f01e5e195e2d307/spark/css/spark-style.css" rel="stylesheet" />
<link href="https://stackpath.bootstrapcdn.com/font-awesome/4.7.0/css/font-awesome.min.css" rel="stylesheet">
<script src="https://cdn.jsdelivr.net/gh/extent-framework/extent-github-cdn@7cc78ce/spark/js/jsontree.js"></script>
<style type="text/css"></style></head><body class="spa bdd-report dark">
  <div class="app">
    <div class="layout">
<div class="header navbar">
<div class="vheader">
<div class="nav-logo">
<a href="#">
<div class="logo" style="background-image: url('https://cdn.jsdelivr.net/gh/extent-framework/extent-github-cdn@b00a2d0486596e73dd7326beacf352c639623a0e/commons/img/logo.png')"></div>
</a>
</div>
<ul class="nav-left">
<li class="search-box">
<a class="search-toggle" href="#">
<i class="search-icon fa fa-search"></i>
<i class="search-icon-close fa fa-close"></i>
</a>
</li>
<li class="search-input"><input id="search-tests" class="form-control" type="text" placeholder="Search..."></li>
</ul>
<ul class="nav-right">
<li class="m-r-10">
<a href="#"><span class="badge badge-primary">Automation Exercise Report</span></a>
</li>
<li class="m-r-10">
<a href="#"><span class="badge badge-primary">Dec 28, 2023 09:33:00 pm</span></a>
</li>
</ul>
</div>
</div><div class="side-nav">
<div class="side-nav-inner">
<ul class="side-nav-menu">
<li class="nav-item dropdown" onclick="toggleView('dashboard-view')">
<a id="nav-dashboard" class="dropdown-toggle" href="#">
<span class="ico"><i class="fa fa-bar-chart"></i></span>
</a>
</li>
<li class="nav-item dropdown" onclick="toggleView('test-view')">
<a id="nav-test" class="dropdown-toggle" href="#">
<span class="ico"><i class="fa fa-list"></i></span>
</a>
</li>
<li class="nav-item dropdown" onclick="toggleView('category-view')">
<a id="nav-category" class="dropdown-toggle" href="#">
<span class="ico"><i class="fa fa-tag"></i></span>
</a>
</li>
<li class="nav-item dropdown" onclick="toggleView('exception-view')">
<a id="nav-exception" class="dropdown-toggle" href="#">
<span class="ico"><i class="fa fa-bug"></i></span>
</a>
</li>
</ul>
</div>
</div>      <div class="vcontainer">
        <div class="main-content">
<div class="container-fluid p-4 view dashboard-view">
<div class="row">
<div class="col-md-3">
<div class="card"><div class="card-body">
<p class="m-b-0">Started</p>
<h3>Dec 28, 2023 09:33:00 pm</h3>
</div></div>
</div>
<div class="col-md-3">
<div class="card"><div class="card-body">
<p class="m-b-0">Ended</p>
<h3>Dec 28, 2023 09:42:03 pm</h3>
</div></div>
</div>
<div class="col-md-3">
<div class="card"><div class="card-body">
<p class="m-b-0 text-pass">Features Passed</p>
<h3>9</h3>
</div></div>
</div>
<div class="col-md-3">
<div class="card"><div class="card-body">
<p class="m-b-0 text-fail">Features Failed</p>
<h3>17</h3>
</div></div>
</div>
</div>
<div class="row">
<div class="col-md-4">
<div class="card">
<div class="card-header">
<h6 class="card-title">Features</h6>
</div>
<div class="card-body">
<div class="">
<canvas id='parent-analysis' width='115' height='90'></canvas>
</div>
</div>
<div class="card-footer">
<div><small data-tooltip='34%'>
<b>9</b> features passed
</small>
</div>
<div>
<small data-tooltip='65%'><b>17</b> features failed,
<b>0</b> skipped, <b data-tooltip='0%'>0</b> others
</small>
</div>
</div>
</div>
</div>
<div class="col-md-4">
<div class="card">
<div class="card-header">
<h6 class="card-title">Scenarios</h6>
</div>
<div class="card-body">
<div class="">
<canvas id='child-analysis' width='115' height='90'></canvas>
</div>
</div>
<div class="card-footer">
<div><small data-tooltip='34%'><b>9</b> scenarios passed</small></div>
<div>
<small data-tooltip='65%'><b>17</b> scenarios failed,
<b>0</b> skipped, <b data-tooltip='%'>0</b> others
</small>
</div>
</div>
</div>
</div>
<div class="col-md-4">
<div class="card">
<div class="card-header">
<h6 class="card-title">Steps</h6>
</div>
<div class="card-body">
<div class="">
<canvas id='grandchild-analysis' width='115' height='90'></canvas>
</div>
</div>
<div class="card-footer">
<div><small data-tooltip='48%'><b>194</b> steps passed</small></div>
<div>
<small data-tooltip='4%'><b>17</b> steps failed,
<b>190</b> skipped, <b data-tooltip='%'>0</b> others
</small>
</div>
</div>
</div>
</div>
</div>
<div class="row"><div class="col-md-12">
<div class="card"><div class="card-header"><p>Timeline</p></div>
<div class="card-body pt-0"><div>
<canvas id="timeline" height="120"></canvas>
</div></div>
</div>
</div></div>
<script>
var timeline = {
"TC01 Register User":29.029,"TC02 Login User with correct email and password":18.853,"TC03 Login User with incorrect email and password":16.109,"TC04 Logout User":20.248,"TC05 Register User with existing email":16.485,"TC06 Contact Us Form":23.497,"TC07 Verify Test Cases Page":24.496,"TC08 Verify All Products and product detail page":29.674,"TC09 Search Product":22.909,"TC10 Verify Subscription in home page":10.248,"TC11 Verify Subscription in Cart page":21.954,"TC12 Add Products in Cart":33.277,"TC13 Verify Product quantity in Cart":19.82,"TC14 Place Order Register while Checkout":14.451,"TC15 Place Order Register before Checkout":24.654,"TC16 Place Order Login before Checkout":28.108,"TC17 Remove Products From Cart":13.727,"TC18 View Category Products":32.479,"TC19 View Cart Brand Products":12.472,"TC20 Search Products and Verify Cart After Login":29.987,"TC21 Add review on product":28.416,"TC22 Add to cart from Recommended items":13.326,"TC23 Verify address details in checkout page":22.701,"TC24 Download Invoice after purchase order":12.082,"TC25 Verify Scroll Up using Arrow button and Scroll Down functionality":10.861,"TC26 Verify Scroll Up without Arrow button and Scroll Down functionality":10.458
};
</script>
<div class="row">
<div class="col-lg-6 col-md-12 category-container">
<div class="card">
<div class="card-header"><p>Tags</p></div>
<div class="card-body pb-0 pt-0"><table class="table table-sm table-bordered">
<thead><tr class="bg-gray"><th>Name</th><th>Passed</th><th>Failed</th><th>Skipped</th><th>Others</th><th>Passed %</th></tr></thead><tbody>
<tr>
<td>@com.automationexercise.steps.register</td>
<td>1</td>
<td>0</td>
<td>0</td>
<td>0</td>
<td>100%</td>
</tr>
</tbody>
</table></div>
</div>
</div>
<div class="col-lg-6 col-md-12 sysenv-container">
<div class="card">
<div class="card-header"><p>System/Environment</p></div>
<div class="card-body pb-0 pt-0"><table class="table table-sm table-bordered">
<thead><tr class="bg-gray"><th>Name</th><th>Value</th></tr></thead>
<tbody>
<tr>
<td>Engineer</td>
<td>Avinash Patel</td>
</tr>
<tr>
<td>Project</td>
<td>Automation Exercise</td>
</tr>
<tr>
<td>os</td>
<td>Windows</td>
</tr>
</tbody>
</table></div>
</div>
</div>
</div>
</div>
<script>
var statusGroup = {
parentCount: 5,
passParent: 9,
failParent: 17,
warningParent: 0,
skipParent: 0,
childCount: 5,
passChild: 9,
failChild: 17,
warningChild: 0,
skipChild: 0,
infoChild: 0,
grandChildCount: 5,
passGrandChild: 194,
failGrandChild: 17,
warningGrandChild: 0,
skipGrandChild: 190,
infoGrandChild: 0,
eventsCount: 5,
};
</script><div class="test-wrapper row view test-view">
  <div class="test-list">
    <div class="test-list-tools">
<ul class="tools pull-left">
<li><a href="#"><span class="font-size-14">Tests</span></a></li>
</ul>
<ul class="tools text-right">
<li class="dropdown">
<a href="#" class="dropdown-toggle" data-toggle="dropdown"><i class="fa fa-exclamation-circle"></i></a>
<ul id="status-toggle" class="dropdown-menu dropdown-md p-v-0">
<a class="dropdown-item" status="pass" href="#"><span>Pass</span><span class="status success"></span></a>
<a class="dropdown-item" status="fail" href="#"><span>Fail</span><span class="status danger"></span></a>
<div class="dropdown-divider"></div>
<a status="clear" class="dropdown-item" href="#"><span>Clear</span><span class="pull-right"><i class="fa fa-close"></i></span></a>
</ul>
</li>
<li class="dropdown">
<a href="#" class="dropdown-toggle" data-toggle="dropdown"><i class="fa fa-tag"></i></a>
<ul id="tag-toggle" class="dropdown-menu dropdown-md p-v-0">
<a class="dropdown-item" href="#">@com.automationexercise.steps.register</a>
</ul>
</li>
</ul>
</div>    <div class="test-list-wrapper scrollable">
      <ul class="test-list-item">
        <li class="test-item"  status="fail" test-id="1"
          author=""
          tag=""
          device="">
          <div class="test-detail">
            <p class="name">TC01 Register User</p>
            <p class="text-sm">
              <span>21:33:02</span> / <span>00:00:29:029</span>
              <span class="badge fail-bg log float-right">Fail</span>
            </p>
          </div>
          <div class="test-contents d-none">
<div class="detail-head">
<div class="p-v-10">
<div class="info">
<h5 class="test-status text-fail">TC01 Register User</h5>
<span class='badge badge-success'>12.28.2023 21:33:02</span>
<span class='badge badge-danger'>12.28.2023 21:33:31</span>
<span class='badge badge-default'>00:00:29:029</span>
&middot; <span class='uri-anchor badge badge-default'>#test-id=1</span>
<span class='badge badge-default pointer float-right ml-1 et'><i class="fa fa-chevron-down"></i></span>
<span class='badge badge-default pointer float-right ct'><i class="fa fa-chevron-up"></i></span>
</div>
<div class="m-t-10 m-l-5"></div>
</div>
</div>
<div class="accordion mt-4">
  <div class="card">
    <div class="card-header" role="tab">
      <div class="card-title">
        <div class="node" id="2"><span class="badge log fail-bg mr-2">Fail</span>TC01 Register on the web page</div>
          <div class="status-avatar float-right mr-4">
            <i class="fa fa-paperclip"></i>
          </div>
      </div>
    </div>
        <div class="">
          <div class="card-body">
              <div class="step pass-bg" title="com.automationexercise.steps.TC01_RegisterUser.theUserIsOnTheHomePage()">
                <span>Given The user is on the home page</span>
      <div>
      </div>
              </div>
              <div class="step pass-bg" title="com.automationexercise.steps.TC01_RegisterUser.theUserClicksSignupLoginMenuButton()">
                <span>When The user clicks Signup Login menu button</span>
      <div>
      </div>
              </div>
              <div class="step pass-bg" title="com.automationexercise.steps.TC01_RegisterUser.verifyNewUserSignupIsVisible()">
                <span>Then Verify New User Signup! is visible</span>
      <div>
      </div>
              </div>
              <div class="step pass-bg" title="com.automationexercise.steps.TC01_RegisterUser.theUserEntersName(java.lang.String)">
                <span>When The user enters name "Avi"</span>
      <div>
      </div>
              </div>
              <div class="step pass-bg" title="com.automationexercise.steps.TC01_RegisterUser.theUserEntersEmail(java.lang.String)">
                <span>When The user enters email "avvipa@gmail.com"</span>
      <div>
      </div>
              </div>
              <div class="step pass-bg" title="com.automationexercise.steps.TC01_RegisterUser.theUserClicksSignupButton()">
                <span>And The user clicks Signup button</span>
      <div>
      </div>
              </div>
              <div class="step pass-bg" title="com.automationexercise.steps.TC01_RegisterUser.verifyThatENTERACCOUNTINFORMATIONIsVisible()">
                <span>Then Verify that ENTER ACCOUNT INFORMATION is visible</span>
      <div>
      </div>
              </div>
              <div class="step pass-bg" title="com.automationexercise.steps.TC01_RegisterUser.userSelectsMr()">
                <span>When User selects Mr</span>
      <div>
      </div>
              </div>
              <div class="step pass-bg" title="com.automationexercise.steps.TC01_RegisterUser.userEntersPassword(java.lang.String)">
                <span>When User Enters Password "Prime12345"</span>
      <div>
      </div>
              </div>
              <div class="step pass-bg" title="com.automationexercise.steps.TC01_RegisterUser.userSelectsDay(java.lang.String)">
                <span>When User Selects Day "1"</span>
      <div>
      </div>
              </div>
              <div class="step pass-bg" title="com.automationexercise.steps.TC01_RegisterUser.userSelectsMonth(java.lang.String)">
                <span>When User Selects Month "May"</span>
      <div>
      </div>
              </div>
              <div class="step pass-bg" title="com.automationexercise.steps.TC01_RegisterUser.userSelectsYear(java.lang.String)">
                <span>When User Selects Year "2009"</span>
      <div>
      </div>
              </div>
              <div class="step pass-bg" title="com.automationexercise.steps.TC01_RegisterUser.userEntersFirstName(java.lang.String)">
                <span>When User Enters First Name "Avi"</span>
      <div>
      </div>
              </div>
              <div class="step pass-bg" title="com.automationexercise.steps.TC01_RegisterUser.userEntersLastName(java.lang.String)">
                <span>When User Enters Last Name "Pat"</span>
      <div>
      </div>
              </div>
              <div class="step pass-bg" title="com.automationexercise.steps.TC01_RegisterUser.userEntersAddress(java.lang.String)">
                <span>When User Enters Address "1 Prime Road"</span>
      <div>
      </div>
              </div>
              <div class="step pass-bg" title="com.automationexercise.steps.TC01_RegisterUser.userEntersCountry(java.lang.String)">
                <span>When User Enters Country "India"</span>
      <div>
      </div>
              </div>
              <div class="step pass-bg" title="com.automationexercise.steps.TC01_RegisterUser.userEntersState(java.lang.String)">
                <span>When User Enters State "Mumbai"</span>
      <div>
      </div>
              </div>
              <div class="step pass-bg" title="com.automationexercise.steps.TC01_RegisterUser.userEntersCity(java.lang.String)">
                <span>When User Enters City "Bombay"</span>
      <div>
      </div>
              </div>
              <div class="step pass-bg" title="com.automationexercise.steps.TC01_RegisterUser.userEntersZipcode(java.lang.String)">
                <span>When User Enters Zipcode "HA02JK"</span>
      <div>
      </div>
              </div>
              <div class="step pass-bg" title="com.automationexercise.steps.TC01_RegisterUser.userEntersMobile(java.lang.String)">
                <span>When User Enters Mobile "07765234598"</span>
      <div>
      </div>
              </div>
              <div class="step fail-bg" title="com.automationexercise.steps.TC01_RegisterUser.theUserClicksCreateAccountButton()">
                <span>And The user clicks Create Account button</span>
      <div>
        <textarea disabled class="code-block">org.openqa.selenium.ElementClickInterceptedException: element click intercepted: Element <button type="submit" data-qa="create-account" class="btn btn-default">...</button> is not clickable at point (551, 895). Other element would receive the click: <iframe id="aswift_4" name="aswift_4" style="width: 1005px !important; height: 124px !important; display: block; margin: 0px auto;" sandbox="allow-forms allow-popups allow-popups-to-escape-sandbox allow-same-origin allow-scripts allow-top-navigation-by-user-activation" width="1005" height="124" frameborder="0" marginwidth="0" marginheight="0" vspace="0" hspace="0" allowtransparency="true" scrolling="no" src="https://googleads.g.doubleclick.net/pagead/html/r20231207/r20110914/zrt_lookup_fy2021.html?fsb=1#RS-3-&amp;adk=1812271801&amp;client=ca-pub-1677597403311019&amp;fa=1&amp;ifi=5&amp;uci=a!5&amp;btvi=3" data-google-container-id="a!5" data-google-query-id="CKPa88-Ks4MDFciM6QUdro4LwQ" data-load-complete="true"></iframe>
  (Session info: chrome=120.0.6099.130)
Build info: version: '4.16.1', revision: '9b4c83354e'
System info: os.name: 'Windows 11', os.arch: 'amd64', os.version: '10.0', java.version: '17.0.8'
Driver info: org.openqa.selenium.chrome.ChromeDriver
Command: [451441c67127e348ff96dcde494e9d7c, clickElement {id=09A94F739EB2114AC171D02859012AF7_element_158}]
Capabilities {acceptInsecureCerts: false, browserName: chrome, browserVersion: 120.0.6099.130, chrome: {chromedriverVersion: 120.0.6099.109 (3419140ab66..., userDataDir: C:\Users\sneha\AppData\Loca...}, fedcm:accounts: true, goog:chromeOptions: {debuggerAddress: localhost:52544}, networkConnectionEnabled: false, pageLoadStrategy: normal, platformName: windows, proxy: Proxy(), se:cdp: ws://localhost:52544/devtoo..., se:cdpVersion: 120.0.6099.130, setWindowRect: true, strictFileInteractability: false, timeouts: {implicit: 0, pageLoad: 300000, script: 30000}, unhandledPromptBehavior: dismiss and notify, webauthn:extension:credBlob: true, webauthn:extension:largeBlob: true, webauthn:extension:minPinLength: true, webauthn:extension:prf: true, webauthn:virtualAuthenticators: true}
Element: [[ChromeDriver: chrome on windows (451441c67127e348ff96dcde494e9d7c)] -> xpath: //button[@data-qa='create-account']]
Session ID: 451441c67127e348ff96dcde494e9d7c
	at java.base/jdk.internal.reflect.NativeConstructorAccessorImpl.newInstance0(Native Method)
	at java.base/jdk.internal.reflect.NativeConstructorAccessorImpl.newInstance(NativeConstructorAccessorImpl.java:77)
	at java.base/jdk.internal.reflect.DelegatingConstructorAccessorImpl.newInstance(DelegatingConstructorAccessorImpl.java:45)
	at java.base/java.lang.reflect.Constructor.newInstanceWithCaller(Constructor.java:499)
	at java.base/java.lang.reflect.Constructor.newInstance(Constructor.java:480)
	at org.openqa.selenium.remote.codec.w3c.W3CHttpResponseCodec.createException(W3CHttpResponseCodec.java:200)
	at org.openqa.selenium.remote.codec.w3c.W3CHttpResponseCodec.decode(W3CHttpResponseCodec.java:133)
	at org.openqa.selenium.remote.codec.w3c.W3CHttpResponseCodec.decode(W3CHttpResponseCodec.java:52)
	at org.openqa.selenium.remote.HttpCommandExecutor.execute(HttpCommandExecutor.java:191)
	at org.openqa.selenium.remote.service.DriverCommandExecutor.invokeExecute(DriverCommandExecutor.java:200)
	at org.openqa.selenium.remote.service.DriverCommandExecutor.execute(DriverCommandExecutor.java:175)
	at org.openqa.selenium.remote.RemoteWebDriver.execute(RemoteWebDriver.java:523)
	at org.openqa.selenium.remote.RemoteWebElement.execute(RemoteWebElement.java:224)
	at org.openqa.selenium.remote.RemoteWebElement.click(RemoteWebElement.java:77)
	at java.base/jdk.internal.reflect.NativeMethodAccessorImpl.invoke0(Native Method)
	at java.base/jdk.internal.reflect.NativeMethodAccessorImpl.invoke(NativeMethodAccessorImpl.java:77)
	at java.base/jdk.internal.reflect.DelegatingMethodAccessorImpl.invoke(DelegatingMethodAccessorImpl.java:43)
	at java.base/java.lang.reflect.Method.invoke(Method.java:568)
	at org.openqa.selenium.support.pagefactory.internal.LocatingElementHandler.invoke(LocatingElementHandler.java:51)
	at jdk.proxy2/jdk.proxy2.$Proxy29.click(Unknown Source)
	at com.automationexercise.utility.Utility.clickOnElement(Utility.java:50)
	at com.automationexercise.pages.RegisterPage.clickcreateAccountButton(RegisterPage.java:202)
	at com.automationexercise.steps.TC01_RegisterUser.theUserClicksCreateAccountButton(TC01_RegisterUser.java:116)
	at ✽.The user clicks Create Account button(file:///C:/Users/sneha/avinash-week16-automationexercise/src/test/resources/features/TC01_RegisterUser.feature:25)
</textarea>
      
      </div>
              </div>
              <div class="step skip-bg" title="com.automationexercise.steps.TC01_RegisterUser.verifyThatACCOUNTCREATEDIsVisible()">
                <span>Then Verify that ACCOUNT CREATED! is visible</span>
      <div>Step skipped
      </div>
              </div>
              <div class="step skip-bg" title="com.automationexercise.steps.TC01_RegisterUser.theUserClicksContinueButton()">
                <span>When The user clicks Continue button</span>
      <div>Step skipped
      </div>
              </div>
              <div class="step skip-bg" title="com.automationexercise.steps.TC01_RegisterUser.verifyThatLoggedInAsUsernameIsVisible()">
                <span>Then Verify that Logged in as username is visible</span>
      <div>Step skipped
      </div>
              </div>
              <div class="step skip-bg" title="com.automationexercise.steps.TC01_RegisterUser.theUserClicksDeleteAccountButton()">
                <span>When The user clicks Delete Account button</span>
      <div>Step skipped
      </div>
              </div>
              <div class="step skip-bg" title="com.automationexercise.steps.TC01_RegisterUser.verifyThatACCOUNTDELETEDIsVisible()">
                <span>Then Verify that ACCOUNT DELETED is visible</span>
      <div>Step skipped
      </div>
              </div>
              <div class="step skip-bg" title="com.automationexercise.steps.TC01_RegisterUser.theUserClicksOtherContinueButton()">
                <span>And The user clicks Other Continue button</span>
      <div>Step skipped
      </div>
              </div>
              <div class="step pass-bg" title="AFTER">
                <span>com.automationexercise.steps.Hooks.tearDown(io.cucumber.java.Scenario)</span>
      <div>TC01 Register on the web page
          <div class="row mb-3"><div class="col-md-3">
<img data-featherlight='../screenshots/embedded1.png' src="../screenshots/embedded1.png">
    
    </div></div>
</div>
      <div>
      </div>
              </div>
          </div>
        </div>
  </div>
</div>
          </div>
        </li>
        <li class="test-item"  status="fail" test-id="32"
          author=""
          tag=""
          device="">
          <div class="test-detail">
            <p class="name">TC02 Login User with correct email and password</p>
            <p class="text-sm">
              <span>21:33:31</span> / <span>00:00:18:853</span>
              <span class="badge fail-bg log float-right">Fail</span>
            </p>
          </div>
          <div class="test-contents d-none">
<div class="detail-head">
<div class="p-v-10">
<div class="info">
<h5 class="test-status text-fail">TC02 Login User with correct email and password</h5>
<span class='badge badge-success'>12.28.2023 21:33:31</span>
<span class='badge badge-danger'>12.28.2023 21:33:50</span>
<span class='badge badge-default'>00:00:18:853</span>
&middot; <span class='uri-anchor badge badge-default'>#test-id=32</span>
<span class='badge badge-default pointer float-right ml-1 et'><i class="fa fa-chevron-down"></i></span>
<span class='badge badge-default pointer float-right ct'><i class="fa fa-chevron-up"></i></span>
</div>
<div class="m-t-10 m-l-5"></div>
</div>
</div>
<div class="accordion mt-4">
  <div class="card">
    <div class="card-header" role="tab">
      <div class="card-title">
        <div class="node" id="33"><span class="badge log fail-bg mr-2">Fail</span>TC02 Login User with correct email and password</div>
          <div class="status-avatar float-right mr-4">
            <i class="fa fa-paperclip"></i>
          </div>
      </div>
    </div>
        <div class="">
          <div class="card-body">
              <div class="step pass-bg" title="com.automationexercise.steps.TC01_RegisterUser.theUserIsOnTheHomePage()">
                <span>Given The user is on the home page</span>
      <div>
      </div>
              </div>
              <div class="step pass-bg" title="com.automationexercise.steps.TC01_RegisterUser.theUserClicksSignupLoginMenuButton()">
                <span>When The user clicks Signup Login menu button</span>
      <div>
      </div>
              </div>
              <div class="step pass-bg" title="com.automationexercise.steps.TC01_RegisterUser.verifyNewUserSignupIsVisible()">
                <span>Then Verify New User Signup! is visible</span>
      <div>
      </div>
              </div>
              <div class="step pass-bg" title="com.automationexercise.steps.TC02_LoginUserWithCorrectEmailAndPassword.theUserEntersCorrectEmailAddress(java.lang.String)">
                <span>When The user enters correct email address "Avinashp2222@gmail.com"</span>
      <div>
      </div>
              </div>
              <div class="step pass-bg" title="com.automationexercise.steps.TC02_LoginUserWithCorrectEmailAndPassword.theUserEntersCorrectPassword(java.lang.String)">
                <span>When The user enters correct password "Prime12345!"</span>
      <div>
      </div>
              </div>
              <div class="step pass-bg" title="com.automationexercise.steps.TC02_LoginUserWithCorrectEmailAndPassword.theUserClicksLoginButton()">
                <span>And The user clicks login button</span>
      <div>
      </div>
              </div>
              <div class="step pass-bg" title="com.automationexercise.steps.TC01_RegisterUser.verifyThatLoggedInAsUsernameIsVisible()">
                <span>Then Verify that Logged in as username is visible</span>
      <div>
      </div>
              </div>
              <div class="step pass-bg" title="com.automationexercise.steps.TC01_RegisterUser.theUserClicksDeleteAccountButton()">
                <span>When The user clicks Delete Account button</span>
      <div>
      </div>
              </div>
              <div class="step fail-bg" title="com.automationexercise.steps.TC01_RegisterUser.verifyThatACCOUNTDELETEDIsVisible()">
                <span>Then Verify that ACCOUNT DELETED is visible</span>
      <div>
        <textarea disabled class="code-block">org.openqa.selenium.InvalidSelectorException: invalid selector: An invalid or illegal selector was specified
  (Session info: chrome=120.0.6099.130)
For documentation on this error, please visit: https://www.selenium.dev/documentation/webdriver/troubleshooting/errors#invalid-selector-exception
Build info: version: '4.16.1', revision: '9b4c83354e'
System info: os.name: 'Windows 11', os.arch: 'amd64', os.version: '10.0', java.version: '17.0.8'
Driver info: org.openqa.selenium.chrome.ChromeDriver
Command: [e6489e5e9e17416a72419a7fa39d7e90, findElement {using=css selector, value=//b[normalize-space()='Account Deleted!']}]
Capabilities {acceptInsecureCerts: false, browserName: chrome, browserVersion: 120.0.6099.130, chrome: {chromedriverVersion: 120.0.6099.109 (3419140ab66..., userDataDir: C:\Users\sneha\AppData\Loca...}, fedcm:accounts: true, goog:chromeOptions: {debuggerAddress: localhost:52637}, networkConnectionEnabled: false, pageLoadStrategy: normal, platformName: windows, proxy: Proxy(), se:cdp: ws://localhost:52637/devtoo..., se:cdpVersion: 120.0.6099.130, setWindowRect: true, strictFileInteractability: false, timeouts: {implicit: 0, pageLoad: 300000, script: 30000}, unhandledPromptBehavior: dismiss and notify, webauthn:extension:credBlob: true, webauthn:extension:largeBlob: true, webauthn:extension:minPinLength: true, webauthn:extension:prf: true, webauthn:virtualAuthenticators: true}
Session ID: e6489e5e9e17416a72419a7fa39d7e90
	at java.base/jdk.internal.reflect.NativeConstructorAccessorImpl.newInstance0(Native Method)
	at java.base/jdk.internal.reflect.NativeConstructorAccessorImpl.newInstance(NativeConstructorAccessorImpl.java:77)
	at java.base/jdk.internal.reflect.DelegatingConstructorAccessorImpl.newInstance(DelegatingConstructorAccessorImpl.java:45)
	at java.base/java.lang.reflect.Constructor.newInstanceWithCaller(Constructor.java:499)
	at java.base/java.lang.reflect.Constructor.newInstance(Constructor.java:480)
	at org.openqa.selenium.remote.codec.w3c.W3CHttpResponseCodec.createException(W3CHttpResponseCodec.java:200)
	at org.openqa.selenium.remote.codec.w3c.W3CHttpResponseCodec.decode(W3CHttpResponseCodec.java:133)
	at org.openqa.selenium.remote.codec.w3c.W3CHttpResponseCodec.decode(W3CHttpResponseCodec.java:52)
	at org.openqa.selenium.remote.HttpCommandExecutor.execute(HttpCommandExecutor.java:191)
	at org.openqa.selenium.remote.service.DriverCommandExecutor.invokeExecute(DriverCommandExecutor.java:200)
	at org.openqa.selenium.remote.service.DriverCommandExecutor.execute(DriverCommandExecutor.java:175)
	at org.openqa.selenium.remote.RemoteWebDriver.execute(RemoteWebDriver.java:523)
	at org.openqa.selenium.remote.ElementLocation$ElementFinder$2.findElement(ElementLocation.java:165)
	at org.openqa.selenium.remote.ElementLocation.findElement(ElementLocation.java:59)
	at org.openqa.selenium.remote.RemoteWebDriver.findElement(RemoteWebDriver.java:360)
	at org.openqa.selenium.remote.RemoteWebDriver.findElement(RemoteWebDriver.java:354)
	at org.openqa.selenium.support.pagefactory.DefaultElementLocator.findElement(DefaultElementLocator.java:68)
	at org.openqa.selenium.support.pagefactory.internal.LocatingElementHandler.invoke(LocatingElementHandler.java:38)
	at jdk.proxy2/jdk.proxy2.$Proxy29.toString(Unknown Source)
	at com.automationexercise.pages.RegisterPage.verifyaccountDeletedText(RegisterPage.java:247)
	at com.automationexercise.steps.TC01_RegisterUser.verifyThatACCOUNTDELETEDIsVisible(TC01_RegisterUser.java:144)
	at ✽.Verify that ACCOUNT DELETED is visible(file:///C:/Users/sneha/avinash-week16-automationexercise/src/test/resources/features/TC02_LoginUserWithCorrectEmailAndPassword.feature:13)
</textarea>
      
      </div>
              </div>
              <div class="step skip-bg" title="com.automationexercise.steps.TC01_RegisterUser.theUserClicksOtherContinueButton()">
                <span>And The user clicks Other Continue button</span>
      <div>Step skipped
      </div>
              </div>
              <div class="step pass-bg" title="AFTER">
                <span>com.automationexercise.steps.Hooks.tearDown(io.cucumber.java.Scenario)</span>
      <div>TC02 Login User with correct email and password
          <div class="row mb-3"><div class="col-md-3">
<img data-featherlight='../screenshots/embedded2.png' src="../screenshots/embedded2.png">
    
    </div></div>
</div>
      <div>
      </div>
              </div>
          </div>
        </div>
  </div>
</div>
          </div>
        </li>
        <li class="test-item"  status="pass" test-id="46"
          author=""
          tag=""
          device="">
          <div class="test-detail">
            <p class="name">TC03 Login User with incorrect email and password</p>
            <p class="text-sm">
              <span>21:33:50</span> / <span>00:00:16:109</span>
              <span class="badge pass-bg log float-right">Pass</span>
            </p>
          </div>
          <div class="test-contents d-none">
<div class="detail-head">
<div class="p-v-10">
<div class="info">
<h5 class="test-status text-pass">TC03 Login User with incorrect email and password</h5>
<span class='badge badge-success'>12.28.2023 21:33:50</span>
<span class='badge badge-danger'>12.28.2023 21:34:06</span>
<span class='badge badge-default'>00:00:16:109</span>
&middot; <span class='uri-anchor badge badge-default'>#test-id=46</span>
<span class='badge badge-default pointer float-right ml-1 et'><i class="fa fa-chevron-down"></i></span>
<span class='badge badge-default pointer float-right ct'><i class="fa fa-chevron-up"></i></span>
</div>
<div class="m-t-10 m-l-5"></div>
</div>
</div>
<div class="accordion mt-4">
  <div class="card">
    <div class="card-header" role="tab">
      <div class="card-title">
        <div class="node" id="47"><span class="badge log pass-bg mr-2">Pass</span>TC03 Login User with incorrect email and password</div>
      </div>
    </div>
        <div class="collapse">
          <div class="card-body">
              <div class="step pass-bg" title="com.automationexercise.steps.TC01_RegisterUser.theUserIsOnTheHomePage()">
                <span>Given The user is on the home page</span>
      <div>
      </div>
              </div>
              <div class="step pass-bg" title="com.automationexercise.steps.TC01_RegisterUser.theUserClicksSignupLoginMenuButton()">
                <span>When The user clicks Signup Login menu button</span>
      <div>
      </div>
              </div>
              <div class="step pass-bg" title="com.automationexercise.steps.TC01_RegisterUser.verifyNewUserSignupIsVisible()">
                <span>Then Verify New User Signup! is visible</span>
      <div>
      </div>
              </div>
              <div class="step pass-bg" title="com.automationexercise.steps.TC02_LoginUserWithCorrectEmailAndPassword.theUserEntersCorrectEmailAddress(java.lang.String)">
                <span>When The user enters correct email address "avinashp222@gmail.com"</span>
      <div>
      </div>
              </div>
              <div class="step pass-bg" title="com.automationexercise.steps.TC02_LoginUserWithCorrectEmailAndPassword.theUserEntersCorrectPassword(java.lang.String)">
                <span>When The user enters correct password "Prime123456"</span>
      <div>
      </div>
              </div>
              <div class="step pass-bg" title="com.automationexercise.steps.TC02_LoginUserWithCorrectEmailAndPassword.theUserClicksLoginButton()">
                <span>And The user clicks login button</span>
      <div>
      </div>
              </div>
              <div class="step pass-bg" title="com.automationexercise.steps.TC03_LoginUserWithIncorrectEmailAndPassword.verifyErrorYourEmailOrPasswordIsIncorrectIsVisible()">
                <span>Then Verify error Your email or password is incorrect is visible</span>
      <div>
      </div>
              </div>
          </div>
        </div>
  </div>
</div>
          </div>
        </li>
        <li class="test-item"  status="pass" test-id="57"
          author=""
          tag=""
          device="">
          <div class="test-detail">
            <p class="name">TC04 Logout User</p>
            <p class="text-sm">
              <span>21:34:06</span> / <span>00:00:20:248</span>
              <span class="badge pass-bg log float-right">Pass</span>
            </p>
          </div>
          <div class="test-contents d-none">
<div class="detail-head">
<div class="p-v-10">
<div class="info">
<h5 class="test-status text-pass">TC04 Logout User</h5>
<span class='badge badge-success'>12.28.2023 21:34:06</span>
<span class='badge badge-danger'>12.28.2023 21:34:26</span>
<span class='badge badge-default'>00:00:20:248</span>
&middot; <span class='uri-anchor badge badge-default'>#test-id=57</span>
<span class='badge badge-default pointer float-right ml-1 et'><i class="fa fa-chevron-down"></i></span>
<span class='badge badge-default pointer float-right ct'><i class="fa fa-chevron-up"></i></span>
</div>
<div class="m-t-10 m-l-5"></div>
</div>
</div>
<div class="accordion mt-4">
  <div class="card">
    <div class="card-header" role="tab">
      <div class="card-title">
        <div class="node" id="58"><span class="badge log pass-bg mr-2">Pass</span>TC04 Logout User</div>
      </div>
    </div>
        <div class="collapse">
          <div class="card-body">
              <div class="step pass-bg" title="com.automationexercise.steps.TC01_RegisterUser.theUserIsOnTheHomePage()">
                <span>Given The user is on the home page</span>
      <div>
      </div>
              </div>
              <div class="step pass-bg" title="com.automationexercise.steps.TC01_RegisterUser.theUserClicksSignupLoginMenuButton()">
                <span>When The user clicks Signup Login menu button</span>
      <div>
      </div>
              </div>
              <div class="step pass-bg" title="com.automationexercise.steps.TC01_RegisterUser.verifyNewUserSignupIsVisible()">
                <span>Then Verify New User Signup! is visible</span>
      <div>
      </div>
              </div>
              <div class="step pass-bg" title="com.automationexercise.steps.TC02_LoginUserWithCorrectEmailAndPassword.theUserEntersCorrectEmailAddress(java.lang.String)">
                <span>When The user enters correct email address "avinashp22@gmail.com"</span>
      <div>
      </div>
              </div>
              <div class="step pass-bg" title="com.automationexercise.steps.TC02_LoginUserWithCorrectEmailAndPassword.theUserEntersCorrectPassword(java.lang.String)">
                <span>When The user enters correct password "Prime12345!"</span>
      <div>
      </div>
              </div>
              <div class="step pass-bg" title="com.automationexercise.steps.TC02_LoginUserWithCorrectEmailAndPassword.theUserClicksLoginButton()">
                <span>And The user clicks login button</span>
      <div>
      </div>
              </div>
              <div class="step pass-bg" title="com.automationexercise.steps.TC01_RegisterUser.verifyThatLoggedInAsUsernameIsVisible()">
                <span>Then Verify that Logged in as username is visible</span>
      <div>
      </div>
              </div>
              <div class="step pass-bg" title="com.automationexercise.steps.TC04_LogoutUser.theUserClicksLogoutButton()">
                <span>When The user clicks Logout button</span>
      <div>
      </div>
              </div>
              <div class="step pass-bg" title="com.automationexercise.steps.TC01_RegisterUser.verifyNewUserSignupIsVisible()">
                <span>Then Verify New User Signup! is visible</span>
      <div>
      </div>
              </div>
          </div>
        </div>
  </div>
</div>
          </div>
        </li>
        <li class="test-item"  status="pass" test-id="70"
          author=""
          tag=""
          device="">
          <div class="test-detail">
            <p class="name">TC05 Register User with existing email</p>
            <p class="text-sm">
              <span>21:34:26</span> / <span>00:00:16:485</span>
              <span class="badge pass-bg log float-right">Pass</span>
            </p>
          </div>
          <div class="test-contents d-none">
<div class="detail-head">
<div class="p-v-10">
<div class="info">
<h5 class="test-status text-pass">TC05 Register User with existing email</h5>
<span class='badge badge-success'>12.28.2023 21:34:26</span>
<span class='badge badge-danger'>12.28.2023 21:34:43</span>
<span class='badge badge-default'>00:00:16:485</span>
&middot; <span class='uri-anchor badge badge-default'>#test-id=70</span>
<span class='badge badge-default pointer float-right ml-1 et'><i class="fa fa-chevron-down"></i></span>
<span class='badge badge-default pointer float-right ct'><i class="fa fa-chevron-up"></i></span>
</div>
<div class="m-t-10 m-l-5"></div>
</div>
</div>
<div class="accordion mt-4">
  <div class="card">
    <div class="card-header" role="tab">
      <div class="card-title">
        <div class="node" id="71"><span class="badge log pass-bg mr-2">Pass</span>TC05 Register User with existing email</div>
      </div>
    </div>
        <div class="collapse">
          <div class="card-body">
              <div class="step pass-bg" title="com.automationexercise.steps.TC01_RegisterUser.theUserIsOnTheHomePage()">
                <span>Given The user is on the home page</span>
      <div>
      </div>
              </div>
              <div class="step pass-bg" title="com.automationexercise.steps.TC01_RegisterUser.theUserClicksSignupLoginMenuButton()">
                <span>When The user clicks Signup Login menu button</span>
      <div>
      </div>
              </div>
              <div class="step pass-bg" title="com.automationexercise.steps.TC01_RegisterUser.verifyNewUserSignupIsVisible()">
                <span>Then Verify New User Signup! is visible</span>
      <div>
      </div>
              </div>
              <div class="step pass-bg" title="com.automationexercise.steps.TC05_RegisterUserWithExistingEmail.theUserEntersExistingName(java.lang.String)">
                <span>When The user enters existing name "Avi"</span>
      <div>
      </div>
              </div>
              <div class="step pass-bg" title="com.automationexercise.steps.TC05_RegisterUserWithExistingEmail.theUserEntersExistingEmail(java.lang.String)">
                <span>When The user enters existing email "patel_avinash@hotmail.com"</span>
      <div>
      </div>
              </div>
              <div class="step pass-bg" title="com.automationexercise.steps.TC01_RegisterUser.theUserClicksSignupButton()">
                <span>And The user clicks Signup button</span>
      <div>
      </div>
              </div>
              <div class="step pass-bg" title="com.automationexercise.steps.TC05_RegisterUserWithExistingEmail.verifyErrorEmailAddressAlreadyExistIsVisible()">
                <span>Then Verify error Email Address already exist is visible</span>
      <div>
      </div>
              </div>
          </div>
        </div>
  </div>
</div>
          </div>
        </li>
        <li class="test-item"  status="pass" test-id="81"
          author=""
          tag=""
          device="">
          <div class="test-detail">
            <p class="name">TC06 Contact Us Form</p>
            <p class="text-sm">
              <span>21:34:43</span> / <span>00:00:23:497</span>
              <span class="badge pass-bg log float-right">Pass</span>
            </p>
          </div>
          <div class="test-contents d-none">
<div class="detail-head">
<div class="p-v-10">
<div class="info">
<h5 class="test-status text-pass">TC06 Contact Us Form</h5>
<span class='badge badge-success'>12.28.2023 21:34:43</span>
<span class='badge badge-danger'>12.28.2023 21:35:06</span>
<span class='badge badge-default'>00:00:23:497</span>
&middot; <span class='uri-anchor badge badge-default'>#test-id=81</span>
<span class='badge badge-default pointer float-right ml-1 et'><i class="fa fa-chevron-down"></i></span>
<span class='badge badge-default pointer float-right ct'><i class="fa fa-chevron-up"></i></span>
</div>
<div class="m-t-10 m-l-5"></div>
</div>
</div>
<div class="accordion mt-4">
  <div class="card">
    <div class="card-header" role="tab">
      <div class="card-title">
        <div class="node" id="82"><span class="badge log pass-bg mr-2">Pass</span>TC06 Contact Us Form</div>
      </div>
    </div>
        <div class="collapse">
          <div class="card-body">
              <div class="step pass-bg" title="com.automationexercise.steps.TC01_RegisterUser.theUserIsOnTheHomePage()">
                <span>Given The user is on the home page</span>
      <div>
      </div>
              </div>
              <div class="step pass-bg" title="com.automationexercise.steps.TC06_ContactUsForm.theUserClicksContactUsMenuButton()">
                <span>When The user clicks Contact us menu button</span>
      <div>
      </div>
              </div>
              <div class="step pass-bg" title="com.automationexercise.steps.TC06_ContactUsForm.verifyGETINTOUCHIsVisible()">
                <span>Then Verify GET IN TOUCH is visible</span>
      <div>
      </div>
              </div>
              <div class="step pass-bg" title="com.automationexercise.steps.TC01_RegisterUser.theUserEntersName(java.lang.String)">
                <span>When The user enters name "Avi"</span>
      <div>
      </div>
              </div>
              <div class="step pass-bg" title="com.automationexercise.steps.TC06_ContactUsForm.theUserEntersContactEmail(java.lang.String)">
                <span>When The user enters contact email "avip2@gmail.com"</span>
      <div>
      </div>
              </div>
              <div class="step pass-bg" title="com.automationexercise.steps.TC06_ContactUsForm.theUserEntersSubject(java.lang.String)">
                <span>When The user enters subject "subject"</span>
      <div>
      </div>
              </div>
              <div class="step pass-bg" title="com.automationexercise.steps.TC06_ContactUsForm.theUserEntersMessage(java.lang.String)">
                <span>When The user enters message "message"</span>
      <div>
      </div>
              </div>
              <div class="step pass-bg" title="com.automationexercise.steps.TC06_ContactUsForm.theUserUploadsFile()">
                <span>And The user uploads file</span>
      <div>
      </div>
              </div>
              <div class="step pass-bg" title="com.automationexercise.steps.TC06_ContactUsForm.theUserClicksSubmitButton()">
                <span>And The User clicks Submit button</span>
      <div>
      </div>
              </div>
              <div class="step pass-bg" title="com.automationexercise.steps.TC06_ContactUsForm.theUserClicksOKButton()">
                <span>And The user clicks OK button</span>
      <div>
      </div>
              </div>
              <div class="step pass-bg" title="com.automationexercise.steps.TC06_ContactUsForm.verifySuccessMessageSuccessYourDetailsHaveBeenSubmittedSuccessfullyIsVisible()">
                <span>Then Verify success message Success Your details have been submitted successfully is visible</span>
      <div>
      </div>
              </div>
              <div class="step pass-bg" title="com.automationexercise.steps.TC06_ContactUsForm.theUserClicksHomeButton()">
                <span>When The user clicks Home button</span>
      <div>
      </div>
              </div>
              <div class="step pass-bg" title="com.automationexercise.steps.TC06_ContactUsForm.verifyThatLandedToHomePageSuccessfully()">
                <span>Then Verify that landed to home page successfully</span>
      <div>
      </div>
              </div>
          </div>
        </div>
  </div>
</div>
          </div>
        </li>
        <li class="test-item"  status="pass" test-id="98"
          author=""
          tag=""
          device="">
          <div class="test-detail">
            <p class="name">TC07 Verify Test Cases Page</p>
            <p class="text-sm">
              <span>21:35:06</span> / <span>00:00:24:496</span>
              <span class="badge pass-bg log float-right">Pass</span>
            </p>
          </div>
          <div class="test-contents d-none">
<div class="detail-head">
<div class="p-v-10">
<div class="info">
<h5 class="test-status text-pass">TC07 Verify Test Cases Page</h5>
<span class='badge badge-success'>12.28.2023 21:35:06</span>
<span class='badge badge-danger'>12.28.2023 21:35:31</span>
<span class='badge badge-default'>00:00:24:496</span>
&middot; <span class='uri-anchor badge badge-default'>#test-id=98</span>
<span class='badge badge-default pointer float-right ml-1 et'><i class="fa fa-chevron-down"></i></span>
<span class='badge badge-default pointer float-right ct'><i class="fa fa-chevron-up"></i></span>
</div>
<div class="m-t-10 m-l-5"></div>
</div>
</div>
<div class="accordion mt-4">
  <div class="card">
    <div class="card-header" role="tab">
      <div class="card-title">
        <div class="node" id="99"><span class="badge log pass-bg mr-2">Pass</span>TC07 Verify Test Cases Page</div>
      </div>
    </div>
        <div class="collapse">
          <div class="card-body">
              <div class="step pass-bg" title="com.automationexercise.steps.TC01_RegisterUser.theUserIsOnTheHomePage()">
                <span>Given The user is on the home page</span>
      <div>
      </div>
              </div>
              <div class="step pass-bg" title="com.automationexercise.steps.TC07_VerifyTestCasesPage.theUserClicksTestCasesMenuButton()">
                <span>When The user clicks Test Cases menu button</span>
      <div>
      </div>
              </div>
              <div class="step pass-bg" title="com.automationexercise.steps.TC07_VerifyTestCasesPage.verifyUserIsNavigatedToTestCasesPageSuccessfully()">
                <span>Then Verify user is navigated to test cases page successfully</span>
      <div>
      </div>
              </div>
          </div>
        </div>
  </div>
</div>
          </div>
        </li>
        <li class="test-item"  status="fail" test-id="105"
          author=""
          tag=""
          device="">
          <div class="test-detail">
            <p class="name">TC08 Verify All Products and product detail page</p>
            <p class="text-sm">
              <span>21:35:31</span> / <span>00:00:29:674</span>
              <span class="badge fail-bg log float-right">Fail</span>
            </p>
          </div>
          <div class="test-contents d-none">
<div class="detail-head">
<div class="p-v-10">
<div class="info">
<h5 class="test-status text-fail">TC08 Verify All Products and product detail page</h5>
<span class='badge badge-success'>12.28.2023 21:35:31</span>
<span class='badge badge-danger'>12.28.2023 21:36:01</span>
<span class='badge badge-default'>00:00:29:674</span>
&middot; <span class='uri-anchor badge badge-default'>#test-id=105</span>
<span class='badge badge-default pointer float-right ml-1 et'><i class="fa fa-chevron-down"></i></span>
<span class='badge badge-default pointer float-right ct'><i class="fa fa-chevron-up"></i></span>
</div>
<div class="m-t-10 m-l-5"></div>
</div>
</div>
<div class="accordion mt-4">
  <div class="card">
    <div class="card-header" role="tab">
      <div class="card-title">
        <div class="node" id="106"><span class="badge log fail-bg mr-2">Fail</span>TC08 Verify All Products and product detail page</div>
          <div class="status-avatar float-right mr-4">
            <i class="fa fa-paperclip"></i>
          </div>
      </div>
    </div>
        <div class="">
          <div class="card-body">
              <div class="step pass-bg" title="com.automationexercise.steps.TC01_RegisterUser.theUserIsOnTheHomePage()">
                <span>Given The user is on the home page</span>
      <div>
      </div>
              </div>
              <div class="step pass-bg" title="com.automationexercise.steps.TC08_VerifyAllProductsAndProductDetailPage.theUserClicksProductsMenuButton()">
                <span>When The user clicks Products menu button</span>
      <div>
      </div>
              </div>
              <div class="step pass-bg" title="com.automationexercise.steps.TC08_VerifyAllProductsAndProductDetailPage.verifyUserIsNavigatedToALLPRODUCTSPageSuccessfully()">
                <span>Then Verify user is navigated to ALL PRODUCTS page successfully</span>
      <div>
      </div>
              </div>
              <div class="step pass-bg" title="com.automationexercise.steps.TC08_VerifyAllProductsAndProductDetailPage.verifyTheProductsListIsVisible()">
                <span>And Verify the products list is visible</span>
      <div>
      </div>
              </div>
              <div class="step pass-bg" title="com.automationexercise.steps.TC08_VerifyAllProductsAndProductDetailPage.theUserClicksOnViewProductOfFirstProduct()">
                <span>When The user clicks on View Product of first product</span>
      <div>
      </div>
              </div>
              <div class="step fail-bg" title="com.automationexercise.steps.TC08_VerifyAllProductsAndProductDetailPage.verifyTheUserIsLandedToProductDetailPage()">
                <span>Then Verify the user is landed to product detail page</span>
      <div>
        <textarea disabled class="code-block">org.openqa.selenium.NoSuchElementException: no such element: Unable to locate element: {"method":"xpath","selector":"//h2[normalize-space()='Blue Top']"}
  (Session info: chrome=120.0.6099.130)
For documentation on this error, please visit: https://www.selenium.dev/documentation/webdriver/troubleshooting/errors#no-such-element-exception
Build info: version: '4.16.1', revision: '9b4c83354e'
System info: os.name: 'Windows 11', os.arch: 'amd64', os.version: '10.0', java.version: '17.0.8'
Driver info: org.openqa.selenium.chrome.ChromeDriver
Command: [7fd9e30570d3d94f1636e659b9db6ada, findElement {using=xpath, value=//h2[normalize-space()='Blue Top']}]
Capabilities {acceptInsecureCerts: false, browserName: chrome, browserVersion: 120.0.6099.130, chrome: {chromedriverVersion: 120.0.6099.109 (3419140ab66..., userDataDir: C:\Users\sneha\AppData\Loca...}, fedcm:accounts: true, goog:chromeOptions: {debuggerAddress: localhost:53086}, networkConnectionEnabled: false, pageLoadStrategy: normal, platformName: windows, proxy: Proxy(), se:cdp: ws://localhost:53086/devtoo..., se:cdpVersion: 120.0.6099.130, setWindowRect: true, strictFileInteractability: false, timeouts: {implicit: 0, pageLoad: 300000, script: 30000}, unhandledPromptBehavior: dismiss and notify, webauthn:extension:credBlob: true, webauthn:extension:largeBlob: true, webauthn:extension:minPinLength: true, webauthn:extension:prf: true, webauthn:virtualAuthenticators: true}
Session ID: 7fd9e30570d3d94f1636e659b9db6ada
	at java.base/jdk.internal.reflect.NativeConstructorAccessorImpl.newInstance0(Native Method)
	at java.base/jdk.internal.reflect.NativeConstructorAccessorImpl.newInstance(NativeConstructorAccessorImpl.java:77)
	at java.base/jdk.internal.reflect.DelegatingConstructorAccessorImpl.newInstance(DelegatingConstructorAccessorImpl.java:45)
	at java.base/java.lang.reflect.Constructor.newInstanceWithCaller(Constructor.java:499)
	at java.base/java.lang.reflect.Constructor.newInstance(Constructor.java:480)
	at org.openqa.selenium.remote.codec.w3c.W3CHttpResponseCodec.createException(W3CHttpResponseCodec.java:200)
	at org.openqa.selenium.remote.codec.w3c.W3CHttpResponseCodec.decode(W3CHttpResponseCodec.java:133)
	at org.openqa.selenium.remote.codec.w3c.W3CHttpResponseCodec.decode(W3CHttpResponseCodec.java:52)
	at org.openqa.selenium.remote.HttpCommandExecutor.execute(HttpCommandExecutor.java:191)
	at org.openqa.selenium.remote.service.DriverCommandExecutor.invokeExecute(DriverCommandExecutor.java:200)
	at org.openqa.selenium.remote.service.DriverCommandExecutor.execute(DriverCommandExecutor.java:175)
	at org.openqa.selenium.remote.RemoteWebDriver.execute(RemoteWebDriver.java:523)
	at org.openqa.selenium.remote.ElementLocation$ElementFinder$2.findElement(ElementLocation.java:165)
	at org.openqa.selenium.remote.ElementLocation.findElement(ElementLocation.java:59)
	at org.openqa.selenium.remote.RemoteWebDriver.findElement(RemoteWebDriver.java:360)
	at org.openqa.selenium.remote.RemoteWebDriver.findElement(RemoteWebDriver.java:354)
	at org.openqa.selenium.support.pagefactory.DefaultElementLocator.findElement(DefaultElementLocator.java:68)
	at org.openqa.selenium.support.pagefactory.internal.LocatingElementHandler.invoke(LocatingElementHandler.java:38)
	at jdk.proxy2/jdk.proxy2.$Proxy29.getText(Unknown Source)
	at com.automationexercise.utility.Utility.getTextFromElement(Utility.java:61)
	at com.automationexercise.pages.ProductsPage.verifyProductName(ProductsPage.java:62)
	at com.automationexercise.steps.TC08_VerifyAllProductsAndProductDetailPage.verifyTheUserIsLandedToProductDetailPage(TC08_VerifyAllProductsAndProductDetailPage.java:32)
	at ✽.Verify the user is landed to product detail page(file:///C:/Users/sneha/avinash-week16-automationexercise/src/test/resources/features/TC08_VerifyAllProductsAndProductDetailPage.feature:10)
</textarea>
      
      </div>
              </div>
              <div class="step skip-bg" title="com.automationexercise.steps.TC08_VerifyAllProductsAndProductDetailPage.verifyThatDetailDetailIsVisibleProductName()">
                <span>And Verify that detail detail is visible product name</span>
      <div>Step skipped
      </div>
              </div>
              <div class="step skip-bg" title="com.automationexercise.steps.TC08_VerifyAllProductsAndProductDetailPage.verifyThatDetailDetailIsVisibleCategory()">
                <span>And Verify that detail detail is visible category</span>
      <div>Step skipped
      </div>
              </div>
              <div class="step skip-bg" title="com.automationexercise.steps.TC08_VerifyAllProductsAndProductDetailPage.verifyThatDetailDetailIsVisiblePrice()">
                <span>And Verify that detail detail is visible price</span>
      <div>Step skipped
      </div>
              </div>
              <div class="step skip-bg" title="com.automationexercise.steps.TC08_VerifyAllProductsAndProductDetailPage.verifyThatDetailDetailIsVisibleAvailability()">
                <span>And Verify that detail detail is visible availability</span>
      <div>Step skipped
      </div>
              </div>
              <div class="step skip-bg" title="com.automationexercise.steps.TC08_VerifyAllProductsAndProductDetailPage.verifyThatDetailDetailIsVisibleCondition()">
                <span>And Verify that detail detail is visible condition</span>
      <div>Step skipped
      </div>
              </div>
              <div class="step skip-bg" title="com.automationexercise.steps.TC08_VerifyAllProductsAndProductDetailPage.verifyThatDetailDetailIsVisibleBrand()">
                <span>And Verify that detail detail is visible brand</span>
      <div>Step skipped
      </div>
              </div>
              <div class="step pass-bg" title="AFTER">
                <span>com.automationexercise.steps.Hooks.tearDown(io.cucumber.java.Scenario)</span>
      <div>TC08 Verify All Products and product detail page
          <div class="row mb-3"><div class="col-md-3">
<img data-featherlight='../screenshots/embedded3.png' src="../screenshots/embedded3.png">
    
    </div></div>
</div>
      <div>
      </div>
              </div>
          </div>
        </div>
  </div>
</div>
          </div>
        </li>
        <li class="test-item"  status="pass" test-id="121"
          author=""
          tag=""
          device="">
          <div class="test-detail">
            <p class="name">TC09 Search Product</p>
            <p class="text-sm">
              <span>21:36:01</span> / <span>00:00:22:909</span>
              <span class="badge pass-bg log float-right">Pass</span>
            </p>
          </div>
          <div class="test-contents d-none">
<div class="detail-head">
<div class="p-v-10">
<div class="info">
<h5 class="test-status text-pass">TC09 Search Product</h5>
<span class='badge badge-success'>12.28.2023 21:36:01</span>
<span class='badge badge-danger'>12.28.2023 21:36:24</span>
<span class='badge badge-default'>00:00:22:909</span>
&middot; <span class='uri-anchor badge badge-default'>#test-id=121</span>
<span class='badge badge-default pointer float-right ml-1 et'><i class="fa fa-chevron-down"></i></span>
<span class='badge badge-default pointer float-right ct'><i class="fa fa-chevron-up"></i></span>
</div>
<div class="m-t-10 m-l-5"></div>
</div>
</div>
<div class="accordion mt-4">
  <div class="card">
    <div class="card-header" role="tab">
      <div class="card-title">
        <div class="node" id="122"><span class="badge log pass-bg mr-2">Pass</span>TC09 Search Product</div>
      </div>
    </div>
        <div class="collapse">
          <div class="card-body">
              <div class="step pass-bg" title="com.automationexercise.steps.TC01_RegisterUser.theUserIsOnTheHomePage()">
                <span>Given The user is on the home page</span>
      <div>
      </div>
              </div>
              <div class="step pass-bg" title="com.automationexercise.steps.TC08_VerifyAllProductsAndProductDetailPage.theUserClicksProductsMenuButton()">
                <span>When The user clicks Products menu button</span>
      <div>
      </div>
              </div>
              <div class="step pass-bg" title="com.automationexercise.steps.TC08_VerifyAllProductsAndProductDetailPage.verifyUserIsNavigatedToALLPRODUCTSPageSuccessfully()">
                <span>Then Verify user is navigated to ALL PRODUCTS page successfully</span>
      <div>
      </div>
              </div>
              <div class="step pass-bg" title="com.automationexercise.steps.TC09_SearchProduct.theUserEntersProductName(java.lang.String)">
                <span>When The user enters product name "Blue Top"</span>
      <div>
      </div>
              </div>
              <div class="step pass-bg" title="com.automationexercise.steps.TC09_SearchProduct.theUserClicksSearchButton()">
                <span>When The user clicks search button</span>
      <div>
      </div>
              </div>
              <div class="step pass-bg" title="com.automationexercise.steps.TC09_SearchProduct.verifySEARCHEDPRODUCTSIsVisible()">
                <span>Then Verify SEARCHED PRODUCTS is visible</span>
      <div>
      </div>
              </div>
              <div class="step pass-bg" title="com.automationexercise.steps.TC09_SearchProduct.verifyAllTheProductsRelatedToSearchAreVisible()">
                <span>And Verify all the products related to search are visible</span>
      <div>
      </div>
              </div>
          </div>
        </div>
  </div>
</div>
          </div>
        </li>
        <li class="test-item"  status="pass" test-id="132"
          author=""
          tag=""
          device="">
          <div class="test-detail">
            <p class="name">TC10 Verify Subscription in home page</p>
            <p class="text-sm">
              <span>21:36:24</span> / <span>00:00:10:248</span>
              <span class="badge pass-bg log float-right">Pass</span>
            </p>
          </div>
          <div class="test-contents d-none">
<div class="detail-head">
<div class="p-v-10">
<div class="info">
<h5 class="test-status text-pass">TC10 Verify Subscription in home page</h5>
<span class='badge badge-success'>12.28.2023 21:36:24</span>
<span class='badge badge-danger'>12.28.2023 21:36:34</span>
<span class='badge badge-default'>00:00:10:248</span>
&middot; <span class='uri-anchor badge badge-default'>#test-id=132</span>
<span class='badge badge-default pointer float-right ml-1 et'><i class="fa fa-chevron-down"></i></span>
<span class='badge badge-default pointer float-right ct'><i class="fa fa-chevron-up"></i></span>
</div>
<div class="m-t-10 m-l-5"></div>
</div>
</div>
<div class="accordion mt-4">
  <div class="card">
    <div class="card-header" role="tab">
      <div class="card-title">
        <div class="node" id="133"><span class="badge log pass-bg mr-2">Pass</span>TC10 Verify Subscription in home page</div>
      </div>
    </div>
        <div class="collapse">
          <div class="card-body">
              <div class="step pass-bg" title="com.automationexercise.steps.TC01_RegisterUser.theUserIsOnTheHomePage()">
                <span>Given The user is on the home page</span>
      <div>
      </div>
              </div>
              <div class="step pass-bg" title="com.automationexercise.steps.TC10_VerifySubscriptionInHomePage.theUserScrollsDownToFooter()">
                <span>When The user scrolls down to footer</span>
      <div>
      </div>
              </div>
              <div class="step pass-bg" title="com.automationexercise.steps.TC10_VerifySubscriptionInHomePage.verifyTextSUBSCRIPTION()">
                <span>Then Verify text SUBSCRIPTION</span>
      <div>
      </div>
              </div>
              <div class="step pass-bg" title="com.automationexercise.steps.TC10_VerifySubscriptionInHomePage.theUserEntersEmailAddress(java.lang.String)">
                <span>When The user enters email address "aavippp@gmail.com"</span>
      <div>
      </div>
              </div>
              <div class="step pass-bg" title="com.automationexercise.steps.TC10_VerifySubscriptionInHomePage.theUserClicksSubscriptionSubmitButton()">
                <span>When The user clicks Subscription submit button</span>
      <div>
      </div>
              </div>
              <div class="step pass-bg" title="com.automationexercise.steps.TC10_VerifySubscriptionInHomePage.verifySuccessMessageYouHaveBeenSuccessfullySubscribedIsVisible()">
                <span>Then Verify success message You have been successfully subscribed is visible</span>
      <div>
      </div>
              </div>
          </div>
        </div>
  </div>
</div>
          </div>
        </li>
        <li class="test-item"  status="fail" test-id="142"
          author=""
          tag=""
          device="">
          <div class="test-detail">
            <p class="name">TC11 Verify Subscription in Cart page</p>
            <p class="text-sm">
              <span>21:36:34</span> / <span>00:00:21:954</span>
              <span class="badge fail-bg log float-right">Fail</span>
            </p>
          </div>
          <div class="test-contents d-none">
<div class="detail-head">
<div class="p-v-10">
<div class="info">
<h5 class="test-status text-fail">TC11 Verify Subscription in Cart page</h5>
<span class='badge badge-success'>12.28.2023 21:36:34</span>
<span class='badge badge-danger'>12.28.2023 21:36:56</span>
<span class='badge badge-default'>00:00:21:954</span>
&middot; <span class='uri-anchor badge badge-default'>#test-id=142</span>
<span class='badge badge-default pointer float-right ml-1 et'><i class="fa fa-chevron-down"></i></span>
<span class='badge badge-default pointer float-right ct'><i class="fa fa-chevron-up"></i></span>
</div>
<div class="m-t-10 m-l-5"></div>
</div>
</div>
<div class="accordion mt-4">
  <div class="card">
    <div class="card-header" role="tab">
      <div class="card-title">
        <div class="node" id="143"><span class="badge log fail-bg mr-2">Fail</span>TC11 Verify Subscription in Cart page</div>
          <div class="status-avatar float-right mr-4">
            <i class="fa fa-paperclip"></i>
          </div>
      </div>
    </div>
        <div class="">
          <div class="card-body">
              <div class="step pass-bg" title="com.automationexercise.steps.TC01_RegisterUser.theUserIsOnTheHomePage()">
                <span>Given The user is on the home page</span>
      <div>
      </div>
              </div>
              <div class="step pass-bg" title="com.automationexercise.steps.TC11_VerifySubscriptionInCartPage.theUserClicksCartMenuButton()">
                <span>When The user clicks Cart menu button</span>
      <div>
      </div>
              </div>
              <div class="step fail-bg" title="com.automationexercise.steps.TC10_VerifySubscriptionInHomePage.theUserScrollsDownToFooter()">
                <span>And The user scrolls down to footer</span>
      <div>
        <textarea disabled class="code-block">org.openqa.selenium.NoSuchElementException: no such element: Unable to locate element: {"method":"xpath","selector":"//h2[.='recommended items']"}
  (Session info: chrome=120.0.6099.130)
For documentation on this error, please visit: https://www.selenium.dev/documentation/webdriver/troubleshooting/errors#no-such-element-exception
Build info: version: '4.16.1', revision: '9b4c83354e'
System info: os.name: 'Windows 11', os.arch: 'amd64', os.version: '10.0', java.version: '17.0.8'
Driver info: org.openqa.selenium.chrome.ChromeDriver
Command: [77fa2c31e9534617a1c399d68b9305c2, findElement {using=xpath, value=//h2[.='recommended items']}]
Capabilities {acceptInsecureCerts: false, browserName: chrome, browserVersion: 120.0.6099.130, chrome: {chromedriverVersion: 120.0.6099.109 (3419140ab66..., userDataDir: C:\Users\sneha\AppData\Loca...}, fedcm:accounts: true, goog:chromeOptions: {debuggerAddress: localhost:53336}, networkConnectionEnabled: false, pageLoadStrategy: normal, platformName: windows, proxy: Proxy(), se:cdp: ws://localhost:53336/devtoo..., se:cdpVersion: 120.0.6099.130, setWindowRect: true, strictFileInteractability: false, timeouts: {implicit: 0, pageLoad: 300000, script: 30000}, unhandledPromptBehavior: dismiss and notify, webauthn:extension:credBlob: true, webauthn:extension:largeBlob: true, webauthn:extension:minPinLength: true, webauthn:extension:prf: true, webauthn:virtualAuthenticators: true}
Session ID: 77fa2c31e9534617a1c399d68b9305c2
	at java.base/jdk.internal.reflect.NativeConstructorAccessorImpl.newInstance0(Native Method)
	at java.base/jdk.internal.reflect.NativeConstructorAccessorImpl.newInstance(NativeConstructorAccessorImpl.java:77)
	at java.base/jdk.internal.reflect.DelegatingConstructorAccessorImpl.newInstance(DelegatingConstructorAccessorImpl.java:45)
	at java.base/java.lang.reflect.Constructor.newInstanceWithCaller(Constructor.java:499)
	at java.base/java.lang.reflect.Constructor.newInstance(Constructor.java:480)
	at org.openqa.selenium.remote.codec.w3c.W3CHttpResponseCodec.createException(W3CHttpResponseCodec.java:200)
	at org.openqa.selenium.remote.codec.w3c.W3CHttpResponseCodec.decode(W3CHttpResponseCodec.java:133)
	at org.openqa.selenium.remote.codec.w3c.W3CHttpResponseCodec.decode(W3CHttpResponseCodec.java:52)
	at org.openqa.selenium.remote.HttpCommandExecutor.execute(HttpCommandExecutor.java:191)
	at org.openqa.selenium.remote.service.DriverCommandExecutor.invokeExecute(DriverCommandExecutor.java:200)
	at org.openqa.selenium.remote.service.DriverCommandExecutor.execute(DriverCommandExecutor.java:175)
	at org.openqa.selenium.remote.RemoteWebDriver.execute(RemoteWebDriver.java:523)
	at org.openqa.selenium.remote.ElementLocation$ElementFinder$2.findElement(ElementLocation.java:165)
	at org.openqa.selenium.remote.ElementLocation.findElement(ElementLocation.java:59)
	at org.openqa.selenium.remote.RemoteWebDriver.findElement(RemoteWebDriver.java:360)
	at org.openqa.selenium.remote.RemoteWebDriver.findElement(RemoteWebDriver.java:354)
	at org.openqa.selenium.support.pagefactory.DefaultElementLocator.findElement(DefaultElementLocator.java:68)
	at org.openqa.selenium.support.pagefactory.internal.LocatingElementHandler.invoke(LocatingElementHandler.java:38)
	at jdk.proxy2/jdk.proxy2.$Proxy29.getWrappedElement(Unknown Source)
	at org.openqa.selenium.remote.internal.WebElementToJsonConverter.apply(WebElementToJsonConverter.java:51)
	at java.base/java.util.stream.ReferencePipeline$3$1.accept(ReferencePipeline.java:197)
	at java.base/java.util.Spliterators$ArraySpliterator.forEachRemaining(Spliterators.java:992)
	at java.base/java.util.stream.AbstractPipeline.copyInto(AbstractPipeline.java:509)
	at java.base/java.util.stream.AbstractPipeline.wrapAndCopyInto(AbstractPipeline.java:499)
	at java.base/java.util.stream.ReduceOps$ReduceOp.evaluateSequential(ReduceOps.java:921)
	at java.base/java.util.stream.AbstractPipeline.evaluate(AbstractPipeline.java:234)
	at java.base/java.util.stream.ReferencePipeline.collect(ReferencePipeline.java:682)
	at org.openqa.selenium.remote.RemoteWebDriver.executeScript(RemoteWebDriver.java:466)
	at com.automationexercise.pages.HomePage.scrollDownToRecommendedItems(HomePage.java:65)
	at com.automationexercise.steps.TC10_VerifySubscriptionInHomePage.theUserScrollsDownToFooter(TC10_VerifySubscriptionInHomePage.java:11)
	at ✽.The user scrolls down to footer(file:///C:/Users/sneha/avinash-week16-automationexercise/src/test/resources/features/TC11_VerifySubscriptionInCartPage.feature:7)
</textarea>
      
      </div>
              </div>
              <div class="step skip-bg" title="com.automationexercise.steps.TC10_VerifySubscriptionInHomePage.verifyTextSUBSCRIPTION()">
                <span>Then Verify text SUBSCRIPTION</span>
      <div>Step skipped
      </div>
              </div>
              <div class="step skip-bg" title="com.automationexercise.steps.TC10_VerifySubscriptionInHomePage.theUserEntersEmailAddress(java.lang.String)">
                <span>When The user enters email address "aviiippp@gmail.com"</span>
      <div>Step skipped
      </div>
              </div>
              <div class="step skip-bg" title="com.automationexercise.steps.TC10_VerifySubscriptionInHomePage.theUserClicksSubscriptionSubmitButton()">
                <span>When The user clicks Subscription submit button</span>
      <div>Step skipped
      </div>
              </div>
              <div class="step skip-bg" title="com.automationexercise.steps.TC10_VerifySubscriptionInHomePage.verifySuccessMessageYouHaveBeenSuccessfullySubscribedIsVisible()">
                <span>Then Verify success message You have been successfully subscribed is visible</span>
      <div>Step skipped
      </div>
              </div>
              <div class="step pass-bg" title="AFTER">
                <span>com.automationexercise.steps.Hooks.tearDown(io.cucumber.java.Scenario)</span>
      <div>TC11 Verify Subscription in Cart page
          <div class="row mb-3"><div class="col-md-3">
<img data-featherlight='../screenshots/embedded4.png' src="../screenshots/embedded4.png">
    
    </div></div>
</div>
      <div>
      </div>
              </div>
          </div>
        </div>
  </div>
</div>
          </div>
        </li>
        <li class="test-item"  status="fail" test-id="153"
          author=""
          tag=""
          device="">
          <div class="test-detail">
            <p class="name">TC12 Add Products in Cart</p>
            <p class="text-sm">
              <span>21:36:56</span> / <span>00:00:33:277</span>
              <span class="badge fail-bg log float-right">Fail</span>
            </p>
          </div>
          <div class="test-contents d-none">
<div class="detail-head">
<div class="p-v-10">
<div class="info">
<h5 class="test-status text-fail">TC12 Add Products in Cart</h5>
<span class='badge badge-success'>12.28.2023 21:36:56</span>
<span class='badge badge-danger'>12.28.2023 21:37:29</span>
<span class='badge badge-default'>00:00:33:277</span>
&middot; <span class='uri-anchor badge badge-default'>#test-id=153</span>
<span class='badge badge-default pointer float-right ml-1 et'><i class="fa fa-chevron-down"></i></span>
<span class='badge badge-default pointer float-right ct'><i class="fa fa-chevron-up"></i></span>
</div>
<div class="m-t-10 m-l-5"></div>
</div>
</div>
<div class="accordion mt-4">
  <div class="card">
    <div class="card-header" role="tab">
      <div class="card-title">
        <div class="node" id="154"><span class="badge log fail-bg mr-2">Fail</span>TC12 Add Products in Cart</div>
          <div class="status-avatar float-right mr-4">
            <i class="fa fa-paperclip"></i>
          </div>
      </div>
    </div>
        <div class="">
          <div class="card-body">
              <div class="step pass-bg" title="com.automationexercise.steps.TC01_RegisterUser.theUserIsOnTheHomePage()">
                <span>Given The user is on the home page</span>
      <div>
      </div>
              </div>
              <div class="step pass-bg" title="com.automationexercise.steps.TC08_VerifyAllProductsAndProductDetailPage.theUserClicksProductsMenuButton()">
                <span>When The user clicks Products menu button</span>
      <div>
      </div>
              </div>
              <div class="step pass-bg" title="com.automationexercise.steps.TC12_AddProductsInCart.theUserHoversOverFirstProductAndClicksAddToCart()">
                <span>And The user hovers over first product and clicks Add to cart</span>
      <div>
      </div>
              </div>
              <div class="step fail-bg" title="com.automationexercise.steps.TC12_AddProductsInCart.theUserClicksContinueShoppingButton()">
                <span>And The user clicks Continue Shopping button</span>
      <div>
        <textarea disabled class="code-block">org.openqa.selenium.NoSuchElementException: no such element: Unable to locate element: {"method":"xpath","selector":"//button[.='Continue Shopping']"}
  (Session info: chrome=120.0.6099.130)
For documentation on this error, please visit: https://www.selenium.dev/documentation/webdriver/troubleshooting/errors#no-such-element-exception
Build info: version: '4.16.1', revision: '9b4c83354e'
System info: os.name: 'Windows 11', os.arch: 'amd64', os.version: '10.0', java.version: '17.0.8'
Driver info: org.openqa.selenium.chrome.ChromeDriver
Command: [2aa47d9d84b8ac56f97a427e7dce213a, findElement {using=xpath, value=//button[.='Continue Shopping']}]
Capabilities {acceptInsecureCerts: false, browserName: chrome, browserVersion: 120.0.6099.130, chrome: {chromedriverVersion: 120.0.6099.109 (3419140ab66..., userDataDir: C:\Users\sneha\AppData\Loca...}, fedcm:accounts: true, goog:chromeOptions: {debuggerAddress: localhost:53399}, networkConnectionEnabled: false, pageLoadStrategy: normal, platformName: windows, proxy: Proxy(), se:cdp: ws://localhost:53399/devtoo..., se:cdpVersion: 120.0.6099.130, setWindowRect: true, strictFileInteractability: false, timeouts: {implicit: 0, pageLoad: 300000, script: 30000}, unhandledPromptBehavior: dismiss and notify, webauthn:extension:credBlob: true, webauthn:extension:largeBlob: true, webauthn:extension:minPinLength: true, webauthn:extension:prf: true, webauthn:virtualAuthenticators: true}
Session ID: 2aa47d9d84b8ac56f97a427e7dce213a
	at java.base/jdk.internal.reflect.NativeConstructorAccessorImpl.newInstance0(Native Method)
	at java.base/jdk.internal.reflect.NativeConstructorAccessorImpl.newInstance(NativeConstructorAccessorImpl.java:77)
	at java.base/jdk.internal.reflect.DelegatingConstructorAccessorImpl.newInstance(DelegatingConstructorAccessorImpl.java:45)
	at java.base/java.lang.reflect.Constructor.newInstanceWithCaller(Constructor.java:499)
	at java.base/java.lang.reflect.Constructor.newInstance(Constructor.java:480)
	at org.openqa.selenium.remote.codec.w3c.W3CHttpResponseCodec.createException(W3CHttpResponseCodec.java:200)
	at org.openqa.selenium.remote.codec.w3c.W3CHttpResponseCodec.decode(W3CHttpResponseCodec.java:133)
	at org.openqa.selenium.remote.codec.w3c.W3CHttpResponseCodec.decode(W3CHttpResponseCodec.java:52)
	at org.openqa.selenium.remote.HttpCommandExecutor.execute(HttpCommandExecutor.java:191)
	at org.openqa.selenium.remote.service.DriverCommandExecutor.invokeExecute(DriverCommandExecutor.java:200)
	at org.openqa.selenium.remote.service.DriverCommandExecutor.execute(DriverCommandExecutor.java:175)
	at org.openqa.selenium.remote.RemoteWebDriver.execute(RemoteWebDriver.java:523)
	at org.openqa.selenium.remote.ElementLocation$ElementFinder$2.findElement(ElementLocation.java:165)
	at org.openqa.selenium.remote.ElementLocation.findElement(ElementLocation.java:59)
	at org.openqa.selenium.remote.RemoteWebDriver.findElement(RemoteWebDriver.java:360)
	at org.openqa.selenium.remote.RemoteWebDriver.findElement(RemoteWebDriver.java:354)
	at org.openqa.selenium.support.pagefactory.DefaultElementLocator.findElement(DefaultElementLocator.java:68)
	at org.openqa.selenium.support.pagefactory.internal.LocatingElementHandler.invoke(LocatingElementHandler.java:38)
	at jdk.proxy2/jdk.proxy2.$Proxy29.click(Unknown Source)
	at com.automationexercise.utility.Utility.clickOnElement(Utility.java:50)
	at com.automationexercise.pages.ProductsPage.clickContinueShoppingButton(ProductsPage.java:164)
	at com.automationexercise.steps.TC12_AddProductsInCart.theUserClicksContinueShoppingButton(TC12_AddProductsInCart.java:16)
	at ✽.The user clicks Continue Shopping button(file:///C:/Users/sneha/avinash-week16-automationexercise/src/test/resources/features/TC12_AddProductsInCart.feature:8)
</textarea>
      
      </div>
              </div>
              <div class="step skip-bg" title="com.automationexercise.steps.TC12_AddProductsInCart.theUserHoversOverSecondProductAndClicksAddToCart()">
                <span>And The user hovers over second product and clicks Add to cart</span>
      <div>Step skipped
      </div>
              </div>
              <div class="step skip-bg" title="com.automationexercise.steps.TC12_AddProductsInCart.theUserClicksViewCartButton()">
                <span>And The user clicks View Cart button</span>
      <div>Step skipped
      </div>
              </div>
              <div class="step skip-bg" title="com.automationexercise.steps.TC12_AddProductsInCart.verifyBothProductsAreAddedToCart()">
                <span>Then Verify both products are added to Cart</span>
      <div>Step skipped
      </div>
              </div>
              <div class="step skip-bg" title="com.automationexercise.steps.TC12_AddProductsInCart.verifyTheirPrices()">
                <span>And Verify their prices</span>
      <div>Step skipped
      </div>
              </div>
              <div class="step skip-bg" title="com.automationexercise.steps.TC12_AddProductsInCart.verifyTheirQuantity()">
                <span>And Verify their quantity</span>
      <div>Step skipped
      </div>
              </div>
              <div class="step skip-bg" title="com.automationexercise.steps.TC12_AddProductsInCart.verifyTheirTotalPrice()">
                <span>And Verify their total price</span>
      <div>Step skipped
      </div>
              </div>
              <div class="step pass-bg" title="AFTER">
                <span>com.automationexercise.steps.Hooks.tearDown(io.cucumber.java.Scenario)</span>
      <div>TC12 Add Products in Cart
          <div class="row mb-3"><div class="col-md-3">
<img data-featherlight='../screenshots/embedded5.png' src="../screenshots/embedded5.png">
    
    </div></div>
</div>
      <div>
      </div>
              </div>
          </div>
        </div>
  </div>
</div>
          </div>
        </li>
        <li class="test-item"  status="fail" test-id="167"
          author=""
          tag=""
          device="">
          <div class="test-detail">
            <p class="name">TC13 Verify Product quantity in Cart</p>
            <p class="text-sm">
              <span>21:37:29</span> / <span>00:00:19:820</span>
              <span class="badge fail-bg log float-right">Fail</span>
            </p>
          </div>
          <div class="test-contents d-none">
<div class="detail-head">
<div class="p-v-10">
<div class="info">
<h5 class="test-status text-fail">TC13 Verify Product quantity in Cart</h5>
<span class='badge badge-success'>12.28.2023 21:37:29</span>
<span class='badge badge-danger'>12.28.2023 21:37:49</span>
<span class='badge badge-default'>00:00:19:820</span>
&middot; <span class='uri-anchor badge badge-default'>#test-id=167</span>
<span class='badge badge-default pointer float-right ml-1 et'><i class="fa fa-chevron-down"></i></span>
<span class='badge badge-default pointer float-right ct'><i class="fa fa-chevron-up"></i></span>
</div>
<div class="m-t-10 m-l-5"></div>
</div>
</div>
<div class="accordion mt-4">
  <div class="card">
    <div class="card-header" role="tab">
      <div class="card-title">
        <div class="node" id="168"><span class="badge log fail-bg mr-2">Fail</span>TC13 Verify Product quantity in Cart</div>
          <div class="status-avatar float-right mr-4">
            <i class="fa fa-paperclip"></i>
          </div>
      </div>
    </div>
        <div class="">
          <div class="card-body">
              <div class="step pass-bg" title="com.automationexercise.steps.TC01_RegisterUser.theUserIsOnTheHomePage()">
                <span>Given The user is on the home page</span>
      <div>
      </div>
              </div>
              <div class="step pass-bg" title="com.automationexercise.steps.TC13_VerifyProductQuantityInCart.theUserClicksViewProductForAnyProductOnHomePage()">
                <span>When The user clicks View Product for any product on home page</span>
      <div>
      </div>
              </div>
              <div class="step fail-bg" title="com.automationexercise.steps.TC13_VerifyProductQuantityInCart.verifyProductDetailIsOpened()">
                <span>Then Verify product detail is opened</span>
      <div>
        <textarea disabled class="code-block">org.openqa.selenium.NoSuchElementException: no such element: Unable to locate element: {"method":"xpath","selector":"//h2[.='Blue Top']"}
  (Session info: chrome=120.0.6099.130)
For documentation on this error, please visit: https://www.selenium.dev/documentation/webdriver/troubleshooting/errors#no-such-element-exception
Build info: version: '4.16.1', revision: '9b4c83354e'
System info: os.name: 'Windows 11', os.arch: 'amd64', os.version: '10.0', java.version: '17.0.8'
Driver info: org.openqa.selenium.chrome.ChromeDriver
Command: [21316ffda81b4134ed255431829c3511, findElement {using=xpath, value=//h2[.='Blue Top']}]
Capabilities {acceptInsecureCerts: false, browserName: chrome, browserVersion: 120.0.6099.130, chrome: {chromedriverVersion: 120.0.6099.109 (3419140ab66..., userDataDir: C:\Users\sneha\AppData\Loca...}, fedcm:accounts: true, goog:chromeOptions: {debuggerAddress: localhost:53488}, networkConnectionEnabled: false, pageLoadStrategy: normal, platformName: windows, proxy: Proxy(), se:cdp: ws://localhost:53488/devtoo..., se:cdpVersion: 120.0.6099.130, setWindowRect: true, strictFileInteractability: false, timeouts: {implicit: 0, pageLoad: 300000, script: 30000}, unhandledPromptBehavior: dismiss and notify, webauthn:extension:credBlob: true, webauthn:extension:largeBlob: true, webauthn:extension:minPinLength: true, webauthn:extension:prf: true, webauthn:virtualAuthenticators: true}
Session ID: 21316ffda81b4134ed255431829c3511
	at java.base/jdk.internal.reflect.NativeConstructorAccessorImpl.newInstance0(Native Method)
	at java.base/jdk.internal.reflect.NativeConstructorAccessorImpl.newInstance(NativeConstructorAccessorImpl.java:77)
	at java.base/jdk.internal.reflect.DelegatingConstructorAccessorImpl.newInstance(DelegatingConstructorAccessorImpl.java:45)
	at java.base/java.lang.reflect.Constructor.newInstanceWithCaller(Constructor.java:499)
	at java.base/java.lang.reflect.Constructor.newInstance(Constructor.java:480)
	at org.openqa.selenium.remote.codec.w3c.W3CHttpResponseCodec.createException(W3CHttpResponseCodec.java:200)
	at org.openqa.selenium.remote.codec.w3c.W3CHttpResponseCodec.decode(W3CHttpResponseCodec.java:133)
	at org.openqa.selenium.remote.codec.w3c.W3CHttpResponseCodec.decode(W3CHttpResponseCodec.java:52)
	at org.openqa.selenium.remote.HttpCommandExecutor.execute(HttpCommandExecutor.java:191)
	at org.openqa.selenium.remote.service.DriverCommandExecutor.invokeExecute(DriverCommandExecutor.java:200)
	at org.openqa.selenium.remote.service.DriverCommandExecutor.execute(DriverCommandExecutor.java:175)
	at org.openqa.selenium.remote.RemoteWebDriver.execute(RemoteWebDriver.java:523)
	at org.openqa.selenium.remote.ElementLocation$ElementFinder$2.findElement(ElementLocation.java:165)
	at org.openqa.selenium.remote.ElementLocation.findElement(ElementLocation.java:59)
	at org.openqa.selenium.remote.RemoteWebDriver.findElement(RemoteWebDriver.java:360)
	at org.openqa.selenium.remote.RemoteWebDriver.findElement(RemoteWebDriver.java:354)
	at org.openqa.selenium.support.pagefactory.DefaultElementLocator.findElement(DefaultElementLocator.java:68)
	at org.openqa.selenium.support.pagefactory.internal.LocatingElementHandler.invoke(LocatingElementHandler.java:38)
	at jdk.proxy2/jdk.proxy2.$Proxy29.getText(Unknown Source)
	at com.automationexercise.utility.Utility.getTextFromElement(Utility.java:61)
	at com.automationexercise.pages.ProductDetailsPage.verifyProductName(ProductDetailsPage.java:83)
	at com.automationexercise.steps.TC13_VerifyProductQuantityInCart.verifyProductDetailIsOpened(TC13_VerifyProductQuantityInCart.java:18)
	at ✽.Verify product detail is opened(file:///C:/Users/sneha/avinash-week16-automationexercise/src/test/resources/features/TC13_VerifyProductQuantityInCart.feature:7)
</textarea>
      
      </div>
              </div>
              <div class="step skip-bg" title="com.automationexercise.steps.TC13_VerifyProductQuantityInCart.theUserIncreasesQuantityTo(java.lang.String)">
                <span>When The user increases quantity to "4"</span>
      <div>Step skipped
      </div>
              </div>
              <div class="step skip-bg" title="com.automationexercise.steps.TC13_VerifyProductQuantityInCart.theUserClicksAddToCartButton()">
                <span>And The user clicks Add to cart button</span>
      <div>Step skipped
      </div>
              </div>
              <div class="step skip-bg" title="com.automationexercise.steps.TC12_AddProductsInCart.theUserClicksViewCartButton()">
                <span>And The user clicks View Cart button</span>
      <div>Step skipped
      </div>
              </div>
              <div class="step skip-bg" title="com.automationexercise.steps.TC13_VerifyProductQuantityInCart.verifyThatProductIsDisplayedInCartPageWithExactQuantity()">
                <span>Then Verify that product is displayed in cart page with exact quantity</span>
      <div>Step skipped
      </div>
              </div>
              <div class="step pass-bg" title="AFTER">
                <span>com.automationexercise.steps.Hooks.tearDown(io.cucumber.java.Scenario)</span>
      <div>TC13 Verify Product quantity in Cart
          <div class="row mb-3"><div class="col-md-3">
<img data-featherlight='../screenshots/embedded6.png' src="../screenshots/embedded6.png">
    
    </div></div>
</div>
      <div>
      </div>
              </div>
          </div>
        </div>
  </div>
</div>
          </div>
        </li>
        <li class="test-item"  status="fail" test-id="178"
          author=""
          tag=""
          device="">
          <div class="test-detail">
            <p class="name">TC14 Place Order Register while Checkout</p>
            <p class="text-sm">
              <span>21:37:49</span> / <span>00:00:14:451</span>
              <span class="badge fail-bg log float-right">Fail</span>
            </p>
          </div>
          <div class="test-contents d-none">
<div class="detail-head">
<div class="p-v-10">
<div class="info">
<h5 class="test-status text-fail">TC14 Place Order Register while Checkout</h5>
<span class='badge badge-success'>12.28.2023 21:37:49</span>
<span class='badge badge-danger'>12.28.2023 21:38:03</span>
<span class='badge badge-default'>00:00:14:451</span>
&middot; <span class='uri-anchor badge badge-default'>#test-id=178</span>
<span class='badge badge-default pointer float-right ml-1 et'><i class="fa fa-chevron-down"></i></span>
<span class='badge badge-default pointer float-right ct'><i class="fa fa-chevron-up"></i></span>
</div>
<div class="m-t-10 m-l-5"></div>
</div>
</div>
<div class="accordion mt-4">
  <div class="card">
    <div class="card-header" role="tab">
      <div class="card-title">
        <div class="node" id="179"><span class="badge log fail-bg mr-2">Fail</span>TC14 Register while Checkout</div>
          <div class="status-avatar float-right mr-4">
            <i class="fa fa-paperclip"></i>
          </div>
      </div>
    </div>
        <div class="">
          <div class="card-body">
              <div class="step pass-bg" title="com.automationexercise.steps.TC01_RegisterUser.theUserIsOnTheHomePage()">
                <span>Given The user is on the home page</span>
      <div>
      </div>
              </div>
              <div class="step pass-bg" title="com.automationexercise.steps.TC12_AddProductsInCart.theUserHoversOverFirstProductAndClicksAddToCart()">
                <span>When The user hovers over first product and clicks Add to cart</span>
      <div>
      </div>
              </div>
              <div class="step fail-bg" title="com.automationexercise.steps.TC12_AddProductsInCart.theUserClicksContinueShoppingButton()">
                <span>And The user clicks Continue Shopping button</span>
      <div>
        <textarea disabled class="code-block">org.openqa.selenium.ElementNotInteractableException: element not interactable
  (Session info: chrome=120.0.6099.130)
Build info: version: '4.16.1', revision: '9b4c83354e'
System info: os.name: 'Windows 11', os.arch: 'amd64', os.version: '10.0', java.version: '17.0.8'
Driver info: org.openqa.selenium.chrome.ChromeDriver
Command: [25e4a0c64a8003bfb0ad3df027ed860e, clickElement {id=3B9FC27B769329B333E355F215AC34DF_element_61}]
Capabilities {acceptInsecureCerts: false, browserName: chrome, browserVersion: 120.0.6099.130, chrome: {chromedriverVersion: 120.0.6099.109 (3419140ab66..., userDataDir: C:\Users\sneha\AppData\Loca...}, fedcm:accounts: true, goog:chromeOptions: {debuggerAddress: localhost:53533}, networkConnectionEnabled: false, pageLoadStrategy: normal, platformName: windows, proxy: Proxy(), se:cdp: ws://localhost:53533/devtoo..., se:cdpVersion: 120.0.6099.130, setWindowRect: true, strictFileInteractability: false, timeouts: {implicit: 0, pageLoad: 300000, script: 30000}, unhandledPromptBehavior: dismiss and notify, webauthn:extension:credBlob: true, webauthn:extension:largeBlob: true, webauthn:extension:minPinLength: true, webauthn:extension:prf: true, webauthn:virtualAuthenticators: true}
Element: [[ChromeDriver: chrome on windows (25e4a0c64a8003bfb0ad3df027ed860e)] -> xpath: //button[.='Continue Shopping']]
Session ID: 25e4a0c64a8003bfb0ad3df027ed860e
	at java.base/jdk.internal.reflect.NativeConstructorAccessorImpl.newInstance0(Native Method)
	at java.base/jdk.internal.reflect.NativeConstructorAccessorImpl.newInstance(NativeConstructorAccessorImpl.java:77)
	at java.base/jdk.internal.reflect.DelegatingConstructorAccessorImpl.newInstance(DelegatingConstructorAccessorImpl.java:45)
	at java.base/java.lang.reflect.Constructor.newInstanceWithCaller(Constructor.java:499)
	at java.base/java.lang.reflect.Constructor.newInstance(Constructor.java:480)
	at org.openqa.selenium.remote.codec.w3c.W3CHttpResponseCodec.createException(W3CHttpResponseCodec.java:200)
	at org.openqa.selenium.remote.codec.w3c.W3CHttpResponseCodec.decode(W3CHttpResponseCodec.java:133)
	at org.openqa.selenium.remote.codec.w3c.W3CHttpResponseCodec.decode(W3CHttpResponseCodec.java:52)
	at org.openqa.selenium.remote.HttpCommandExecutor.execute(HttpCommandExecutor.java:191)
	at org.openqa.selenium.remote.service.DriverCommandExecutor.invokeExecute(DriverCommandExecutor.java:200)
	at org.openqa.selenium.remote.service.DriverCommandExecutor.execute(DriverCommandExecutor.java:175)
	at org.openqa.selenium.remote.RemoteWebDriver.execute(RemoteWebDriver.java:523)
	at org.openqa.selenium.remote.RemoteWebElement.execute(RemoteWebElement.java:224)
	at org.openqa.selenium.remote.RemoteWebElement.click(RemoteWebElement.java:77)
	at jdk.internal.reflect.GeneratedMethodAccessor104.invoke(Unknown Source)
	at java.base/jdk.internal.reflect.DelegatingMethodAccessorImpl.invoke(DelegatingMethodAccessorImpl.java:43)
	at java.base/java.lang.reflect.Method.invoke(Method.java:568)
	at org.openqa.selenium.support.pagefactory.internal.LocatingElementHandler.invoke(LocatingElementHandler.java:51)
	at jdk.proxy2/jdk.proxy2.$Proxy29.click(Unknown Source)
	at com.automationexercise.utility.Utility.clickOnElement(Utility.java:50)
	at com.automationexercise.pages.ProductsPage.clickContinueShoppingButton(ProductsPage.java:164)
	at com.automationexercise.steps.TC12_AddProductsInCart.theUserClicksContinueShoppingButton(TC12_AddProductsInCart.java:16)
	at ✽.The user clicks Continue Shopping button(file:///C:/Users/sneha/avinash-week16-automationexercise/src/test/resources/features/TC14_PlaceOrderRegisterWhileCheckout.feature:7)
</textarea>
      
      </div>
              </div>
              <div class="step skip-bg" title="com.automationexercise.steps.TC12_AddProductsInCart.theUserHoversOverSecondProductAndClicksAddToCart()">
                <span>And The user hovers over second product and clicks Add to cart</span>
      <div>Step skipped
      </div>
              </div>
              <div class="step skip-bg" title="com.automationexercise.steps.TC12_AddProductsInCart.theUserClicksContinueShoppingButton()">
                <span>And The user clicks Continue Shopping button</span>
      <div>Step skipped
      </div>
              </div>
              <div class="step skip-bg" title="com.automationexercise.steps.TC11_VerifySubscriptionInCartPage.theUserClicksCartMenuButton()">
                <span>And The user clicks Cart menu button</span>
      <div>Step skipped
      </div>
              </div>
              <div class="step skip-bg" title="com.automationexercise.steps.TC17_RemoveProductsFromCart.verifyThatCartPageIsDisplayed()">
                <span>Then Verify that cart page is displayed</span>
      <div>Step skipped
      </div>
              </div>
              <div class="step skip-bg" title="com.automationexercise.steps.TC23_VerifyAddressDetailsInCheckoutPage.theUserClicksProceedToCheckoutButton()">
                <span>When The user clicks Proceed To Checkout button</span>
      <div>Step skipped
      </div>
              </div>
              <div class="step skip-bg" title="com.automationexercise.steps.TC24_DownloadInvoiceAfterPurchaseOrder.theUserClicksRegisterLoginButton()">
                <span>And The user clicks Register-Login button</span>
      <div>Step skipped
      </div>
              </div>
              <div class="step skip-bg" title="com.automationexercise.steps.TC01_RegisterUser.theUserEntersName(java.lang.String)">
                <span>And The user enters name "Avi"</span>
      <div>Step skipped
      </div>
              </div>
              <div class="step skip-bg" title="com.automationexercise.steps.TC01_RegisterUser.theUserEntersEmail(java.lang.String)">
                <span>And The user enters email "aavviipatell@gmail.com"</span>
      <div>Step skipped
      </div>
              </div>
              <div class="step skip-bg" title="com.automationexercise.steps.TC01_RegisterUser.theUserClicksSignupButton()">
                <span>And The user clicks Signup button</span>
      <div>Step skipped
      </div>
              </div>
              <div class="step skip-bg" title="com.automationexercise.steps.TC01_RegisterUser.userSelectsMr()">
                <span>When User selects Mr</span>
      <div>Step skipped
      </div>
              </div>
              <div class="step skip-bg" title="com.automationexercise.steps.TC01_RegisterUser.userEntersPassword(java.lang.String)">
                <span>When User Enters Password "Prime12345"</span>
      <div>Step skipped
      </div>
              </div>
              <div class="step skip-bg" title="com.automationexercise.steps.TC01_RegisterUser.userSelectsDay(java.lang.String)">
                <span>When User Selects Day "1"</span>
      <div>Step skipped
      </div>
              </div>
              <div class="step skip-bg" title="com.automationexercise.steps.TC01_RegisterUser.userSelectsMonth(java.lang.String)">
                <span>When User Selects Month "May"</span>
      <div>Step skipped
      </div>
              </div>
              <div class="step skip-bg" title="com.automationexercise.steps.TC01_RegisterUser.userSelectsYear(java.lang.String)">
                <span>When User Selects Year "2009"</span>
      <div>Step skipped
      </div>
              </div>
              <div class="step skip-bg" title="com.automationexercise.steps.TC01_RegisterUser.userEntersFirstName(java.lang.String)">
                <span>When User Enters First Name "Avi"</span>
      <div>Step skipped
      </div>
              </div>
              <div class="step skip-bg" title="com.automationexercise.steps.TC01_RegisterUser.userEntersLastName(java.lang.String)">
                <span>When User Enters Last Name "Pat"</span>
      <div>Step skipped
      </div>
              </div>
              <div class="step skip-bg" title="com.automationexercise.steps.TC01_RegisterUser.userEntersAddress(java.lang.String)">
                <span>When User Enters Address "1 Prime Road"</span>
      <div>Step skipped
      </div>
              </div>
              <div class="step skip-bg" title="com.automationexercise.steps.TC01_RegisterUser.userEntersCountry(java.lang.String)">
                <span>When User Enters Country "India"</span>
      <div>Step skipped
      </div>
              </div>
              <div class="step skip-bg" title="com.automationexercise.steps.TC01_RegisterUser.userEntersState(java.lang.String)">
                <span>When User Enters State "Mumbai"</span>
      <div>Step skipped
      </div>
              </div>
              <div class="step skip-bg" title="com.automationexercise.steps.TC01_RegisterUser.userEntersCity(java.lang.String)">
                <span>When User Enters City "Bombay"</span>
      <div>Step skipped
      </div>
              </div>
              <div class="step skip-bg" title="com.automationexercise.steps.TC01_RegisterUser.userEntersZipcode(java.lang.String)">
                <span>When User Enters Zipcode "HA02JK"</span>
      <div>Step skipped
      </div>
              </div>
              <div class="step skip-bg" title="com.automationexercise.steps.TC01_RegisterUser.userEntersMobile(java.lang.String)">
                <span>When User Enters Mobile "07765234598"</span>
      <div>Step skipped
      </div>
              </div>
              <div class="step skip-bg" title="com.automationexercise.steps.TC01_RegisterUser.theUserClicksCreateAccountButton()">
                <span>And The user clicks Create Account button</span>
      <div>Step skipped
      </div>
              </div>
              <div class="step skip-bg" title="com.automationexercise.steps.TC01_RegisterUser.verifyThatACCOUNTCREATEDIsVisible()">
                <span>Then Verify that ACCOUNT CREATED! is visible</span>
      <div>Step skipped
      </div>
              </div>
              <div class="step skip-bg" title="com.automationexercise.steps.TC01_RegisterUser.theUserClicksContinueButton()">
                <span>When The user clicks Continue button</span>
      <div>Step skipped
      </div>
              </div>
              <div class="step skip-bg" title="com.automationexercise.steps.TC01_RegisterUser.verifyThatLoggedInAsUsernameIsVisible()">
                <span>And Verify that Logged in as username is visible</span>
      <div>Step skipped
      </div>
              </div>
              <div class="step skip-bg" title="com.automationexercise.steps.TC11_VerifySubscriptionInCartPage.theUserClicksCartMenuButton()">
                <span>When The user clicks Cart menu button</span>
      <div>Step skipped
      </div>
              </div>
              <div class="step skip-bg" title="com.automationexercise.steps.TC23_VerifyAddressDetailsInCheckoutPage.theUserClicksProceedToCheckoutButton()">
                <span>And The user clicks Proceed To Checkout button</span>
      <div>Step skipped
      </div>
              </div>
              <div class="step skip-bg" title="com.automationexercise.steps.TC23_VerifyAddressDetailsInCheckoutPage.verifyThatTheDeliveryAddressIsSameAddressFilledAtTheTimeRegistrationOfAccount()">
                <span>Then Verify that the delivery address is same address filled at the time registration of account</span>
      <div>Step skipped
      </div>
              </div>
              <div class="step skip-bg" title="com.automationexercise.steps.TC23_VerifyAddressDetailsInCheckoutPage.verifyThatTheBillingAddressIsSameAddressFilledAtTheTimeRegistrationOfAccount()">
                <span>And Verify that the billing address is same address filled at the time registration of account</span>
      <div>Step skipped
      </div>
              </div>
              <div class="step skip-bg" title="com.automationexercise.steps.TC24_DownloadInvoiceAfterPurchaseOrder.theUserEntersDescriptionInCommentTextArea(java.lang.String)">
                <span>When The user enters description in comment text area "thanks"</span>
      <div>Step skipped
      </div>
              </div>
              <div class="step skip-bg" title="com.automationexercise.steps.TC24_DownloadInvoiceAfterPurchaseOrder.clickPlaceOrderButton()">
                <span>And Click Place Order button</span>
      <div>Step skipped
      </div>
              </div>
              <div class="step skip-bg" title="com.automationexercise.steps.TC24_DownloadInvoiceAfterPurchaseOrder.theUserEntersPaymentDetailsNameOnCard(java.lang.String)">
                <span>And The user enters payment details Name on Card "avinassh"</span>
      <div>Step skipped
      </div>
              </div>
              <div class="step skip-bg" title="com.automationexercise.steps.TC24_DownloadInvoiceAfterPurchaseOrder.theUserEntersPaymentDetailsCardNumber(java.lang.String)">
                <span>And The user enters payment details Card Number "1234567891234567"</span>
      <div>Step skipped
      </div>
              </div>
              <div class="step skip-bg" title="com.automationexercise.steps.TC24_DownloadInvoiceAfterPurchaseOrder.theUserEntersPaymentDetailsCVC(java.lang.String)">
                <span>And The user enters payment details CVC "311"</span>
      <div>Step skipped
      </div>
              </div>
              <div class="step skip-bg" title="com.automationexercise.steps.TC24_DownloadInvoiceAfterPurchaseOrder.theUserEntersPaymentDetailsExpirationMonth(java.lang.String)">
                <span>And The user enters payment details Expiration month "11"</span>
      <div>Step skipped
      </div>
              </div>
              <div class="step skip-bg" title="com.automationexercise.steps.TC24_DownloadInvoiceAfterPurchaseOrder.theUserEntersPaymentDetailsExpirationYear(java.lang.String)">
                <span>And The user enters payment details Expiration year "2024"</span>
      <div>Step skipped
      </div>
              </div>
              <div class="step skip-bg" title="com.automationexercise.steps.TC24_DownloadInvoiceAfterPurchaseOrder.theUserClicksPayAndConfirmOrderButton()">
                <span>When The user clicks Pay and Confirm Order button</span>
      <div>Step skipped
      </div>
              </div>
              <div class="step skip-bg" title="com.automationexercise.steps.TC14_PlaceOrderRegisterWhileCheckout.verifySuccessMessageYourOrderHasBeenPlacedSuccessfully()">
                <span>Then Verify success message Your order has been placed successfully!</span>
      <div>Step skipped
      </div>
              </div>
              <div class="step skip-bg" title="com.automationexercise.steps.TC01_RegisterUser.theUserClicksDeleteAccountButton()">
                <span>And The user clicks Delete Account button</span>
      <div>Step skipped
      </div>
              </div>
              <div class="step skip-bg" title="com.automationexercise.steps.TC01_RegisterUser.verifyThatACCOUNTDELETEDIsVisible()">
                <span>Then Verify that ACCOUNT DELETED is visible</span>
      <div>Step skipped
      </div>
              </div>
              <div class="step skip-bg" title="com.automationexercise.steps.TC01_RegisterUser.theUserClicksOtherContinueButton()">
                <span>And The user clicks Other Continue button</span>
      <div>Step skipped
      </div>
              </div>
              <div class="step pass-bg" title="AFTER">
                <span>com.automationexercise.steps.Hooks.tearDown(io.cucumber.java.Scenario)</span>
      <div>TC14 Register while Checkout
          <div class="row mb-3"><div class="col-md-3">
<img data-featherlight='../screenshots/embedded7.png' src="../screenshots/embedded7.png">
    
    </div></div>
</div>
      <div>
      </div>
              </div>
          </div>
        </div>
  </div>
</div>
          </div>
        </li>
        <li class="test-item"  status="fail" test-id="227"
          author=""
          tag=""
          device="">
          <div class="test-detail">
            <p class="name">TC15 Place Order Register before Checkout</p>
            <p class="text-sm">
              <span>21:38:03</span> / <span>00:00:24:654</span>
              <span class="badge fail-bg log float-right">Fail</span>
            </p>
          </div>
          <div class="test-contents d-none">
<div class="detail-head">
<div class="p-v-10">
<div class="info">
<h5 class="test-status text-fail">TC15 Place Order Register before Checkout</h5>
<span class='badge badge-success'>12.28.2023 21:38:03</span>
<span class='badge badge-danger'>12.28.2023 21:38:28</span>
<span class='badge badge-default'>00:00:24:654</span>
&middot; <span class='uri-anchor badge badge-default'>#test-id=227</span>
<span class='badge badge-default pointer float-right ml-1 et'><i class="fa fa-chevron-down"></i></span>
<span class='badge badge-default pointer float-right ct'><i class="fa fa-chevron-up"></i></span>
</div>
<div class="m-t-10 m-l-5"></div>
</div>
</div>
<div class="accordion mt-4">
  <div class="card">
    <div class="card-header" role="tab">
      <div class="card-title">
        <div class="node" id="228"><span class="badge log fail-bg mr-2">Fail</span>TC15 Register before Checkout</div>
          <div class="status-avatar float-right mr-4">
            <i class="fa fa-paperclip"></i>
          </div>
      </div>
    </div>
        <div class="">
          <div class="card-body">
              <div class="step pass-bg" title="com.automationexercise.steps.TC01_RegisterUser.theUserIsOnTheHomePage()">
                <span>Given The user is on the home page</span>
      <div>
      </div>
              </div>
              <div class="step pass-bg" title="com.automationexercise.steps.TC01_RegisterUser.theUserClicksSignupLoginMenuButton()">
                <span>When The user clicks Signup Login menu button</span>
      <div>
      </div>
              </div>
              <div class="step pass-bg" title="com.automationexercise.steps.TC01_RegisterUser.theUserEntersName(java.lang.String)">
                <span>And The user enters name "Avi"</span>
      <div>
      </div>
              </div>
              <div class="step pass-bg" title="com.automationexercise.steps.TC01_RegisterUser.theUserEntersEmail(java.lang.String)">
                <span>And The user enters email "aavviippate@gmail.com"</span>
      <div>
      </div>
              </div>
              <div class="step pass-bg" title="com.automationexercise.steps.TC01_RegisterUser.theUserClicksSignupButton()">
                <span>And The user clicks Signup button</span>
      <div>
      </div>
              </div>
              <div class="step pass-bg" title="com.automationexercise.steps.TC01_RegisterUser.userSelectsMr()">
                <span>When User selects Mr</span>
      <div>
      </div>
              </div>
              <div class="step pass-bg" title="com.automationexercise.steps.TC01_RegisterUser.userEntersPassword(java.lang.String)">
                <span>When User Enters Password "Prime12345"</span>
      <div>
      </div>
              </div>
              <div class="step pass-bg" title="com.automationexercise.steps.TC01_RegisterUser.userSelectsDay(java.lang.String)">
                <span>When User Selects Day "1"</span>
      <div>
      </div>
              </div>
              <div class="step pass-bg" title="com.automationexercise.steps.TC01_RegisterUser.userSelectsMonth(java.lang.String)">
                <span>When User Selects Month "May"</span>
      <div>
      </div>
              </div>
              <div class="step pass-bg" title="com.automationexercise.steps.TC01_RegisterUser.userSelectsYear(java.lang.String)">
                <span>When User Selects Year "2009"</span>
      <div>
      </div>
              </div>
              <div class="step pass-bg" title="com.automationexercise.steps.TC01_RegisterUser.userEntersFirstName(java.lang.String)">
                <span>When User Enters First Name "Avi"</span>
      <div>
      </div>
              </div>
              <div class="step pass-bg" title="com.automationexercise.steps.TC01_RegisterUser.userEntersLastName(java.lang.String)">
                <span>When User Enters Last Name "Pat"</span>
      <div>
      </div>
              </div>
              <div class="step pass-bg" title="com.automationexercise.steps.TC01_RegisterUser.userEntersAddress(java.lang.String)">
                <span>When User Enters Address "1 Prime Road"</span>
      <div>
      </div>
              </div>
              <div class="step pass-bg" title="com.automationexercise.steps.TC01_RegisterUser.userEntersCountry(java.lang.String)">
                <span>When User Enters Country "India"</span>
      <div>
      </div>
              </div>
              <div class="step pass-bg" title="com.automationexercise.steps.TC01_RegisterUser.userEntersState(java.lang.String)">
                <span>When User Enters State "Mumbai"</span>
      <div>
      </div>
              </div>
              <div class="step pass-bg" title="com.automationexercise.steps.TC01_RegisterUser.userEntersCity(java.lang.String)">
                <span>When User Enters City "Bombay"</span>
      <div>
      </div>
              </div>
              <div class="step pass-bg" title="com.automationexercise.steps.TC01_RegisterUser.userEntersZipcode(java.lang.String)">
                <span>When User Enters Zipcode "HA02JK"</span>
      <div>
      </div>
              </div>
              <div class="step pass-bg" title="com.automationexercise.steps.TC01_RegisterUser.userEntersMobile(java.lang.String)">
                <span>When User Enters Mobile "07765234598"</span>
      <div>
      </div>
              </div>
              <div class="step fail-bg" title="com.automationexercise.steps.TC01_RegisterUser.theUserClicksCreateAccountButton()">
                <span>And The user clicks Create Account button</span>
      <div>
        <textarea disabled class="code-block">org.openqa.selenium.ElementClickInterceptedException: element click intercepted: Element <button type="submit" data-qa="create-account" class="btn btn-default">...</button> is not clickable at point (551, 895). Other element would receive the click: <div id="aswift_10_host" tabindex="0" title="Advertisement" aria-label="Advertisement" style="border: none !important; height: 90px !important; width: 100% !important; margin: 0px !important; padding: 0px !important; position: relative !important; visibility: visible !important; background-color: transparent !important; display: inline-block !important; inset: auto !important; clear: none !important; float: none !important; max-height: none !important; max-width: none !important; opacity: 1 !important; overflow: visible !important; vertical-align: baseline !important; z-index: auto !important;">...</div>
  (Session info: chrome=120.0.6099.130)
Build info: version: '4.16.1', revision: '9b4c83354e'
System info: os.name: 'Windows 11', os.arch: 'amd64', os.version: '10.0', java.version: '17.0.8'
Driver info: org.openqa.selenium.chrome.ChromeDriver
Command: [56e40e9c0b46da397d17d72476d7a61f, clickElement {id=14B4CF459F1C6307335436F2A2BD0922_element_162}]
Capabilities {acceptInsecureCerts: false, browserName: chrome, browserVersion: 120.0.6099.130, chrome: {chromedriverVersion: 120.0.6099.109 (3419140ab66..., userDataDir: C:\Users\sneha\AppData\Loca...}, fedcm:accounts: true, goog:chromeOptions: {debuggerAddress: localhost:53571}, networkConnectionEnabled: false, pageLoadStrategy: normal, platformName: windows, proxy: Proxy(), se:cdp: ws://localhost:53571/devtoo..., se:cdpVersion: 120.0.6099.130, setWindowRect: true, strictFileInteractability: false, timeouts: {implicit: 0, pageLoad: 300000, script: 30000}, unhandledPromptBehavior: dismiss and notify, webauthn:extension:credBlob: true, webauthn:extension:largeBlob: true, webauthn:extension:minPinLength: true, webauthn:extension:prf: true, webauthn:virtualAuthenticators: true}
Element: [[ChromeDriver: chrome on windows (56e40e9c0b46da397d17d72476d7a61f)] -> xpath: //button[@data-qa='create-account']]
Session ID: 56e40e9c0b46da397d17d72476d7a61f
	at java.base/jdk.internal.reflect.NativeConstructorAccessorImpl.newInstance0(Native Method)
	at java.base/jdk.internal.reflect.NativeConstructorAccessorImpl.newInstance(NativeConstructorAccessorImpl.java:77)
	at java.base/jdk.internal.reflect.DelegatingConstructorAccessorImpl.newInstance(DelegatingConstructorAccessorImpl.java:45)
	at java.base/java.lang.reflect.Constructor.newInstanceWithCaller(Constructor.java:499)
	at java.base/java.lang.reflect.Constructor.newInstance(Constructor.java:480)
	at org.openqa.selenium.remote.codec.w3c.W3CHttpResponseCodec.createException(W3CHttpResponseCodec.java:200)
	at org.openqa.selenium.remote.codec.w3c.W3CHttpResponseCodec.decode(W3CHttpResponseCodec.java:133)
	at org.openqa.selenium.remote.codec.w3c.W3CHttpResponseCodec.decode(W3CHttpResponseCodec.java:52)
	at org.openqa.selenium.remote.HttpCommandExecutor.execute(HttpCommandExecutor.java:191)
	at org.openqa.selenium.remote.service.DriverCommandExecutor.invokeExecute(DriverCommandExecutor.java:200)
	at org.openqa.selenium.remote.service.DriverCommandExecutor.execute(DriverCommandExecutor.java:175)
	at org.openqa.selenium.remote.RemoteWebDriver.execute(RemoteWebDriver.java:523)
	at org.openqa.selenium.remote.RemoteWebElement.execute(RemoteWebElement.java:224)
	at org.openqa.selenium.remote.RemoteWebElement.click(RemoteWebElement.java:77)
	at jdk.internal.reflect.GeneratedMethodAccessor104.invoke(Unknown Source)
	at java.base/jdk.internal.reflect.DelegatingMethodAccessorImpl.invoke(DelegatingMethodAccessorImpl.java:43)
	at java.base/java.lang.reflect.Method.invoke(Method.java:568)
	at org.openqa.selenium.support.pagefactory.internal.LocatingElementHandler.invoke(LocatingElementHandler.java:51)
	at jdk.proxy2/jdk.proxy2.$Proxy29.click(Unknown Source)
	at com.automationexercise.utility.Utility.clickOnElement(Utility.java:50)
	at com.automationexercise.pages.RegisterPage.clickcreateAccountButton(RegisterPage.java:202)
	at com.automationexercise.steps.TC01_RegisterUser.theUserClicksCreateAccountButton(TC01_RegisterUser.java:116)
	at ✽.The user clicks Create Account button(file:///C:/Users/sneha/avinash-week16-automationexercise/src/test/resources/features/TC15_PlaceOrderRegisterBeforeCheckout.feature:23)
</textarea>
      
      </div>
              </div>
              <div class="step skip-bg" title="com.automationexercise.steps.TC01_RegisterUser.verifyThatACCOUNTCREATEDIsVisible()">
                <span>Then Verify that ACCOUNT CREATED! is visible</span>
      <div>Step skipped
      </div>
              </div>
              <div class="step skip-bg" title="com.automationexercise.steps.TC01_RegisterUser.theUserClicksContinueButton()">
                <span>When The user clicks Continue button</span>
      <div>Step skipped
      </div>
              </div>
              <div class="step skip-bg" title="com.automationexercise.steps.TC01_RegisterUser.verifyThatLoggedInAsUsernameIsVisible()">
                <span>Then Verify that Logged in as username is visible</span>
      <div>Step skipped
      </div>
              </div>
              <div class="step skip-bg" title="com.automationexercise.steps.TC12_AddProductsInCart.theUserHoversOverFirstProductAndClicksAddToCart()">
                <span>When The user hovers over first product and clicks Add to cart</span>
      <div>Step skipped
      </div>
              </div>
              <div class="step skip-bg" title="com.automationexercise.steps.TC12_AddProductsInCart.theUserClicksContinueShoppingButton()">
                <span>And The user clicks Continue Shopping button</span>
      <div>Step skipped
      </div>
              </div>
              <div class="step skip-bg" title="com.automationexercise.steps.TC12_AddProductsInCart.theUserHoversOverSecondProductAndClicksAddToCart()">
                <span>And The user hovers over second product and clicks Add to cart</span>
      <div>Step skipped
      </div>
              </div>
              <div class="step skip-bg" title="com.automationexercise.steps.TC12_AddProductsInCart.theUserClicksContinueShoppingButton()">
                <span>And The user clicks Continue Shopping button</span>
      <div>Step skipped
      </div>
              </div>
              <div class="step skip-bg" title="com.automationexercise.steps.TC11_VerifySubscriptionInCartPage.theUserClicksCartMenuButton()">
                <span>And The user clicks Cart menu button</span>
      <div>Step skipped
      </div>
              </div>
              <div class="step skip-bg" title="com.automationexercise.steps.TC17_RemoveProductsFromCart.verifyThatCartPageIsDisplayed()">
                <span>Then Verify that cart page is displayed</span>
      <div>Step skipped
      </div>
              </div>
              <div class="step skip-bg" title="com.automationexercise.steps.TC23_VerifyAddressDetailsInCheckoutPage.theUserClicksProceedToCheckoutButton()">
                <span>When The user clicks Proceed To Checkout button</span>
      <div>Step skipped
      </div>
              </div>
              <div class="step skip-bg" title="com.automationexercise.steps.TC23_VerifyAddressDetailsInCheckoutPage.verifyThatTheDeliveryAddressIsSameAddressFilledAtTheTimeRegistrationOfAccount()">
                <span>Then Verify that the delivery address is same address filled at the time registration of account</span>
      <div>Step skipped
      </div>
              </div>
              <div class="step skip-bg" title="com.automationexercise.steps.TC23_VerifyAddressDetailsInCheckoutPage.verifyThatTheBillingAddressIsSameAddressFilledAtTheTimeRegistrationOfAccount()">
                <span>And Verify that the billing address is same address filled at the time registration of account</span>
      <div>Step skipped
      </div>
              </div>
              <div class="step skip-bg" title="com.automationexercise.steps.TC24_DownloadInvoiceAfterPurchaseOrder.theUserEntersDescriptionInCommentTextArea(java.lang.String)">
                <span>When The user enters description in comment text area "thanks"</span>
      <div>Step skipped
      </div>
              </div>
              <div class="step skip-bg" title="com.automationexercise.steps.TC24_DownloadInvoiceAfterPurchaseOrder.clickPlaceOrderButton()">
                <span>And Click Place Order button</span>
      <div>Step skipped
      </div>
              </div>
              <div class="step skip-bg" title="com.automationexercise.steps.TC24_DownloadInvoiceAfterPurchaseOrder.theUserEntersPaymentDetailsNameOnCard(java.lang.String)">
                <span>And The user enters payment details Name on Card "avinassh"</span>
      <div>Step skipped
      </div>
              </div>
              <div class="step skip-bg" title="com.automationexercise.steps.TC24_DownloadInvoiceAfterPurchaseOrder.theUserEntersPaymentDetailsCardNumber(java.lang.String)">
                <span>And The user enters payment details Card Number "1234567891234567"</span>
      <div>Step skipped
      </div>
              </div>
              <div class="step skip-bg" title="com.automationexercise.steps.TC24_DownloadInvoiceAfterPurchaseOrder.theUserEntersPaymentDetailsCVC(java.lang.String)">
                <span>And The user enters payment details CVC "311"</span>
      <div>Step skipped
      </div>
              </div>
              <div class="step skip-bg" title="com.automationexercise.steps.TC24_DownloadInvoiceAfterPurchaseOrder.theUserEntersPaymentDetailsExpirationMonth(java.lang.String)">
                <span>And The user enters payment details Expiration month "11"</span>
      <div>Step skipped
      </div>
              </div>
              <div class="step skip-bg" title="com.automationexercise.steps.TC24_DownloadInvoiceAfterPurchaseOrder.theUserEntersPaymentDetailsExpirationYear(java.lang.String)">
                <span>And The user enters payment details Expiration year "2024"</span>
      <div>Step skipped
      </div>
              </div>
              <div class="step skip-bg" title="com.automationexercise.steps.TC24_DownloadInvoiceAfterPurchaseOrder.theUserClicksPayAndConfirmOrderButton()">
                <span>When The user clicks Pay and Confirm Order button</span>
      <div>Step skipped
      </div>
              </div>
              <div class="step skip-bg" title="com.automationexercise.steps.TC01_RegisterUser.theUserClicksDeleteAccountButton()">
                <span>When The user clicks Delete Account button</span>
      <div>Step skipped
      </div>
              </div>
              <div class="step skip-bg" title="com.automationexercise.steps.TC01_RegisterUser.verifyThatACCOUNTDELETEDIsVisible()">
                <span>Then Verify that ACCOUNT DELETED is visible</span>
      <div>Step skipped
      </div>
              </div>
              <div class="step skip-bg" title="com.automationexercise.steps.TC15_PlaceOrderRegisterBeforeCheckout.theUserClicksAfterDeleteContinueButton()">
                <span>And The user clicks after delete Continue button</span>
      <div>Step skipped
      </div>
              </div>
              <div class="step pass-bg" title="AFTER">
                <span>com.automationexercise.steps.Hooks.tearDown(io.cucumber.java.Scenario)</span>
      <div>TC15 Register before Checkout
          <div class="row mb-3"><div class="col-md-3">
<img data-featherlight='../screenshots/embedded8.png' src="../screenshots/embedded8.png">
    
    </div></div>
</div>
      <div>
      </div>
              </div>
          </div>
        </div>
  </div>
</div>
          </div>
        </li>
        <li class="test-item"  status="fail" test-id="273"
          author=""
          tag=""
          device="">
          <div class="test-detail">
            <p class="name">TC16 Place Order Login before Checkout</p>
            <p class="text-sm">
              <span>21:38:28</span> / <span>00:00:28:108</span>
              <span class="badge fail-bg log float-right">Fail</span>
            </p>
          </div>
          <div class="test-contents d-none">
<div class="detail-head">
<div class="p-v-10">
<div class="info">
<h5 class="test-status text-fail">TC16 Place Order Login before Checkout</h5>
<span class='badge badge-success'>12.28.2023 21:38:28</span>
<span class='badge badge-danger'>12.28.2023 21:38:56</span>
<span class='badge badge-default'>00:00:28:108</span>
&middot; <span class='uri-anchor badge badge-default'>#test-id=273</span>
<span class='badge badge-default pointer float-right ml-1 et'><i class="fa fa-chevron-down"></i></span>
<span class='badge badge-default pointer float-right ct'><i class="fa fa-chevron-up"></i></span>
</div>
<div class="m-t-10 m-l-5"></div>
</div>
</div>
<div class="accordion mt-4">
  <div class="card">
    <div class="card-header" role="tab">
      <div class="card-title">
        <div class="node" id="274"><span class="badge log fail-bg mr-2">Fail</span>TC16 Login before Checkout</div>
          <div class="status-avatar float-right mr-4">
            <i class="fa fa-paperclip"></i>
          </div>
      </div>
    </div>
        <div class="">
          <div class="card-body">
              <div class="step pass-bg" title="com.automationexercise.steps.TC01_RegisterUser.theUserIsOnTheHomePage()">
                <span>Given The user is on the home page</span>
      <div>
      </div>
              </div>
              <div class="step pass-bg" title="com.automationexercise.steps.TC01_RegisterUser.theUserClicksSignupLoginMenuButton()">
                <span>When The user clicks Signup Login menu button</span>
      <div>
      </div>
              </div>
              <div class="step pass-bg" title="com.automationexercise.steps.TC02_LoginUserWithCorrectEmailAndPassword.theUserEntersCorrectEmailAddress(java.lang.String)">
                <span>And The user enters correct email address "avinashp22@gmail.com"</span>
      <div>
      </div>
              </div>
              <div class="step pass-bg" title="com.automationexercise.steps.TC02_LoginUserWithCorrectEmailAndPassword.theUserEntersCorrectPassword(java.lang.String)">
                <span>And The user enters correct password "Prime12345!"</span>
      <div>
      </div>
              </div>
              <div class="step pass-bg" title="com.automationexercise.steps.TC02_LoginUserWithCorrectEmailAndPassword.theUserClicksLoginButton()">
                <span>And The user clicks login button</span>
      <div>
      </div>
              </div>
              <div class="step pass-bg" title="com.automationexercise.steps.TC01_RegisterUser.verifyThatLoggedInAsUsernameIsVisible()">
                <span>Then Verify that Logged in as username is visible</span>
      <div>
      </div>
              </div>
              <div class="step pass-bg" title="com.automationexercise.steps.TC12_AddProductsInCart.theUserHoversOverFirstProductAndClicksAddToCart()">
                <span>When The user hovers over first product and clicks Add to cart</span>
      <div>
      </div>
              </div>
              <div class="step fail-bg" title="com.automationexercise.steps.TC12_AddProductsInCart.theUserClicksContinueShoppingButton()">
                <span>And The user clicks Continue Shopping button</span>
      <div>
        <textarea disabled class="code-block">org.openqa.selenium.ElementNotInteractableException: element not interactable
  (Session info: chrome=120.0.6099.130)
Build info: version: '4.16.1', revision: '9b4c83354e'
System info: os.name: 'Windows 11', os.arch: 'amd64', os.version: '10.0', java.version: '17.0.8'
Driver info: org.openqa.selenium.chrome.ChromeDriver
Command: [c2e7cc6c57a253248a4d7eb19fa45f46, clickElement {id=FD6BAABC1420ED67E2D91621F8A5B3D8_element_102}]
Capabilities {acceptInsecureCerts: false, browserName: chrome, browserVersion: 120.0.6099.130, chrome: {chromedriverVersion: 120.0.6099.109 (3419140ab66..., userDataDir: C:\Users\sneha\AppData\Loca...}, fedcm:accounts: true, goog:chromeOptions: {debuggerAddress: localhost:53663}, networkConnectionEnabled: false, pageLoadStrategy: normal, platformName: windows, proxy: Proxy(), se:cdp: ws://localhost:53663/devtoo..., se:cdpVersion: 120.0.6099.130, setWindowRect: true, strictFileInteractability: false, timeouts: {implicit: 0, pageLoad: 300000, script: 30000}, unhandledPromptBehavior: dismiss and notify, webauthn:extension:credBlob: true, webauthn:extension:largeBlob: true, webauthn:extension:minPinLength: true, webauthn:extension:prf: true, webauthn:virtualAuthenticators: true}
Element: [[ChromeDriver: chrome on windows (c2e7cc6c57a253248a4d7eb19fa45f46)] -> xpath: //button[.='Continue Shopping']]
Session ID: c2e7cc6c57a253248a4d7eb19fa45f46
	at java.base/jdk.internal.reflect.NativeConstructorAccessorImpl.newInstance0(Native Method)
	at java.base/jdk.internal.reflect.NativeConstructorAccessorImpl.newInstance(NativeConstructorAccessorImpl.java:77)
	at java.base/jdk.internal.reflect.DelegatingConstructorAccessorImpl.newInstance(DelegatingConstructorAccessorImpl.java:45)
	at java.base/java.lang.reflect.Constructor.newInstanceWithCaller(Constructor.java:499)
	at java.base/java.lang.reflect.Constructor.newInstance(Constructor.java:480)
	at org.openqa.selenium.remote.codec.w3c.W3CHttpResponseCodec.createException(W3CHttpResponseCodec.java:200)
	at org.openqa.selenium.remote.codec.w3c.W3CHttpResponseCodec.decode(W3CHttpResponseCodec.java:133)
	at org.openqa.selenium.remote.codec.w3c.W3CHttpResponseCodec.decode(W3CHttpResponseCodec.java:52)
	at org.openqa.selenium.remote.HttpCommandExecutor.execute(HttpCommandExecutor.java:191)
	at org.openqa.selenium.remote.service.DriverCommandExecutor.invokeExecute(DriverCommandExecutor.java:200)
	at org.openqa.selenium.remote.service.DriverCommandExecutor.execute(DriverCommandExecutor.java:175)
	at org.openqa.selenium.remote.RemoteWebDriver.execute(RemoteWebDriver.java:523)
	at org.openqa.selenium.remote.RemoteWebElement.execute(RemoteWebElement.java:224)
	at org.openqa.selenium.remote.RemoteWebElement.click(RemoteWebElement.java:77)
	at jdk.internal.reflect.GeneratedMethodAccessor104.invoke(Unknown Source)
	at java.base/jdk.internal.reflect.DelegatingMethodAccessorImpl.invoke(DelegatingMethodAccessorImpl.java:43)
	at java.base/java.lang.reflect.Method.invoke(Method.java:568)
	at org.openqa.selenium.support.pagefactory.internal.LocatingElementHandler.invoke(LocatingElementHandler.java:51)
	at jdk.proxy2/jdk.proxy2.$Proxy29.click(Unknown Source)
	at com.automationexercise.utility.Utility.clickOnElement(Utility.java:50)
	at com.automationexercise.pages.ProductsPage.clickContinueShoppingButton(ProductsPage.java:164)
	at com.automationexercise.steps.TC12_AddProductsInCart.theUserClicksContinueShoppingButton(TC12_AddProductsInCart.java:16)
	at ✽.The user clicks Continue Shopping button(file:///C:/Users/sneha/avinash-week16-automationexercise/src/test/resources/features/TC16_PlaceOrderLoginBeforeCheckout.feature:12)
</textarea>
      
      </div>
              </div>
              <div class="step skip-bg" title="com.automationexercise.steps.TC12_AddProductsInCart.theUserHoversOverSecondProductAndClicksAddToCart()">
                <span>And The user hovers over second product and clicks Add to cart</span>
      <div>Step skipped
      </div>
              </div>
              <div class="step skip-bg" title="com.automationexercise.steps.TC12_AddProductsInCart.theUserClicksContinueShoppingButton()">
                <span>And The user clicks Continue Shopping button</span>
      <div>Step skipped
      </div>
              </div>
              <div class="step skip-bg" title="com.automationexercise.steps.TC11_VerifySubscriptionInCartPage.theUserClicksCartMenuButton()">
                <span>And The user clicks Cart menu button</span>
      <div>Step skipped
      </div>
              </div>
              <div class="step skip-bg" title="com.automationexercise.steps.TC17_RemoveProductsFromCart.verifyThatCartPageIsDisplayed()">
                <span>Then Verify that cart page is displayed</span>
      <div>Step skipped
      </div>
              </div>
              <div class="step skip-bg" title="com.automationexercise.steps.TC23_VerifyAddressDetailsInCheckoutPage.theUserClicksProceedToCheckoutButton()">
                <span>When The user clicks Proceed To Checkout button</span>
      <div>Step skipped
      </div>
              </div>
              <div class="step skip-bg" title="com.automationexercise.steps.TC23_VerifyAddressDetailsInCheckoutPage.verifyThatTheDeliveryAddressIsSameAddressFilledAtTheTimeRegistrationOfAccount()">
                <span>Then Verify that the delivery address is same address filled at the time registration of account</span>
      <div>Step skipped
      </div>
              </div>
              <div class="step skip-bg" title="com.automationexercise.steps.TC23_VerifyAddressDetailsInCheckoutPage.verifyThatTheBillingAddressIsSameAddressFilledAtTheTimeRegistrationOfAccount()">
                <span>And Verify that the billing address is same address filled at the time registration of account</span>
      <div>Step skipped
      </div>
              </div>
              <div class="step skip-bg" title="com.automationexercise.steps.TC24_DownloadInvoiceAfterPurchaseOrder.theUserEntersDescriptionInCommentTextArea(java.lang.String)">
                <span>When The user enters description in comment text area "thanks"</span>
      <div>Step skipped
      </div>
              </div>
              <div class="step skip-bg" title="com.automationexercise.steps.TC24_DownloadInvoiceAfterPurchaseOrder.clickPlaceOrderButton()">
                <span>And Click Place Order button</span>
      <div>Step skipped
      </div>
              </div>
              <div class="step skip-bg" title="com.automationexercise.steps.TC24_DownloadInvoiceAfterPurchaseOrder.theUserEntersPaymentDetailsNameOnCard(java.lang.String)">
                <span>And The user enters payment details Name on Card "avinassh"</span>
      <div>Step skipped
      </div>
              </div>
              <div class="step skip-bg" title="com.automationexercise.steps.TC24_DownloadInvoiceAfterPurchaseOrder.theUserEntersPaymentDetailsCardNumber(java.lang.String)">
                <span>And The user enters payment details Card Number "1234567891234567"</span>
      <div>Step skipped
      </div>
              </div>
              <div class="step skip-bg" title="com.automationexercise.steps.TC24_DownloadInvoiceAfterPurchaseOrder.theUserEntersPaymentDetailsCVC(java.lang.String)">
                <span>And The user enters payment details CVC "311"</span>
      <div>Step skipped
      </div>
              </div>
              <div class="step skip-bg" title="com.automationexercise.steps.TC24_DownloadInvoiceAfterPurchaseOrder.theUserEntersPaymentDetailsExpirationMonth(java.lang.String)">
                <span>And The user enters payment details Expiration month "11"</span>
      <div>Step skipped
      </div>
              </div>
              <div class="step skip-bg" title="com.automationexercise.steps.TC24_DownloadInvoiceAfterPurchaseOrder.theUserEntersPaymentDetailsExpirationYear(java.lang.String)">
                <span>And The user enters payment details Expiration year "2024"</span>
      <div>Step skipped
      </div>
              </div>
              <div class="step skip-bg" title="com.automationexercise.steps.TC24_DownloadInvoiceAfterPurchaseOrder.theUserClicksPayAndConfirmOrderButton()">
                <span>When The user clicks Pay and Confirm Order button</span>
      <div>Step skipped
      </div>
              </div>
              <div class="step skip-bg" title="com.automationexercise.steps.TC01_RegisterUser.theUserClicksDeleteAccountButton()">
                <span>When The user clicks Delete Account button</span>
      <div>Step skipped
      </div>
              </div>
              <div class="step skip-bg" title="com.automationexercise.steps.TC16_PlaceOrderLoginBeforeCheckout.verifyThatACCOUNTDELETEDIsVisible()">
                <span>Then Verify that ACCOUNT DELETED! is visible</span>
      <div>Step skipped
      </div>
              </div>
              <div class="step skip-bg" title="com.automationexercise.steps.TC01_RegisterUser.theUserClicksContinueButton()">
                <span>And The user clicks Continue button</span>
      <div>Step skipped
      </div>
              </div>
              <div class="step pass-bg" title="AFTER">
                <span>com.automationexercise.steps.Hooks.tearDown(io.cucumber.java.Scenario)</span>
      <div>TC16 Login before Checkout
          <div class="row mb-3"><div class="col-md-3">
<img data-featherlight='../screenshots/embedded9.png' src="../screenshots/embedded9.png">
    
    </div></div>
</div>
      <div>
      </div>
              </div>
          </div>
        </div>
  </div>
</div>
          </div>
        </li>
        <li class="test-item"  status="fail" test-id="303"
          author=""
          tag=""
          device="">
          <div class="test-detail">
            <p class="name">TC17 Remove Products From Cart</p>
            <p class="text-sm">
              <span>21:38:56</span> / <span>00:00:13:727</span>
              <span class="badge fail-bg log float-right">Fail</span>
            </p>
          </div>
          <div class="test-contents d-none">
<div class="detail-head">
<div class="p-v-10">
<div class="info">
<h5 class="test-status text-fail">TC17 Remove Products From Cart</h5>
<span class='badge badge-success'>12.28.2023 21:38:56</span>
<span class='badge badge-danger'>12.28.2023 21:39:10</span>
<span class='badge badge-default'>00:00:13:727</span>
&middot; <span class='uri-anchor badge badge-default'>#test-id=303</span>
<span class='badge badge-default pointer float-right ml-1 et'><i class="fa fa-chevron-down"></i></span>
<span class='badge badge-default pointer float-right ct'><i class="fa fa-chevron-up"></i></span>
</div>
<div class="m-t-10 m-l-5"></div>
</div>
</div>
<div class="accordion mt-4">
  <div class="card">
    <div class="card-header" role="tab">
      <div class="card-title">
        <div class="node" id="304"><span class="badge log fail-bg mr-2">Fail</span>TC17 Remove Products From Cart</div>
          <div class="status-avatar float-right mr-4">
            <i class="fa fa-paperclip"></i>
          </div>
      </div>
    </div>
        <div class="">
          <div class="card-body">
              <div class="step pass-bg" title="com.automationexercise.steps.TC01_RegisterUser.theUserIsOnTheHomePage()">
                <span>Given The user is on the home page</span>
      <div>
      </div>
              </div>
              <div class="step pass-bg" title="com.automationexercise.steps.TC12_AddProductsInCart.theUserHoversOverFirstProductAndClicksAddToCart()">
                <span>When The user hovers over first product and clicks Add to cart</span>
      <div>
      </div>
              </div>
              <div class="step fail-bg" title="com.automationexercise.steps.TC12_AddProductsInCart.theUserClicksContinueShoppingButton()">
                <span>And The user clicks Continue Shopping button</span>
      <div>
        <textarea disabled class="code-block">org.openqa.selenium.ElementNotInteractableException: element not interactable
  (Session info: chrome=120.0.6099.130)
Build info: version: '4.16.1', revision: '9b4c83354e'
System info: os.name: 'Windows 11', os.arch: 'amd64', os.version: '10.0', java.version: '17.0.8'
Driver info: org.openqa.selenium.chrome.ChromeDriver
Command: [f02627fd1d7c3eb553e74306e899703c, clickElement {id=FA5A40D44A031E5C4B9A397DF5C6F043_element_62}]
Capabilities {acceptInsecureCerts: false, browserName: chrome, browserVersion: 120.0.6099.130, chrome: {chromedriverVersion: 120.0.6099.109 (3419140ab66..., userDataDir: C:\Users\sneha\AppData\Loca...}, fedcm:accounts: true, goog:chromeOptions: {debuggerAddress: localhost:53772}, networkConnectionEnabled: false, pageLoadStrategy: normal, platformName: windows, proxy: Proxy(), se:cdp: ws://localhost:53772/devtoo..., se:cdpVersion: 120.0.6099.130, setWindowRect: true, strictFileInteractability: false, timeouts: {implicit: 0, pageLoad: 300000, script: 30000}, unhandledPromptBehavior: dismiss and notify, webauthn:extension:credBlob: true, webauthn:extension:largeBlob: true, webauthn:extension:minPinLength: true, webauthn:extension:prf: true, webauthn:virtualAuthenticators: true}
Element: [[ChromeDriver: chrome on windows (f02627fd1d7c3eb553e74306e899703c)] -> xpath: //button[.='Continue Shopping']]
Session ID: f02627fd1d7c3eb553e74306e899703c
	at java.base/jdk.internal.reflect.NativeConstructorAccessorImpl.newInstance0(Native Method)
	at java.base/jdk.internal.reflect.NativeConstructorAccessorImpl.newInstance(NativeConstructorAccessorImpl.java:77)
	at java.base/jdk.internal.reflect.DelegatingConstructorAccessorImpl.newInstance(DelegatingConstructorAccessorImpl.java:45)
	at java.base/java.lang.reflect.Constructor.newInstanceWithCaller(Constructor.java:499)
	at java.base/java.lang.reflect.Constructor.newInstance(Constructor.java:480)
	at org.openqa.selenium.remote.codec.w3c.W3CHttpResponseCodec.createException(W3CHttpResponseCodec.java:200)
	at org.openqa.selenium.remote.codec.w3c.W3CHttpResponseCodec.decode(W3CHttpResponseCodec.java:133)
	at org.openqa.selenium.remote.codec.w3c.W3CHttpResponseCodec.decode(W3CHttpResponseCodec.java:52)
	at org.openqa.selenium.remote.HttpCommandExecutor.execute(HttpCommandExecutor.java:191)
	at org.openqa.selenium.remote.service.DriverCommandExecutor.invokeExecute(DriverCommandExecutor.java:200)
	at org.openqa.selenium.remote.service.DriverCommandExecutor.execute(DriverCommandExecutor.java:175)
	at org.openqa.selenium.remote.RemoteWebDriver.execute(RemoteWebDriver.java:523)
	at org.openqa.selenium.remote.RemoteWebElement.execute(RemoteWebElement.java:224)
	at org.openqa.selenium.remote.RemoteWebElement.click(RemoteWebElement.java:77)
	at jdk.internal.reflect.GeneratedMethodAccessor104.invoke(Unknown Source)
	at java.base/jdk.internal.reflect.DelegatingMethodAccessorImpl.invoke(DelegatingMethodAccessorImpl.java:43)
	at java.base/java.lang.reflect.Method.invoke(Method.java:568)
	at org.openqa.selenium.support.pagefactory.internal.LocatingElementHandler.invoke(LocatingElementHandler.java:51)
	at jdk.proxy2/jdk.proxy2.$Proxy29.click(Unknown Source)
	at com.automationexercise.utility.Utility.clickOnElement(Utility.java:50)
	at com.automationexercise.pages.ProductsPage.clickContinueShoppingButton(ProductsPage.java:164)
	at com.automationexercise.steps.TC12_AddProductsInCart.theUserClicksContinueShoppingButton(TC12_AddProductsInCart.java:16)
	at ✽.The user clicks Continue Shopping button(file:///C:/Users/sneha/avinash-week16-automationexercise/src/test/resources/features/TC17_RemoveProductsFromCart.feature:7)
</textarea>
      
      </div>
              </div>
              <div class="step skip-bg" title="com.automationexercise.steps.TC11_VerifySubscriptionInCartPage.theUserClicksCartMenuButton()">
                <span>And The user clicks Cart menu button</span>
      <div>Step skipped
      </div>
              </div>
              <div class="step skip-bg" title="com.automationexercise.steps.TC17_RemoveProductsFromCart.verifyThatCartPageIsDisplayed()">
                <span>Then Verify that cart page is displayed</span>
      <div>Step skipped
      </div>
              </div>
              <div class="step skip-bg" title="com.automationexercise.steps.TC17_RemoveProductsFromCart.theUserClicksXButtonCorrespondingToParticularProduct()">
                <span>When The user clicks X button corresponding to particular product</span>
      <div>Step skipped
      </div>
              </div>
              <div class="step skip-bg" title="com.automationexercise.steps.TC17_RemoveProductsFromCart.verifyThatProductIsRemovedFromTheCart()">
                <span>Then Verify that product is removed from the cart</span>
      <div>Step skipped
      </div>
              </div>
              <div class="step pass-bg" title="AFTER">
                <span>com.automationexercise.steps.Hooks.tearDown(io.cucumber.java.Scenario)</span>
      <div>TC17 Remove Products From Cart
          <div class="row mb-3"><div class="col-md-3">
<img data-featherlight='../screenshots/embedded10.png' src="../screenshots/embedded10.png">
    
    </div></div>
</div>
      <div>
      </div>
              </div>
          </div>
        </div>
  </div>
</div>
          </div>
        </li>
        <li class="test-item"  status="fail" test-id="314"
          author=""
          tag=""
          device="">
          <div class="test-detail">
            <p class="name">TC18 View Category Products</p>
            <p class="text-sm">
              <span>21:39:10</span> / <span>00:00:32:479</span>
              <span class="badge fail-bg log float-right">Fail</span>
            </p>
          </div>
          <div class="test-contents d-none">
<div class="detail-head">
<div class="p-v-10">
<div class="info">
<h5 class="test-status text-fail">TC18 View Category Products</h5>
<span class='badge badge-success'>12.28.2023 21:39:10</span>
<span class='badge badge-danger'>12.28.2023 21:39:42</span>
<span class='badge badge-default'>00:00:32:479</span>
&middot; <span class='uri-anchor badge badge-default'>#test-id=314</span>
<span class='badge badge-default pointer float-right ml-1 et'><i class="fa fa-chevron-down"></i></span>
<span class='badge badge-default pointer float-right ct'><i class="fa fa-chevron-up"></i></span>
</div>
<div class="m-t-10 m-l-5"></div>
</div>
</div>
<div class="accordion mt-4">
  <div class="card">
    <div class="card-header" role="tab">
      <div class="card-title">
        <div class="node" id="315"><span class="badge log fail-bg mr-2">Fail</span>TC18 View Category Products</div>
          <div class="status-avatar float-right mr-4">
            <i class="fa fa-paperclip"></i>
          </div>
      </div>
    </div>
        <div class="">
          <div class="card-body">
              <div class="step pass-bg" title="com.automationexercise.steps.TC01_RegisterUser.theUserIsOnTheHomePage()">
                <span>Given The user is on the home page</span>
      <div>
      </div>
              </div>
              <div class="step pass-bg" title="com.automationexercise.steps.TC18_ViewCategoryProducts.verifyThatCategoriesAreVisibleOnLeftSideBar()">
                <span>Then Verify that categories are visible on left side bar</span>
      <div>
      </div>
              </div>
              <div class="step pass-bg" title="com.automationexercise.steps.TC18_ViewCategoryProducts.theUserClicksOnWomenCategory()">
                <span>When The user clicks on Women category</span>
      <div>
      </div>
              </div>
              <div class="step pass-bg" title="com.automationexercise.steps.TC18_ViewCategoryProducts.theUserClicksOnDressLinkUnderWomenCategory()">
                <span>And The user clicks on Dress link under Women category</span>
      <div>
      </div>
              </div>
              <div class="step pass-bg" title="com.automationexercise.steps.TC18_ViewCategoryProducts.verifyThatCategoryPageIsDisplayedAndConfirmTextWomenDressPRODUCTS()">
                <span>Then Verify that category page is displayed and confirm text women Dress PRODUCTS</span>
      <div>
      </div>
              </div>
              <div class="step pass-bg" title="com.automationexercise.steps.TC18_ViewCategoryProducts.theUserClicksOnMenCategory()">
                <span>When The user clicks on Men category</span>
      <div>
      </div>
              </div>
              <div class="step pass-bg" title="com.automationexercise.steps.TC18_ViewCategoryProducts.theUserClicksOnTshirtsLinkUnderMenCategory()">
                <span>And The user clicks on Tshirts link under Men category</span>
      <div>
      </div>
              </div>
              <div class="step fail-bg" title="com.automationexercise.steps.TC18_ViewCategoryProducts.verifyThatCategoryPageIsDisplayedAndConfirmTextMenTshirtsPRODUCTS()">
                <span>Then Verify that category page is displayed and confirm text men Tshirts PRODUCTS</span>
      <div>
        <textarea disabled class="code-block">org.openqa.selenium.NoSuchElementException: no such element: Unable to locate element: {"method":"xpath","selector":"//h2[normalize-space()='Men - Tshirts Products']"}
  (Session info: chrome=120.0.6099.130)
For documentation on this error, please visit: https://www.selenium.dev/documentation/webdriver/troubleshooting/errors#no-such-element-exception
Build info: version: '4.16.1', revision: '9b4c83354e'
System info: os.name: 'Windows 11', os.arch: 'amd64', os.version: '10.0', java.version: '17.0.8'
Driver info: org.openqa.selenium.chrome.ChromeDriver
Command: [0cbfe53b0d2c49df00dfb6ec0958ec3c, findElement {using=xpath, value=//h2[normalize-space()='Men - Tshirts Products']}]
Capabilities {acceptInsecureCerts: false, browserName: chrome, browserVersion: 120.0.6099.130, chrome: {chromedriverVersion: 120.0.6099.109 (3419140ab66..., userDataDir: C:\Users\sneha\AppData\Loca...}, fedcm:accounts: true, goog:chromeOptions: {debuggerAddress: localhost:53822}, networkConnectionEnabled: false, pageLoadStrategy: normal, platformName: windows, proxy: Proxy(), se:cdp: ws://localhost:53822/devtoo..., se:cdpVersion: 120.0.6099.130, setWindowRect: true, strictFileInteractability: false, timeouts: {implicit: 0, pageLoad: 300000, script: 30000}, unhandledPromptBehavior: dismiss and notify, webauthn:extension:credBlob: true, webauthn:extension:largeBlob: true, webauthn:extension:minPinLength: true, webauthn:extension:prf: true, webauthn:virtualAuthenticators: true}
Session ID: 0cbfe53b0d2c49df00dfb6ec0958ec3c
	at java.base/jdk.internal.reflect.NativeConstructorAccessorImpl.newInstance0(Native Method)
	at java.base/jdk.internal.reflect.NativeConstructorAccessorImpl.newInstance(NativeConstructorAccessorImpl.java:77)
	at java.base/jdk.internal.reflect.DelegatingConstructorAccessorImpl.newInstance(DelegatingConstructorAccessorImpl.java:45)
	at java.base/java.lang.reflect.Constructor.newInstanceWithCaller(Constructor.java:499)
	at java.base/java.lang.reflect.Constructor.newInstance(Constructor.java:480)
	at org.openqa.selenium.remote.codec.w3c.W3CHttpResponseCodec.createException(W3CHttpResponseCodec.java:200)
	at org.openqa.selenium.remote.codec.w3c.W3CHttpResponseCodec.decode(W3CHttpResponseCodec.java:133)
	at org.openqa.selenium.remote.codec.w3c.W3CHttpResponseCodec.decode(W3CHttpResponseCodec.java:52)
	at org.openqa.selenium.remote.HttpCommandExecutor.execute(HttpCommandExecutor.java:191)
	at org.openqa.selenium.remote.service.DriverCommandExecutor.invokeExecute(DriverCommandExecutor.java:200)
	at org.openqa.selenium.remote.service.DriverCommandExecutor.execute(DriverCommandExecutor.java:175)
	at org.openqa.selenium.remote.RemoteWebDriver.execute(RemoteWebDriver.java:523)
	at org.openqa.selenium.remote.ElementLocation$ElementFinder$2.findElement(ElementLocation.java:165)
	at org.openqa.selenium.remote.ElementLocation.findElement(ElementLocation.java:59)
	at org.openqa.selenium.remote.RemoteWebDriver.findElement(RemoteWebDriver.java:360)
	at org.openqa.selenium.remote.RemoteWebDriver.findElement(RemoteWebDriver.java:354)
	at org.openqa.selenium.support.pagefactory.DefaultElementLocator.findElement(DefaultElementLocator.java:68)
	at org.openqa.selenium.support.pagefactory.internal.LocatingElementHandler.invoke(LocatingElementHandler.java:38)
	at jdk.proxy2/jdk.proxy2.$Proxy29.getText(Unknown Source)
	at com.automationexercise.utility.Utility.getTextFromElement(Utility.java:61)
	at com.automationexercise.pages.CategoryProductPage.verifyMenTshirtsProductsText(CategoryProductPage.java:69)
	at com.automationexercise.steps.TC18_ViewCategoryProducts.verifyThatCategoryPageIsDisplayedAndConfirmTextMenTshirtsPRODUCTS(TC18_ViewCategoryProducts.java:42)
	at ✽.Verify that category page is displayed and confirm text men Tshirts PRODUCTS(file:///C:/Users/sneha/avinash-week16-automationexercise/src/test/resources/features/TC18_ViewCategoryProducts.feature:12)
</textarea>
      
      </div>
              </div>
              <div class="step pass-bg" title="AFTER">
                <span>com.automationexercise.steps.Hooks.tearDown(io.cucumber.java.Scenario)</span>
      <div>TC18 View Category Products
          <div class="row mb-3"><div class="col-md-3">
<img data-featherlight='../screenshots/embedded11.png' src="../screenshots/embedded11.png">
    
    </div></div>
</div>
      <div>
      </div>
              </div>
          </div>
        </div>
  </div>
</div>
          </div>
        </li>
        <li class="test-item"  status="fail" test-id="326"
          author=""
          tag=""
          device="">
          <div class="test-detail">
            <p class="name">TC19 View Cart Brand Products</p>
            <p class="text-sm">
              <span>21:39:43</span> / <span>00:00:12:472</span>
              <span class="badge fail-bg log float-right">Fail</span>
            </p>
          </div>
          <div class="test-contents d-none">
<div class="detail-head">
<div class="p-v-10">
<div class="info">
<h5 class="test-status text-fail">TC19 View Cart Brand Products</h5>
<span class='badge badge-success'>12.28.2023 21:39:43</span>
<span class='badge badge-danger'>12.28.2023 21:39:55</span>
<span class='badge badge-default'>00:00:12:472</span>
&middot; <span class='uri-anchor badge badge-default'>#test-id=326</span>
<span class='badge badge-default pointer float-right ml-1 et'><i class="fa fa-chevron-down"></i></span>
<span class='badge badge-default pointer float-right ct'><i class="fa fa-chevron-up"></i></span>
</div>
<div class="m-t-10 m-l-5"></div>
</div>
</div>
<div class="accordion mt-4">
  <div class="card">
    <div class="card-header" role="tab">
      <div class="card-title">
        <div class="node" id="327"><span class="badge log fail-bg mr-2">Fail</span>TC19 View Cart Brand Products</div>
          <div class="status-avatar float-right mr-4">
            <i class="fa fa-paperclip"></i>
          </div>
      </div>
    </div>
        <div class="">
          <div class="card-body">
              <div class="step pass-bg" title="com.automationexercise.steps.TC01_RegisterUser.theUserIsOnTheHomePage()">
                <span>Given The user is on the home page</span>
      <div>
      </div>
              </div>
              <div class="step pass-bg" title="com.automationexercise.steps.TC08_VerifyAllProductsAndProductDetailPage.theUserClicksProductsMenuButton()">
                <span>When The user clicks Products menu button</span>
      <div>
      </div>
              </div>
              <div class="step pass-bg" title="com.automationexercise.steps.TC19_ViewCartBrandProducts.verifyThatBrandsAreVisibleOnLeftSideBar()">
                <span>Then Verify that Brands are visible on left side bar</span>
      <div>
      </div>
              </div>
              <div class="step fail-bg" title="com.automationexercise.steps.TC19_ViewCartBrandProducts.theUserClicksOnLeftSideBarPoloBrandName()">
                <span>When The user clicks on left side bar Polo brand name</span>
      <div>
        <textarea disabled class="code-block">org.openqa.selenium.ElementClickInterceptedException: element click intercepted: Element <a href="/brand_products/Polo">...</a> is not clickable at point (512, 905). Other element would receive the click: <iframe id="aswift_5" name="aswift_5" style="width: 100vw !important; height: 100vh !important; inset: 0px auto auto 0px !important; position: absolute !important; clear: none !important; display: inline !important; float: none !important; margin: 0px !important; max-height: none !important; max-width: none !important; opacity: 1 !important; overflow: visible !important; padding: 0px !important; vertical-align: baseline !important; visibility: visible !important; z-index: auto !important;" sandbox="allow-forms allow-popups allow-popups-to-escape-sandbox allow-same-origin allow-scripts allow-top-navigation-by-user-activation" width="" height="" frameborder="0" marginwidth="0" marginheight="0" vspace="0" hspace="0" allowtransparency="true" scrolling="no" src="https://googleads.g.doubleclick.net/pagead/html/r20231207/r20110914/zrt_lookup_fy2021.html?fsb=1#RS-0-&amp;adk=1812271808&amp;client=ca-pub-1677597403311019&amp;fa=8&amp;ifi=6&amp;uci=a!6" data-google-container-id="a!6" data-google-query-id="CKX60ImMs4MDFTRIwgUdDUwGrQ" data-load-complete="true"></iframe>
  (Session info: chrome=120.0.6099.130)
Build info: version: '4.16.1', revision: '9b4c83354e'
System info: os.name: 'Windows 11', os.arch: 'amd64', os.version: '10.0', java.version: '17.0.8'
Driver info: org.openqa.selenium.chrome.ChromeDriver
Command: [e91124091479df07092059a970232dac, clickElement {id=A2C677B0FD1340D0ED36176921215126_element_56}]
Capabilities {acceptInsecureCerts: false, browserName: chrome, browserVersion: 120.0.6099.130, chrome: {chromedriverVersion: 120.0.6099.109 (3419140ab66..., userDataDir: C:\Users\sneha\AppData\Loca...}, fedcm:accounts: true, goog:chromeOptions: {debuggerAddress: localhost:53926}, networkConnectionEnabled: false, pageLoadStrategy: normal, platformName: windows, proxy: Proxy(), se:cdp: ws://localhost:53926/devtoo..., se:cdpVersion: 120.0.6099.130, setWindowRect: true, strictFileInteractability: false, timeouts: {implicit: 0, pageLoad: 300000, script: 30000}, unhandledPromptBehavior: dismiss and notify, webauthn:extension:credBlob: true, webauthn:extension:largeBlob: true, webauthn:extension:minPinLength: true, webauthn:extension:prf: true, webauthn:virtualAuthenticators: true}
Element: [[ChromeDriver: chrome on windows (e91124091479df07092059a970232dac)] -> xpath: //a[@href='/brand_products/Polo']]
Session ID: e91124091479df07092059a970232dac
	at java.base/jdk.internal.reflect.NativeConstructorAccessorImpl.newInstance0(Native Method)
	at java.base/jdk.internal.reflect.NativeConstructorAccessorImpl.newInstance(NativeConstructorAccessorImpl.java:77)
	at java.base/jdk.internal.reflect.DelegatingConstructorAccessorImpl.newInstance(DelegatingConstructorAccessorImpl.java:45)
	at java.base/java.lang.reflect.Constructor.newInstanceWithCaller(Constructor.java:499)
	at java.base/java.lang.reflect.Constructor.newInstance(Constructor.java:480)
	at org.openqa.selenium.remote.codec.w3c.W3CHttpResponseCodec.createException(W3CHttpResponseCodec.java:200)
	at org.openqa.selenium.remote.codec.w3c.W3CHttpResponseCodec.decode(W3CHttpResponseCodec.java:133)
	at org.openqa.selenium.remote.codec.w3c.W3CHttpResponseCodec.decode(W3CHttpResponseCodec.java:52)
	at org.openqa.selenium.remote.HttpCommandExecutor.execute(HttpCommandExecutor.java:191)
	at org.openqa.selenium.remote.service.DriverCommandExecutor.invokeExecute(DriverCommandExecutor.java:200)
	at org.openqa.selenium.remote.service.DriverCommandExecutor.execute(DriverCommandExecutor.java:175)
	at org.openqa.selenium.remote.RemoteWebDriver.execute(RemoteWebDriver.java:523)
	at org.openqa.selenium.remote.RemoteWebElement.execute(RemoteWebElement.java:224)
	at org.openqa.selenium.remote.RemoteWebElement.click(RemoteWebElement.java:77)
	at jdk.internal.reflect.GeneratedMethodAccessor104.invoke(Unknown Source)
	at java.base/jdk.internal.reflect.DelegatingMethodAccessorImpl.invoke(DelegatingMethodAccessorImpl.java:43)
	at java.base/java.lang.reflect.Method.invoke(Method.java:568)
	at org.openqa.selenium.support.pagefactory.internal.LocatingElementHandler.invoke(LocatingElementHandler.java:51)
	at jdk.proxy2/jdk.proxy2.$Proxy29.click(Unknown Source)
	at com.automationexercise.utility.Utility.clickOnElement(Utility.java:50)
	at com.automationexercise.pages.ProductsPage.clickpoloButton(ProductsPage.java:189)
	at com.automationexercise.steps.TC19_ViewCartBrandProducts.theUserClicksOnLeftSideBarPoloBrandName(TC19_ViewCartBrandProducts.java:16)
	at ✽.The user clicks on left side bar Polo brand name(file:///C:/Users/sneha/avinash-week16-automationexercise/src/test/resources/features/TC19_ViewCartBrandProducts.feature:8)
</textarea>
      
      </div>
              </div>
              <div class="step skip-bg" title="com.automationexercise.steps.TC19_ViewCartBrandProducts.verifyThatUserIsNavigatedToPoloPageAndBrandProductsAreDisplayed()">
                <span>Then Verify that user is navigated to Polo page and brand products are displayed</span>
      <div>Step skipped
      </div>
              </div>
              <div class="step skip-bg" title="com.automationexercise.steps.TC19_ViewCartBrandProducts.theUserClicksOnLeftSideBarHMBrandName()">
                <span>When The user clicks on left side bar H&M brand name</span>
      <div>Step skipped
      </div>
              </div>
              <div class="step skip-bg" title="com.automationexercise.steps.TC19_ViewCartBrandProducts.verifyThatUserIsNavigatedToHMPageAndBrandProductsAreDisplayed()">
                <span>Then Verify that user is navigated to H&M page and brand products are displayed</span>
      <div>Step skipped
      </div>
              </div>
              <div class="step pass-bg" title="AFTER">
                <span>com.automationexercise.steps.Hooks.tearDown(io.cucumber.java.Scenario)</span>
      <div>TC19 View Cart Brand Products
          <div class="row mb-3"><div class="col-md-3">
<img data-featherlight='../screenshots/embedded12.png' src="../screenshots/embedded12.png">
    
    </div></div>
</div>
      <div>
      </div>
              </div>
          </div>
        </div>
  </div>
</div>
          </div>
        </li>
        <li class="test-item"  status="fail" test-id="337"
          author=""
          tag=""
          device="">
          <div class="test-detail">
            <p class="name">TC20 Search Products and Verify Cart After Login</p>
            <p class="text-sm">
              <span>21:39:55</span> / <span>00:00:29:987</span>
              <span class="badge fail-bg log float-right">Fail</span>
            </p>
          </div>
          <div class="test-contents d-none">
<div class="detail-head">
<div class="p-v-10">
<div class="info">
<h5 class="test-status text-fail">TC20 Search Products and Verify Cart After Login</h5>
<span class='badge badge-success'>12.28.2023 21:39:55</span>
<span class='badge badge-danger'>12.28.2023 21:40:25</span>
<span class='badge badge-default'>00:00:29:987</span>
&middot; <span class='uri-anchor badge badge-default'>#test-id=337</span>
<span class='badge badge-default pointer float-right ml-1 et'><i class="fa fa-chevron-down"></i></span>
<span class='badge badge-default pointer float-right ct'><i class="fa fa-chevron-up"></i></span>
</div>
<div class="m-t-10 m-l-5"></div>
</div>
</div>
<div class="accordion mt-4">
  <div class="card">
    <div class="card-header" role="tab">
      <div class="card-title">
        <div class="node" id="338"><span class="badge log fail-bg mr-2">Fail</span>TC20 Search Products and Verify Cart After Login</div>
          <div class="status-avatar float-right mr-4">
            <i class="fa fa-paperclip"></i>
          </div>
      </div>
    </div>
        <div class="">
          <div class="card-body">
              <div class="step pass-bg" title="com.automationexercise.steps.TC01_RegisterUser.theUserIsOnTheHomePage()">
                <span>Given The user is on the home page</span>
      <div>
      </div>
              </div>
              <div class="step pass-bg" title="com.automationexercise.steps.TC08_VerifyAllProductsAndProductDetailPage.theUserClicksProductsMenuButton()">
                <span>When The user clicks Products menu button</span>
      <div>
      </div>
              </div>
              <div class="step pass-bg" title="com.automationexercise.steps.TC08_VerifyAllProductsAndProductDetailPage.verifyUserIsNavigatedToALLPRODUCTSPageSuccessfully()">
                <span>Then Verify user is navigated to ALL PRODUCTS page successfully</span>
      <div>
      </div>
              </div>
              <div class="step pass-bg" title="com.automationexercise.steps.TC09_SearchProduct.theUserEntersProductName(java.lang.String)">
                <span>When The user enters product name "Blue Top"</span>
      <div>
      </div>
              </div>
              <div class="step pass-bg" title="com.automationexercise.steps.TC09_SearchProduct.theUserClicksSearchButton()">
                <span>When The user clicks search button</span>
      <div>
      </div>
              </div>
              <div class="step pass-bg" title="com.automationexercise.steps.TC09_SearchProduct.verifySEARCHEDPRODUCTSIsVisible()">
                <span>Then Verify SEARCHED PRODUCTS is visible</span>
      <div>
      </div>
              </div>
              <div class="step pass-bg" title="com.automationexercise.steps.TC09_SearchProduct.verifyAllTheProductsRelatedToSearchAreVisible()">
                <span>And Verify all the products related to search are visible</span>
      <div>
      </div>
              </div>
              <div class="step pass-bg" title="com.automationexercise.steps.TC12_AddProductsInCart.theUserHoversOverFirstProductAndClicksAddToCart()">
                <span>When The user hovers over first product and clicks Add to cart</span>
      <div>
      </div>
              </div>
              <div class="step fail-bg" title="com.automationexercise.steps.TC12_AddProductsInCart.theUserClicksContinueShoppingButton()">
                <span>And The user clicks Continue Shopping button</span>
      <div>
        <textarea disabled class="code-block">org.openqa.selenium.NoSuchElementException: no such element: Unable to locate element: {"method":"xpath","selector":"//button[.='Continue Shopping']"}
  (Session info: chrome=120.0.6099.130)
For documentation on this error, please visit: https://www.selenium.dev/documentation/webdriver/troubleshooting/errors#no-such-element-exception
Build info: version: '4.16.1', revision: '9b4c83354e'
System info: os.name: 'Windows 11', os.arch: 'amd64', os.version: '10.0', java.version: '17.0.8'
Driver info: org.openqa.selenium.chrome.ChromeDriver
Command: [f6c678103dad4216f7773a78cc8ca0b1, findElement {using=xpath, value=//button[.='Continue Shopping']}]
Capabilities {acceptInsecureCerts: false, browserName: chrome, browserVersion: 120.0.6099.130, chrome: {chromedriverVersion: 120.0.6099.109 (3419140ab66..., userDataDir: C:\Users\sneha\AppData\Loca...}, fedcm:accounts: true, goog:chromeOptions: {debuggerAddress: localhost:53966}, networkConnectionEnabled: false, pageLoadStrategy: normal, platformName: windows, proxy: Proxy(), se:cdp: ws://localhost:53966/devtoo..., se:cdpVersion: 120.0.6099.130, setWindowRect: true, strictFileInteractability: false, timeouts: {implicit: 0, pageLoad: 300000, script: 30000}, unhandledPromptBehavior: dismiss and notify, webauthn:extension:credBlob: true, webauthn:extension:largeBlob: true, webauthn:extension:minPinLength: true, webauthn:extension:prf: true, webauthn:virtualAuthenticators: true}
Session ID: f6c678103dad4216f7773a78cc8ca0b1
	at java.base/jdk.internal.reflect.NativeConstructorAccessorImpl.newInstance0(Native Method)
	at java.base/jdk.internal.reflect.NativeConstructorAccessorImpl.newInstance(NativeConstructorAccessorImpl.java:77)
	at java.base/jdk.internal.reflect.DelegatingConstructorAccessorImpl.newInstance(DelegatingConstructorAccessorImpl.java:45)
	at java.base/java.lang.reflect.Constructor.newInstanceWithCaller(Constructor.java:499)
	at java.base/java.lang.reflect.Constructor.newInstance(Constructor.java:480)
	at org.openqa.selenium.remote.codec.w3c.W3CHttpResponseCodec.createException(W3CHttpResponseCodec.java:200)
	at org.openqa.selenium.remote.codec.w3c.W3CHttpResponseCodec.decode(W3CHttpResponseCodec.java:133)
	at org.openqa.selenium.remote.codec.w3c.W3CHttpResponseCodec.decode(W3CHttpResponseCodec.java:52)
	at org.openqa.selenium.remote.HttpCommandExecutor.execute(HttpCommandExecutor.java:191)
	at org.openqa.selenium.remote.service.DriverCommandExecutor.invokeExecute(DriverCommandExecutor.java:200)
	at org.openqa.selenium.remote.service.DriverCommandExecutor.execute(DriverCommandExecutor.java:175)
	at org.openqa.selenium.remote.RemoteWebDriver.execute(RemoteWebDriver.java:523)
	at org.openqa.selenium.remote.ElementLocation$ElementFinder$2.findElement(ElementLocation.java:165)
	at org.openqa.selenium.remote.ElementLocation.findElement(ElementLocation.java:59)
	at org.openqa.selenium.remote.RemoteWebDriver.findElement(RemoteWebDriver.java:360)
	at org.openqa.selenium.remote.RemoteWebDriver.findElement(RemoteWebDriver.java:354)
	at org.openqa.selenium.support.pagefactory.DefaultElementLocator.findElement(DefaultElementLocator.java:68)
	at org.openqa.selenium.support.pagefactory.internal.LocatingElementHandler.invoke(LocatingElementHandler.java:38)
	at jdk.proxy2/jdk.proxy2.$Proxy29.click(Unknown Source)
	at com.automationexercise.utility.Utility.clickOnElement(Utility.java:50)
	at com.automationexercise.pages.ProductsPage.clickContinueShoppingButton(ProductsPage.java:164)
	at com.automationexercise.steps.TC12_AddProductsInCart.theUserClicksContinueShoppingButton(TC12_AddProductsInCart.java:16)
	at ✽.The user clicks Continue Shopping button(file:///C:/Users/sneha/avinash-week16-automationexercise/src/test/resources/features/TC20_SearchProductsAndVerifyCartAfterLogin.feature:13)
</textarea>
      
      </div>
              </div>
              <div class="step skip-bg" title="com.automationexercise.steps.TC11_VerifySubscriptionInCartPage.theUserClicksCartMenuButton()">
                <span>And The user clicks Cart menu button</span>
      <div>Step skipped
      </div>
              </div>
              <div class="step skip-bg" title="com.automationexercise.steps.TC20_SearchProductsAndVerifyCartAfterLogin.verifyThatProductsAreVisibleInCart()">
                <span>Then Verify that products are visible in cart</span>
      <div>Step skipped
      </div>
              </div>
              <div class="step skip-bg" title="com.automationexercise.steps.TC01_RegisterUser.theUserClicksSignupLoginMenuButton()">
                <span>When The user clicks Signup Login menu button</span>
      <div>Step skipped
      </div>
              </div>
              <div class="step skip-bg" title="com.automationexercise.steps.TC02_LoginUserWithCorrectEmailAndPassword.theUserEntersCorrectEmailAddress(java.lang.String)">
                <span>When The user enters correct email address "avinashp22@gmail.com"</span>
      <div>Step skipped
      </div>
              </div>
              <div class="step skip-bg" title="com.automationexercise.steps.TC02_LoginUserWithCorrectEmailAndPassword.theUserEntersCorrectPassword(java.lang.String)">
                <span>When The user enters correct password "Prime12345!"</span>
      <div>Step skipped
      </div>
              </div>
              <div class="step skip-bg" title="com.automationexercise.steps.TC02_LoginUserWithCorrectEmailAndPassword.theUserClicksLoginButton()">
                <span>And The user clicks login button</span>
      <div>Step skipped
      </div>
              </div>
              <div class="step skip-bg" title="com.automationexercise.steps.TC11_VerifySubscriptionInCartPage.theUserClicksCartMenuButton()">
                <span>And The user clicks Cart menu button</span>
      <div>Step skipped
      </div>
              </div>
              <div class="step skip-bg" title="com.automationexercise.steps.TC20_SearchProductsAndVerifyCartAfterLogin.verifyThatThoseProductsAreVisibleInCartAfterLoginAsWell()">
                <span>Then Verify that those products are visible in cart after login as well</span>
      <div>Step skipped
      </div>
              </div>
              <div class="step pass-bg" title="AFTER">
                <span>com.automationexercise.steps.Hooks.tearDown(io.cucumber.java.Scenario)</span>
      <div>TC20 Search Products and Verify Cart After Login
          <div class="row mb-3"><div class="col-md-3">
<img data-featherlight='../screenshots/embedded13.png' src="../screenshots/embedded13.png">
    
    </div></div>
</div>
      <div>
      </div>
              </div>
          </div>
        </div>
  </div>
</div>
          </div>
        </li>
        <li class="test-item"  status="fail" test-id="358"
          author=""
          tag=""
          device="">
          <div class="test-detail">
            <p class="name">TC21 Add review on product</p>
            <p class="text-sm">
              <span>21:40:25</span> / <span>00:00:28:416</span>
              <span class="badge fail-bg log float-right">Fail</span>
            </p>
          </div>
          <div class="test-contents d-none">
<div class="detail-head">
<div class="p-v-10">
<div class="info">
<h5 class="test-status text-fail">TC21 Add review on product</h5>
<span class='badge badge-success'>12.28.2023 21:40:25</span>
<span class='badge badge-danger'>12.28.2023 21:40:53</span>
<span class='badge badge-default'>00:00:28:416</span>
&middot; <span class='uri-anchor badge badge-default'>#test-id=358</span>
<span class='badge badge-default pointer float-right ml-1 et'><i class="fa fa-chevron-down"></i></span>
<span class='badge badge-default pointer float-right ct'><i class="fa fa-chevron-up"></i></span>
</div>
<div class="m-t-10 m-l-5"></div>
</div>
</div>
<div class="accordion mt-4">
  <div class="card">
    <div class="card-header" role="tab">
      <div class="card-title">
        <div class="node" id="359"><span class="badge log fail-bg mr-2">Fail</span>TC21 Add review on product</div>
          <div class="status-avatar float-right mr-4">
            <i class="fa fa-paperclip"></i>
          </div>
      </div>
    </div>
        <div class="">
          <div class="card-body">
              <div class="step pass-bg" title="com.automationexercise.steps.TC01_RegisterUser.theUserIsOnTheHomePage()">
                <span>Given The user is on the home page</span>
      <div>
      </div>
              </div>
              <div class="step pass-bg" title="com.automationexercise.steps.TC08_VerifyAllProductsAndProductDetailPage.theUserClicksProductsMenuButton()">
                <span>When The user clicks Products menu button</span>
      <div>
      </div>
              </div>
              <div class="step pass-bg" title="com.automationexercise.steps.TC08_VerifyAllProductsAndProductDetailPage.verifyUserIsNavigatedToALLPRODUCTSPageSuccessfully()">
                <span>Then Verify user is navigated to ALL PRODUCTS page successfully</span>
      <div>
      </div>
              </div>
              <div class="step pass-bg" title="com.automationexercise.steps.TC13_VerifyProductQuantityInCart.theUserClicksViewProductForAnyProductOnHomePage()">
                <span>When The user clicks View Product for any product on home page</span>
      <div>
      </div>
              </div>
              <div class="step fail-bg" title="com.automationexercise.steps.TC21_AddReviewOnProduct.verifyWriteYourReviewIsVisible()">
                <span>Then Verify Write Your Review is visible</span>
      <div>
        <textarea disabled class="code-block">org.openqa.selenium.NoSuchElementException: no such element: Unable to locate element: {"method":"xpath","selector":".//a[.='Write Your Review']"}
  (Session info: chrome=120.0.6099.130)
For documentation on this error, please visit: https://www.selenium.dev/documentation/webdriver/troubleshooting/errors#no-such-element-exception
Build info: version: '4.16.1', revision: '9b4c83354e'
System info: os.name: 'Windows 11', os.arch: 'amd64', os.version: '10.0', java.version: '17.0.8'
Driver info: org.openqa.selenium.chrome.ChromeDriver
Command: [fb6d49b8309ec5de43a5f38d99792aa4, findElement {using=xpath, value=.//a[.='Write Your Review']}]
Capabilities {acceptInsecureCerts: false, browserName: chrome, browserVersion: 120.0.6099.130, chrome: {chromedriverVersion: 120.0.6099.109 (3419140ab66..., userDataDir: C:\Users\sneha\AppData\Loca...}, fedcm:accounts: true, goog:chromeOptions: {debuggerAddress: localhost:54057}, networkConnectionEnabled: false, pageLoadStrategy: normal, platformName: windows, proxy: Proxy(), se:cdp: ws://localhost:54057/devtoo..., se:cdpVersion: 120.0.6099.130, setWindowRect: true, strictFileInteractability: false, timeouts: {implicit: 0, pageLoad: 300000, script: 30000}, unhandledPromptBehavior: dismiss and notify, webauthn:extension:credBlob: true, webauthn:extension:largeBlob: true, webauthn:extension:minPinLength: true, webauthn:extension:prf: true, webauthn:virtualAuthenticators: true}
Session ID: fb6d49b8309ec5de43a5f38d99792aa4
	at java.base/jdk.internal.reflect.NativeConstructorAccessorImpl.newInstance0(Native Method)
	at java.base/jdk.internal.reflect.NativeConstructorAccessorImpl.newInstance(NativeConstructorAccessorImpl.java:77)
	at java.base/jdk.internal.reflect.DelegatingConstructorAccessorImpl.newInstance(DelegatingConstructorAccessorImpl.java:45)
	at java.base/java.lang.reflect.Constructor.newInstanceWithCaller(Constructor.java:499)
	at java.base/java.lang.reflect.Constructor.newInstance(Constructor.java:480)
	at org.openqa.selenium.remote.codec.w3c.W3CHttpResponseCodec.createException(W3CHttpResponseCodec.java:200)
	at org.openqa.selenium.remote.codec.w3c.W3CHttpResponseCodec.decode(W3CHttpResponseCodec.java:133)
	at org.openqa.selenium.remote.codec.w3c.W3CHttpResponseCodec.decode(W3CHttpResponseCodec.java:52)
	at org.openqa.selenium.remote.HttpCommandExecutor.execute(HttpCommandExecutor.java:191)
	at org.openqa.selenium.remote.service.DriverCommandExecutor.invokeExecute(DriverCommandExecutor.java:200)
	at org.openqa.selenium.remote.service.DriverCommandExecutor.execute(DriverCommandExecutor.java:175)
	at org.openqa.selenium.remote.RemoteWebDriver.execute(RemoteWebDriver.java:523)
	at org.openqa.selenium.remote.ElementLocation$ElementFinder$2.findElement(ElementLocation.java:165)
	at org.openqa.selenium.remote.ElementLocation.findElement(ElementLocation.java:59)
	at org.openqa.selenium.remote.RemoteWebDriver.findElement(RemoteWebDriver.java:360)
	at org.openqa.selenium.remote.RemoteWebDriver.findElement(RemoteWebDriver.java:354)
	at org.openqa.selenium.support.pagefactory.DefaultElementLocator.findElement(DefaultElementLocator.java:68)
	at org.openqa.selenium.support.pagefactory.internal.LocatingElementHandler.invoke(LocatingElementHandler.java:38)
	at jdk.proxy2/jdk.proxy2.$Proxy29.getText(Unknown Source)
	at com.automationexercise.utility.Utility.getTextFromElement(Utility.java:61)
	at com.automationexercise.pages.ProductDetailsPage.verifyWriteYourReviewText(ProductDetailsPage.java:36)
	at com.automationexercise.steps.TC21_AddReviewOnProduct.verifyWriteYourReviewIsVisible(TC21_AddReviewOnProduct.java:11)
	at ✽.Verify Write Your Review is visible(file:///C:/Users/sneha/avinash-week16-automationexercise/src/test/resources/features/TC21_AddReviewOnProduct.feature:9)
</textarea>
      
      </div>
              </div>
              <div class="step skip-bg" title="com.automationexercise.steps.TC21_AddReviewOnProduct.theUserFillsInName(java.lang.String)">
                <span>And The user fills in name "Avi"</span>
      <div>Step skipped
      </div>
              </div>
              <div class="step skip-bg" title="com.automationexercise.steps.TC21_AddReviewOnProduct.theUserFillsInEmail(java.lang.String)">
                <span>And The user fills in email "avip@gmail.com"</span>
      <div>Step skipped
      </div>
              </div>
              <div class="step skip-bg" title="com.automationexercise.steps.TC21_AddReviewOnProduct.theUserFillsInReview(java.lang.String)">
                <span>And The user fills in review "test"</span>
      <div>Step skipped
      </div>
              </div>
              <div class="step skip-bg" title="com.automationexercise.steps.TC21_AddReviewOnProduct.theClickSubmitButton()">
                <span>And The click Submit Button</span>
      <div>Step skipped
      </div>
              </div>
              <div class="step skip-bg" title="com.automationexercise.steps.TC21_AddReviewOnProduct.verifySuccessMessageThankYouForYourReview()">
                <span>Then Verify success message Thank you for your review.</span>
      <div>Step skipped
      </div>
              </div>
              <div class="step pass-bg" title="AFTER">
                <span>com.automationexercise.steps.Hooks.tearDown(io.cucumber.java.Scenario)</span>
      <div>TC21 Add review on product
          <div class="row mb-3"><div class="col-md-3">
<img data-featherlight='../screenshots/embedded14.png' src="../screenshots/embedded14.png">
    
    </div></div>
</div>
      <div>
      </div>
              </div>
          </div>
        </div>
  </div>
</div>
          </div>
        </li>
        <li class="test-item"  status="pass" test-id="372"
          author=""
          tag=""
          device="">
          <div class="test-detail">
            <p class="name">TC22 Add to cart from Recommended items</p>
            <p class="text-sm">
              <span>21:40:53</span> / <span>00:00:13:326</span>
              <span class="badge pass-bg log float-right">Pass</span>
            </p>
          </div>
          <div class="test-contents d-none">
<div class="detail-head">
<div class="p-v-10">
<div class="info">
<h5 class="test-status text-pass">TC22 Add to cart from Recommended items</h5>
<span class='badge badge-success'>12.28.2023 21:40:53</span>
<span class='badge badge-danger'>12.28.2023 21:41:07</span>
<span class='badge badge-default'>00:00:13:326</span>
&middot; <span class='uri-anchor badge badge-default'>#test-id=372</span>
<span class='badge badge-default pointer float-right ml-1 et'><i class="fa fa-chevron-down"></i></span>
<span class='badge badge-default pointer float-right ct'><i class="fa fa-chevron-up"></i></span>
</div>
<div class="m-t-10 m-l-5"></div>
</div>
</div>
<div class="accordion mt-4">
  <div class="card">
    <div class="card-header" role="tab">
      <div class="card-title">
        <div class="node" id="373"><span class="badge log pass-bg mr-2">Pass</span>TC22 Add to cart from Recommended items</div>
      </div>
    </div>
        <div class="collapse">
          <div class="card-body">
              <div class="step pass-bg" title="com.automationexercise.steps.TC01_RegisterUser.theUserIsOnTheHomePage()">
                <span>Given The user is on the home page</span>
      <div>
      </div>
              </div>
              <div class="step pass-bg" title="com.automationexercise.steps.TC10_VerifySubscriptionInHomePage.theUserScrollsDownToFooter()">
                <span>When The user scrolls down to footer</span>
      <div>
      </div>
              </div>
              <div class="step pass-bg" title="com.automationexercise.steps.TC22_AddToCartFromRecommendedItems.verifyRECOMMENDEDITEMSAreVisible()">
                <span>Then Verify RECOMMENDED ITEMS are visible</span>
      <div>
      </div>
              </div>
              <div class="step pass-bg" title="com.automationexercise.steps.TC22_AddToCartFromRecommendedItems.theUserClicksOnAddToCartOnRecommendedProduct()">
                <span>When The user clicks on Add To Cart on Recommended product</span>
      <div>
      </div>
              </div>
              <div class="step pass-bg" title="com.automationexercise.steps.TC12_AddProductsInCart.theUserClicksViewCartButton()">
                <span>And The user clicks View Cart button</span>
      <div>
      </div>
              </div>
              <div class="step pass-bg" title="com.automationexercise.steps.TC22_AddToCartFromRecommendedItems.verifyThatRecommendedProductIsDisplayedInCartPage()">
                <span>Then Verify that recommended product is displayed in cart page</span>
      <div>
      </div>
              </div>
          </div>
        </div>
  </div>
</div>
          </div>
        </li>
        <li class="test-item"  status="fail" test-id="382"
          author=""
          tag=""
          device="">
          <div class="test-detail">
            <p class="name">TC23 Verify address details in checkout page</p>
            <p class="text-sm">
              <span>21:41:07</span> / <span>00:00:22:701</span>
              <span class="badge fail-bg log float-right">Fail</span>
            </p>
          </div>
          <div class="test-contents d-none">
<div class="detail-head">
<div class="p-v-10">
<div class="info">
<h5 class="test-status text-fail">TC23 Verify address details in checkout page</h5>
<span class='badge badge-success'>12.28.2023 21:41:07</span>
<span class='badge badge-danger'>12.28.2023 21:41:29</span>
<span class='badge badge-default'>00:00:22:701</span>
&middot; <span class='uri-anchor badge badge-default'>#test-id=382</span>
<span class='badge badge-default pointer float-right ml-1 et'><i class="fa fa-chevron-down"></i></span>
<span class='badge badge-default pointer float-right ct'><i class="fa fa-chevron-up"></i></span>
</div>
<div class="m-t-10 m-l-5"></div>
</div>
</div>
<div class="accordion mt-4">
  <div class="card">
    <div class="card-header" role="tab">
      <div class="card-title">
        <div class="node" id="383"><span class="badge log fail-bg mr-2">Fail</span>TC23 Verify address details in checkout page</div>
          <div class="status-avatar float-right mr-4">
            <i class="fa fa-paperclip"></i>
          </div>
      </div>
    </div>
        <div class="">
          <div class="card-body">
              <div class="step pass-bg" title="com.automationexercise.steps.TC01_RegisterUser.theUserIsOnTheHomePage()">
                <span>Given The user is on the home page</span>
      <div>
      </div>
              </div>
              <div class="step pass-bg" title="com.automationexercise.steps.TC01_RegisterUser.theUserClicksSignupLoginMenuButton()">
                <span>When The user clicks Signup Login menu button</span>
      <div>
      </div>
              </div>
              <div class="step pass-bg" title="com.automationexercise.steps.TC01_RegisterUser.theUserEntersName(java.lang.String)">
                <span>And The user enters name "Avi"</span>
      <div>
      </div>
              </div>
              <div class="step pass-bg" title="com.automationexercise.steps.TC01_RegisterUser.theUserEntersEmail(java.lang.String)">
                <span>And The user enters email "avviipate@gmail.com"</span>
      <div>
      </div>
              </div>
              <div class="step pass-bg" title="com.automationexercise.steps.TC01_RegisterUser.theUserClicksSignupButton()">
                <span>And The user clicks Signup button</span>
      <div>
      </div>
              </div>
              <div class="step pass-bg" title="com.automationexercise.steps.TC01_RegisterUser.userSelectsMr()">
                <span>When User selects Mr</span>
      <div>
      </div>
              </div>
              <div class="step pass-bg" title="com.automationexercise.steps.TC01_RegisterUser.userEntersPassword(java.lang.String)">
                <span>When User Enters Password "Prime12345"</span>
      <div>
      </div>
              </div>
              <div class="step pass-bg" title="com.automationexercise.steps.TC01_RegisterUser.userSelectsDay(java.lang.String)">
                <span>When User Selects Day "1"</span>
      <div>
      </div>
              </div>
              <div class="step pass-bg" title="com.automationexercise.steps.TC01_RegisterUser.userSelectsMonth(java.lang.String)">
                <span>When User Selects Month "May"</span>
      <div>
      </div>
              </div>
              <div class="step pass-bg" title="com.automationexercise.steps.TC01_RegisterUser.userSelectsYear(java.lang.String)">
                <span>When User Selects Year "2009"</span>
      <div>
      </div>
              </div>
              <div class="step pass-bg" title="com.automationexercise.steps.TC01_RegisterUser.userEntersFirstName(java.lang.String)">
                <span>When User Enters First Name "Avi"</span>
      <div>
      </div>
              </div>
              <div class="step pass-bg" title="com.automationexercise.steps.TC01_RegisterUser.userEntersLastName(java.lang.String)">
                <span>When User Enters Last Name "Pat"</span>
      <div>
      </div>
              </div>
              <div class="step pass-bg" title="com.automationexercise.steps.TC01_RegisterUser.userEntersAddress(java.lang.String)">
                <span>When User Enters Address "1 Prime Road"</span>
      <div>
      </div>
              </div>
              <div class="step pass-bg" title="com.automationexercise.steps.TC01_RegisterUser.userEntersCountry(java.lang.String)">
                <span>When User Enters Country "India"</span>
      <div>
      </div>
              </div>
              <div class="step pass-bg" title="com.automationexercise.steps.TC01_RegisterUser.userEntersState(java.lang.String)">
                <span>When User Enters State "Mumbai"</span>
      <div>
      </div>
              </div>
              <div class="step pass-bg" title="com.automationexercise.steps.TC01_RegisterUser.userEntersCity(java.lang.String)">
                <span>When User Enters City "Bombay"</span>
      <div>
      </div>
              </div>
              <div class="step pass-bg" title="com.automationexercise.steps.TC01_RegisterUser.userEntersZipcode(java.lang.String)">
                <span>When User Enters Zipcode "HA02JK"</span>
      <div>
      </div>
              </div>
              <div class="step pass-bg" title="com.automationexercise.steps.TC01_RegisterUser.userEntersMobile(java.lang.String)">
                <span>When User Enters Mobile "07765234598"</span>
      <div>
      </div>
              </div>
              <div class="step fail-bg" title="com.automationexercise.steps.TC01_RegisterUser.theUserClicksCreateAccountButton()">
                <span>And The user clicks Create Account button</span>
      <div>
        <textarea disabled class="code-block">org.openqa.selenium.ElementClickInterceptedException: element click intercepted: Element <button type="submit" data-qa="create-account" class="btn btn-default">...</button> is not clickable at point (551, 895). Other element would receive the click: <iframe id="aswift_1" name="aswift_1" style="width: 1005px !important; height: 124px !important; display: block; margin: 0px auto;" sandbox="allow-forms allow-popups allow-popups-to-escape-sandbox allow-same-origin allow-scripts allow-top-navigation-by-user-activation" width="1005" height="124" frameborder="0" marginwidth="0" marginheight="0" vspace="0" hspace="0" allowtransparency="true" scrolling="no" src="https://googleads.g.doubleclick.net/pagead/html/r20231207/r20110914/zrt_lookup_fy2021.html?fsb=1#RS-0-&amp;adk=1812271801&amp;client=ca-pub-1677597403311019&amp;fa=1&amp;ifi=2&amp;uci=a!2&amp;btvi=1" data-google-container-id="a!2" data-google-query-id="CLjFy7SMs4MDFbVjFQgdND0D6Q" data-load-complete="true"></iframe>
  (Session info: chrome=120.0.6099.130)
Build info: version: '4.16.1', revision: '9b4c83354e'
System info: os.name: 'Windows 11', os.arch: 'amd64', os.version: '10.0', java.version: '17.0.8'
Driver info: org.openqa.selenium.chrome.ChromeDriver
Command: [3209f8ebe55d1e1bc0fa7ac1b19e0ed2, clickElement {id=475CCE0B03229D1DE672F64A69696649_element_154}]
Capabilities {acceptInsecureCerts: false, browserName: chrome, browserVersion: 120.0.6099.130, chrome: {chromedriverVersion: 120.0.6099.109 (3419140ab66..., userDataDir: C:\Users\sneha\AppData\Loca...}, fedcm:accounts: true, goog:chromeOptions: {debuggerAddress: localhost:54253}, networkConnectionEnabled: false, pageLoadStrategy: normal, platformName: windows, proxy: Proxy(), se:cdp: ws://localhost:54253/devtoo..., se:cdpVersion: 120.0.6099.130, setWindowRect: true, strictFileInteractability: false, timeouts: {implicit: 0, pageLoad: 300000, script: 30000}, unhandledPromptBehavior: dismiss and notify, webauthn:extension:credBlob: true, webauthn:extension:largeBlob: true, webauthn:extension:minPinLength: true, webauthn:extension:prf: true, webauthn:virtualAuthenticators: true}
Element: [[ChromeDriver: chrome on windows (3209f8ebe55d1e1bc0fa7ac1b19e0ed2)] -> xpath: //button[@data-qa='create-account']]
Session ID: 3209f8ebe55d1e1bc0fa7ac1b19e0ed2
	at java.base/jdk.internal.reflect.NativeConstructorAccessorImpl.newInstance0(Native Method)
	at java.base/jdk.internal.reflect.NativeConstructorAccessorImpl.newInstance(NativeConstructorAccessorImpl.java:77)
	at java.base/jdk.internal.reflect.DelegatingConstructorAccessorImpl.newInstance(DelegatingConstructorAccessorImpl.java:45)
	at java.base/java.lang.reflect.Constructor.newInstanceWithCaller(Constructor.java:499)
	at java.base/java.lang.reflect.Constructor.newInstance(Constructor.java:480)
	at org.openqa.selenium.remote.codec.w3c.W3CHttpResponseCodec.createException(W3CHttpResponseCodec.java:200)
	at org.openqa.selenium.remote.codec.w3c.W3CHttpResponseCodec.decode(W3CHttpResponseCodec.java:133)
	at org.openqa.selenium.remote.codec.w3c.W3CHttpResponseCodec.decode(W3CHttpResponseCodec.java:52)
	at org.openqa.selenium.remote.HttpCommandExecutor.execute(HttpCommandExecutor.java:191)
	at org.openqa.selenium.remote.service.DriverCommandExecutor.invokeExecute(DriverCommandExecutor.java:200)
	at org.openqa.selenium.remote.service.DriverCommandExecutor.execute(DriverCommandExecutor.java:175)
	at org.openqa.selenium.remote.RemoteWebDriver.execute(RemoteWebDriver.java:523)
	at org.openqa.selenium.remote.RemoteWebElement.execute(RemoteWebElement.java:224)
	at org.openqa.selenium.remote.RemoteWebElement.click(RemoteWebElement.java:77)
	at jdk.internal.reflect.GeneratedMethodAccessor104.invoke(Unknown Source)
	at java.base/jdk.internal.reflect.DelegatingMethodAccessorImpl.invoke(DelegatingMethodAccessorImpl.java:43)
	at java.base/java.lang.reflect.Method.invoke(Method.java:568)
	at org.openqa.selenium.support.pagefactory.internal.LocatingElementHandler.invoke(LocatingElementHandler.java:51)
	at jdk.proxy2/jdk.proxy2.$Proxy29.click(Unknown Source)
	at com.automationexercise.utility.Utility.clickOnElement(Utility.java:50)
	at com.automationexercise.pages.RegisterPage.clickcreateAccountButton(RegisterPage.java:202)
	at com.automationexercise.steps.TC01_RegisterUser.theUserClicksCreateAccountButton(TC01_RegisterUser.java:116)
	at ✽.The user clicks Create Account button(file:///C:/Users/sneha/avinash-week16-automationexercise/src/test/resources/features/TC23_VerifyAddressDetailsInCheckoutPage.feature:23)
</textarea>
      
      </div>
              </div>
              <div class="step skip-bg" title="com.automationexercise.steps.TC01_RegisterUser.verifyThatACCOUNTCREATEDIsVisible()">
                <span>Then Verify that ACCOUNT CREATED! is visible</span>
      <div>Step skipped
      </div>
              </div>
              <div class="step skip-bg" title="com.automationexercise.steps.TC01_RegisterUser.theUserClicksContinueButton()">
                <span>When The user clicks Continue button</span>
      <div>Step skipped
      </div>
              </div>
              <div class="step skip-bg" title="com.automationexercise.steps.TC01_RegisterUser.verifyThatLoggedInAsUsernameIsVisible()">
                <span>Then Verify that Logged in as username is visible</span>
      <div>Step skipped
      </div>
              </div>
              <div class="step skip-bg" title="com.automationexercise.steps.TC12_AddProductsInCart.theUserHoversOverFirstProductAndClicksAddToCart()">
                <span>When The user hovers over first product and clicks Add to cart</span>
      <div>Step skipped
      </div>
              </div>
              <div class="step skip-bg" title="com.automationexercise.steps.TC12_AddProductsInCart.theUserClicksContinueShoppingButton()">
                <span>And The user clicks Continue Shopping button</span>
      <div>Step skipped
      </div>
              </div>
              <div class="step skip-bg" title="com.automationexercise.steps.TC12_AddProductsInCart.theUserHoversOverSecondProductAndClicksAddToCart()">
                <span>And The user hovers over second product and clicks Add to cart</span>
      <div>Step skipped
      </div>
              </div>
              <div class="step skip-bg" title="com.automationexercise.steps.TC12_AddProductsInCart.theUserClicksContinueShoppingButton()">
                <span>And The user clicks Continue Shopping button</span>
      <div>Step skipped
      </div>
              </div>
              <div class="step skip-bg" title="com.automationexercise.steps.TC11_VerifySubscriptionInCartPage.theUserClicksCartMenuButton()">
                <span>And The user clicks Cart menu button</span>
      <div>Step skipped
      </div>
              </div>
              <div class="step skip-bg" title="com.automationexercise.steps.TC17_RemoveProductsFromCart.verifyThatCartPageIsDisplayed()">
                <span>Then Verify that cart page is displayed</span>
      <div>Step skipped
      </div>
              </div>
              <div class="step skip-bg" title="com.automationexercise.steps.TC23_VerifyAddressDetailsInCheckoutPage.theUserClicksProceedToCheckoutButton()">
                <span>When The user clicks Proceed To Checkout button</span>
      <div>Step skipped
      </div>
              </div>
              <div class="step skip-bg" title="com.automationexercise.steps.TC23_VerifyAddressDetailsInCheckoutPage.verifyThatTheDeliveryAddressIsSameAddressFilledAtTheTimeRegistrationOfAccount()">
                <span>Then Verify that the delivery address is same address filled at the time registration of account</span>
      <div>Step skipped
      </div>
              </div>
              <div class="step skip-bg" title="com.automationexercise.steps.TC23_VerifyAddressDetailsInCheckoutPage.verifyThatTheBillingAddressIsSameAddressFilledAtTheTimeRegistrationOfAccount()">
                <span>And Verify that the billing address is same address filled at the time registration of account</span>
      <div>Step skipped
      </div>
              </div>
              <div class="step skip-bg" title="com.automationexercise.steps.TC01_RegisterUser.theUserClicksDeleteAccountButton()">
                <span>When The user clicks Delete Account button</span>
      <div>Step skipped
      </div>
              </div>
              <div class="step skip-bg" title="com.automationexercise.steps.TC01_RegisterUser.verifyThatACCOUNTDELETEDIsVisible()">
                <span>Then Verify that ACCOUNT DELETED is visible</span>
      <div>Step skipped
      </div>
              </div>
              <div class="step skip-bg" title="com.automationexercise.steps.TC01_RegisterUser.theUserClicksOtherContinueButton()">
                <span>And The user clicks Other Continue button</span>
      <div>Step skipped
      </div>
              </div>
              <div class="step pass-bg" title="AFTER">
                <span>com.automationexercise.steps.Hooks.tearDown(io.cucumber.java.Scenario)</span>
      <div>TC23 Verify address details in checkout page
          <div class="row mb-3"><div class="col-md-3">
<img data-featherlight='../screenshots/embedded15.png' src="../screenshots/embedded15.png">
    
    </div></div>
</div>
      <div>
      </div>
              </div>
          </div>
        </div>
  </div>
</div>
          </div>
        </li>
        <li class="test-item"  status="fail" test-id="420"
          author=""
          tag=""
          device="">
          <div class="test-detail">
            <p class="name">TC24 Download Invoice after purchase order</p>
            <p class="text-sm">
              <span>21:41:29</span> / <span>00:00:12:082</span>
              <span class="badge fail-bg log float-right">Fail</span>
            </p>
          </div>
          <div class="test-contents d-none">
<div class="detail-head">
<div class="p-v-10">
<div class="info">
<h5 class="test-status text-fail">TC24 Download Invoice after purchase order</h5>
<span class='badge badge-success'>12.28.2023 21:41:29</span>
<span class='badge badge-danger'>12.28.2023 21:41:42</span>
<span class='badge badge-default'>00:00:12:082</span>
&middot; <span class='uri-anchor badge badge-default'>#test-id=420</span>
<span class='badge badge-default pointer float-right ml-1 et'><i class="fa fa-chevron-down"></i></span>
<span class='badge badge-default pointer float-right ct'><i class="fa fa-chevron-up"></i></span>
</div>
<div class="m-t-10 m-l-5"></div>
</div>
</div>
<div class="accordion mt-4">
  <div class="card">
    <div class="card-header" role="tab">
      <div class="card-title">
        <div class="node" id="421"><span class="badge log fail-bg mr-2">Fail</span>TC24 Download Invoice after purchase order</div>
          <div class="status-avatar float-right mr-4">
            <i class="fa fa-paperclip"></i>
          </div>
      </div>
    </div>
        <div class="">
          <div class="card-body">
              <div class="step pass-bg" title="com.automationexercise.steps.TC01_RegisterUser.theUserIsOnTheHomePage()">
                <span>Given The user is on the home page</span>
      <div>
      </div>
              </div>
              <div class="step pass-bg" title="com.automationexercise.steps.TC12_AddProductsInCart.theUserHoversOverFirstProductAndClicksAddToCart()">
                <span>When The user hovers over first product and clicks Add to cart</span>
      <div>
      </div>
              </div>
              <div class="step fail-bg" title="com.automationexercise.steps.TC12_AddProductsInCart.theUserClicksContinueShoppingButton()">
                <span>And The user clicks Continue Shopping button</span>
      <div>
        <textarea disabled class="code-block">org.openqa.selenium.ElementNotInteractableException: element not interactable
  (Session info: chrome=120.0.6099.130)
Build info: version: '4.16.1', revision: '9b4c83354e'
System info: os.name: 'Windows 11', os.arch: 'amd64', os.version: '10.0', java.version: '17.0.8'
Driver info: org.openqa.selenium.chrome.ChromeDriver
Command: [8457de286dba5d575dc13e8342c7bb1e, clickElement {id=5CFBE9A5E8D65A1C4FE629E24CF17B72_element_57}]
Capabilities {acceptInsecureCerts: false, browserName: chrome, browserVersion: 120.0.6099.130, chrome: {chromedriverVersion: 120.0.6099.109 (3419140ab66..., userDataDir: C:\Users\sneha\AppData\Loca...}, fedcm:accounts: true, goog:chromeOptions: {debuggerAddress: localhost:54340}, networkConnectionEnabled: false, pageLoadStrategy: normal, platformName: windows, proxy: Proxy(), se:cdp: ws://localhost:54340/devtoo..., se:cdpVersion: 120.0.6099.130, setWindowRect: true, strictFileInteractability: false, timeouts: {implicit: 0, pageLoad: 300000, script: 30000}, unhandledPromptBehavior: dismiss and notify, webauthn:extension:credBlob: true, webauthn:extension:largeBlob: true, webauthn:extension:minPinLength: true, webauthn:extension:prf: true, webauthn:virtualAuthenticators: true}
Element: [[ChromeDriver: chrome on windows (8457de286dba5d575dc13e8342c7bb1e)] -> xpath: //button[.='Continue Shopping']]
Session ID: 8457de286dba5d575dc13e8342c7bb1e
	at java.base/jdk.internal.reflect.NativeConstructorAccessorImpl.newInstance0(Native Method)
	at java.base/jdk.internal.reflect.NativeConstructorAccessorImpl.newInstance(NativeConstructorAccessorImpl.java:77)
	at java.base/jdk.internal.reflect.DelegatingConstructorAccessorImpl.newInstance(DelegatingConstructorAccessorImpl.java:45)
	at java.base/java.lang.reflect.Constructor.newInstanceWithCaller(Constructor.java:499)
	at java.base/java.lang.reflect.Constructor.newInstance(Constructor.java:480)
	at org.openqa.selenium.remote.codec.w3c.W3CHttpResponseCodec.createException(W3CHttpResponseCodec.java:200)
	at org.openqa.selenium.remote.codec.w3c.W3CHttpResponseCodec.decode(W3CHttpResponseCodec.java:133)
	at org.openqa.selenium.remote.codec.w3c.W3CHttpResponseCodec.decode(W3CHttpResponseCodec.java:52)
	at org.openqa.selenium.remote.HttpCommandExecutor.execute(HttpCommandExecutor.java:191)
	at org.openqa.selenium.remote.service.DriverCommandExecutor.invokeExecute(DriverCommandExecutor.java:200)
	at org.openqa.selenium.remote.service.DriverCommandExecutor.execute(DriverCommandExecutor.java:175)
	at org.openqa.selenium.remote.RemoteWebDriver.execute(RemoteWebDriver.java:523)
	at org.openqa.selenium.remote.RemoteWebElement.execute(RemoteWebElement.java:224)
	at org.openqa.selenium.remote.RemoteWebElement.click(RemoteWebElement.java:77)
	at jdk.internal.reflect.GeneratedMethodAccessor104.invoke(Unknown Source)
	at java.base/jdk.internal.reflect.DelegatingMethodAccessorImpl.invoke(DelegatingMethodAccessorImpl.java:43)
	at java.base/java.lang.reflect.Method.invoke(Method.java:568)
	at org.openqa.selenium.support.pagefactory.internal.LocatingElementHandler.invoke(LocatingElementHandler.java:51)
	at jdk.proxy2/jdk.proxy2.$Proxy29.click(Unknown Source)
	at com.automationexercise.utility.Utility.clickOnElement(Utility.java:50)
	at com.automationexercise.pages.ProductsPage.clickContinueShoppingButton(ProductsPage.java:164)
	at com.automationexercise.steps.TC12_AddProductsInCart.theUserClicksContinueShoppingButton(TC12_AddProductsInCart.java:16)
	at ✽.The user clicks Continue Shopping button(file:///C:/Users/sneha/avinash-week16-automationexercise/src/test/resources/features/TC24_DownloadInvoiceAfterPurchaseOrder.feature:7)
</textarea>
      
      </div>
              </div>
              <div class="step skip-bg" title="com.automationexercise.steps.TC12_AddProductsInCart.theUserHoversOverSecondProductAndClicksAddToCart()">
                <span>And The user hovers over second product and clicks Add to cart</span>
      <div>Step skipped
      </div>
              </div>
              <div class="step skip-bg" title="com.automationexercise.steps.TC12_AddProductsInCart.theUserClicksContinueShoppingButton()">
                <span>And The user clicks Continue Shopping button</span>
      <div>Step skipped
      </div>
              </div>
              <div class="step skip-bg" title="com.automationexercise.steps.TC11_VerifySubscriptionInCartPage.theUserClicksCartMenuButton()">
                <span>And The user clicks Cart menu button</span>
      <div>Step skipped
      </div>
              </div>
              <div class="step skip-bg" title="com.automationexercise.steps.TC17_RemoveProductsFromCart.verifyThatCartPageIsDisplayed()">
                <span>Then Verify that cart page is displayed</span>
      <div>Step skipped
      </div>
              </div>
              <div class="step skip-bg" title="com.automationexercise.steps.TC23_VerifyAddressDetailsInCheckoutPage.theUserClicksProceedToCheckoutButton()">
                <span>When The user clicks Proceed To Checkout button</span>
      <div>Step skipped
      </div>
              </div>
              <div class="step skip-bg" title="com.automationexercise.steps.TC24_DownloadInvoiceAfterPurchaseOrder.theUserClicksRegisterLoginButton()">
                <span>And The user clicks Register-Login button</span>
      <div>Step skipped
      </div>
              </div>
              <div class="step skip-bg" title="com.automationexercise.steps.TC01_RegisterUser.theUserEntersName(java.lang.String)">
                <span>And The user enters name "Avi"</span>
      <div>Step skipped
      </div>
              </div>
              <div class="step skip-bg" title="com.automationexercise.steps.TC01_RegisterUser.theUserEntersEmail(java.lang.String)">
                <span>And The user enters email "aavviipate@gmail.com"</span>
      <div>Step skipped
      </div>
              </div>
              <div class="step skip-bg" title="com.automationexercise.steps.TC01_RegisterUser.theUserClicksSignupButton()">
                <span>And The user clicks Signup button</span>
      <div>Step skipped
      </div>
              </div>
              <div class="step skip-bg" title="com.automationexercise.steps.TC01_RegisterUser.userSelectsMr()">
                <span>When User selects Mr</span>
      <div>Step skipped
      </div>
              </div>
              <div class="step skip-bg" title="com.automationexercise.steps.TC01_RegisterUser.userEntersPassword(java.lang.String)">
                <span>When User Enters Password "Prime12345"</span>
      <div>Step skipped
      </div>
              </div>
              <div class="step skip-bg" title="com.automationexercise.steps.TC01_RegisterUser.userSelectsDay(java.lang.String)">
                <span>When User Selects Day "1"</span>
      <div>Step skipped
      </div>
              </div>
              <div class="step skip-bg" title="com.automationexercise.steps.TC01_RegisterUser.userSelectsMonth(java.lang.String)">
                <span>When User Selects Month "May"</span>
      <div>Step skipped
      </div>
              </div>
              <div class="step skip-bg" title="com.automationexercise.steps.TC01_RegisterUser.userSelectsYear(java.lang.String)">
                <span>When User Selects Year "2009"</span>
      <div>Step skipped
      </div>
              </div>
              <div class="step skip-bg" title="com.automationexercise.steps.TC01_RegisterUser.userEntersFirstName(java.lang.String)">
                <span>When User Enters First Name "Avi"</span>
      <div>Step skipped
      </div>
              </div>
              <div class="step skip-bg" title="com.automationexercise.steps.TC01_RegisterUser.userEntersLastName(java.lang.String)">
                <span>When User Enters Last Name "Pat"</span>
      <div>Step skipped
      </div>
              </div>
              <div class="step skip-bg" title="com.automationexercise.steps.TC01_RegisterUser.userEntersAddress(java.lang.String)">
                <span>When User Enters Address "1 Prime Road"</span>
      <div>Step skipped
      </div>
              </div>
              <div class="step skip-bg" title="com.automationexercise.steps.TC01_RegisterUser.userEntersCountry(java.lang.String)">
                <span>When User Enters Country "India"</span>
      <div>Step skipped
      </div>
              </div>
              <div class="step skip-bg" title="com.automationexercise.steps.TC01_RegisterUser.userEntersState(java.lang.String)">
                <span>When User Enters State "Mumbai"</span>
      <div>Step skipped
      </div>
              </div>
              <div class="step skip-bg" title="com.automationexercise.steps.TC01_RegisterUser.userEntersCity(java.lang.String)">
                <span>When User Enters City "Bombay"</span>
      <div>Step skipped
      </div>
              </div>
              <div class="step skip-bg" title="com.automationexercise.steps.TC01_RegisterUser.userEntersZipcode(java.lang.String)">
                <span>When User Enters Zipcode "HA02JK"</span>
      <div>Step skipped
      </div>
              </div>
              <div class="step skip-bg" title="com.automationexercise.steps.TC01_RegisterUser.userEntersMobile(java.lang.String)">
                <span>When User Enters Mobile "07765234598"</span>
      <div>Step skipped
      </div>
              </div>
              <div class="step skip-bg" title="com.automationexercise.steps.TC01_RegisterUser.theUserClicksCreateAccountButton()">
                <span>And The user clicks Create Account button</span>
      <div>Step skipped
      </div>
              </div>
              <div class="step skip-bg" title="com.automationexercise.steps.TC01_RegisterUser.verifyThatACCOUNTCREATEDIsVisible()">
                <span>Then Verify that ACCOUNT CREATED! is visible</span>
      <div>Step skipped
      </div>
              </div>
              <div class="step skip-bg" title="com.automationexercise.steps.TC01_RegisterUser.theUserClicksContinueButton()">
                <span>When The user clicks Continue button</span>
      <div>Step skipped
      </div>
              </div>
              <div class="step skip-bg" title="com.automationexercise.steps.TC01_RegisterUser.verifyThatLoggedInAsUsernameIsVisible()">
                <span>And Verify that Logged in as username is visible</span>
      <div>Step skipped
      </div>
              </div>
              <div class="step skip-bg" title="com.automationexercise.steps.TC11_VerifySubscriptionInCartPage.theUserClicksCartMenuButton()">
                <span>When The user clicks Cart menu button</span>
      <div>Step skipped
      </div>
              </div>
              <div class="step skip-bg" title="com.automationexercise.steps.TC23_VerifyAddressDetailsInCheckoutPage.theUserClicksProceedToCheckoutButton()">
                <span>And The user clicks Proceed To Checkout button</span>
      <div>Step skipped
      </div>
              </div>
              <div class="step skip-bg" title="com.automationexercise.steps.TC23_VerifyAddressDetailsInCheckoutPage.verifyThatTheDeliveryAddressIsSameAddressFilledAtTheTimeRegistrationOfAccount()">
                <span>Then Verify that the delivery address is same address filled at the time registration of account</span>
      <div>Step skipped
      </div>
              </div>
              <div class="step skip-bg" title="com.automationexercise.steps.TC23_VerifyAddressDetailsInCheckoutPage.verifyThatTheBillingAddressIsSameAddressFilledAtTheTimeRegistrationOfAccount()">
                <span>And Verify that the billing address is same address filled at the time registration of account</span>
      <div>Step skipped
      </div>
              </div>
              <div class="step skip-bg" title="com.automationexercise.steps.TC24_DownloadInvoiceAfterPurchaseOrder.theUserEntersDescriptionInCommentTextArea(java.lang.String)">
                <span>When The user enters description in comment text area "thanks"</span>
      <div>Step skipped
      </div>
              </div>
              <div class="step skip-bg" title="com.automationexercise.steps.TC24_DownloadInvoiceAfterPurchaseOrder.clickPlaceOrderButton()">
                <span>And Click Place Order button</span>
      <div>Step skipped
      </div>
              </div>
              <div class="step skip-bg" title="com.automationexercise.steps.TC24_DownloadInvoiceAfterPurchaseOrder.theUserEntersPaymentDetailsNameOnCard(java.lang.String)">
                <span>And The user enters payment details Name on Card "avinassh"</span>
      <div>Step skipped
      </div>
              </div>
              <div class="step skip-bg" title="com.automationexercise.steps.TC24_DownloadInvoiceAfterPurchaseOrder.theUserEntersPaymentDetailsCardNumber(java.lang.String)">
                <span>And The user enters payment details Card Number "1234567891234567"</span>
      <div>Step skipped
      </div>
              </div>
              <div class="step skip-bg" title="com.automationexercise.steps.TC24_DownloadInvoiceAfterPurchaseOrder.theUserEntersPaymentDetailsCVC(java.lang.String)">
                <span>And The user enters payment details CVC "311"</span>
      <div>Step skipped
      </div>
              </div>
              <div class="step skip-bg" title="com.automationexercise.steps.TC24_DownloadInvoiceAfterPurchaseOrder.theUserEntersPaymentDetailsExpirationMonth(java.lang.String)">
                <span>And The user enters payment details Expiration month "11"</span>
      <div>Step skipped
      </div>
              </div>
              <div class="step skip-bg" title="com.automationexercise.steps.TC24_DownloadInvoiceAfterPurchaseOrder.theUserEntersPaymentDetailsExpirationYear(java.lang.String)">
                <span>And The user enters payment details Expiration year "2024"</span>
      <div>Step skipped
      </div>
              </div>
              <div class="step skip-bg" title="com.automationexercise.steps.TC24_DownloadInvoiceAfterPurchaseOrder.theUserClicksPayAndConfirmOrderButton()">
                <span>When The user clicks Pay and Confirm Order button</span>
      <div>Step skipped
      </div>
              </div>
              <div class="step skip-bg" title="com.automationexercise.steps.TC24_DownloadInvoiceAfterPurchaseOrder.theUserClicksDownloadInvoiceButton()">
                <span>When The user clicks Download Invoice button</span>
      <div>Step skipped
      </div>
              </div>
              <div class="step skip-bg" title="com.automationexercise.steps.TC24_DownloadInvoiceAfterPurchaseOrder.verifyInvoiceIsDownloadedSuccessfully()">
                <span>And Verify invoice is downloaded successfully</span>
      <div>Step skipped
      </div>
              </div>
              <div class="step skip-bg" title="com.automationexercise.steps.TC01_RegisterUser.theUserClicksContinueButton()">
                <span>And The user clicks Continue button</span>
      <div>Step skipped
      </div>
              </div>
              <div class="step skip-bg" title="com.automationexercise.steps.TC01_RegisterUser.theUserClicksDeleteAccountButton()">
                <span>And The user clicks Delete Account button</span>
      <div>Step skipped
      </div>
              </div>
              <div class="step skip-bg" title="com.automationexercise.steps.TC01_RegisterUser.verifyThatACCOUNTDELETEDIsVisible()">
                <span>Then Verify that ACCOUNT DELETED is visible</span>
      <div>Step skipped
      </div>
              </div>
              <div class="step skip-bg" title="com.automationexercise.steps.TC01_RegisterUser.theUserClicksOtherContinueButton()">
                <span>And The user clicks Other Continue button</span>
      <div>Step skipped
      </div>
              </div>
              <div class="step pass-bg" title="AFTER">
                <span>com.automationexercise.steps.Hooks.tearDown(io.cucumber.java.Scenario)</span>
      <div>TC24 Download Invoice after purchase order
          <div class="row mb-3"><div class="col-md-3">
<img data-featherlight='../screenshots/embedded16.png' src="../screenshots/embedded16.png">
    
    </div></div>
</div>
      <div>
      </div>
              </div>
          </div>
        </div>
  </div>
</div>
          </div>
        </li>
        <li class="test-item"  status="fail" test-id="471"
          author=""
          tag=""
          device="">
          <div class="test-detail">
            <p class="name">TC25 Verify Scroll Up using Arrow button and Scroll Down functionality</p>
            <p class="text-sm">
              <span>21:41:42</span> / <span>00:00:10:861</span>
              <span class="badge fail-bg log float-right">Fail</span>
            </p>
          </div>
          <div class="test-contents d-none">
<div class="detail-head">
<div class="p-v-10">
<div class="info">
<h5 class="test-status text-fail">TC25 Verify Scroll Up using Arrow button and Scroll Down functionality</h5>
<span class='badge badge-success'>12.28.2023 21:41:42</span>
<span class='badge badge-danger'>12.28.2023 21:41:52</span>
<span class='badge badge-default'>00:00:10:861</span>
&middot; <span class='uri-anchor badge badge-default'>#test-id=471</span>
<span class='badge badge-default pointer float-right ml-1 et'><i class="fa fa-chevron-down"></i></span>
<span class='badge badge-default pointer float-right ct'><i class="fa fa-chevron-up"></i></span>
</div>
<div class="m-t-10 m-l-5"></div>
</div>
</div>
<div class="accordion mt-4">
  <div class="card">
    <div class="card-header" role="tab">
      <div class="card-title">
        <div class="node" id="472"><span class="badge log fail-bg mr-2">Fail</span>TC25 Verify Scroll Up using Arrow button and Scroll Down functionality</div>
          <div class="status-avatar float-right mr-4">
            <i class="fa fa-paperclip"></i>
          </div>
      </div>
    </div>
        <div class="">
          <div class="card-body">
              <div class="step pass-bg" title="com.automationexercise.steps.TC01_RegisterUser.theUserIsOnTheHomePage()">
                <span>Given The user is on the home page</span>
      <div>
      </div>
              </div>
              <div class="step pass-bg" title="com.automationexercise.steps.TC10_VerifySubscriptionInHomePage.theUserScrollsDownToFooter()">
                <span>When The user scrolls down to footer</span>
      <div>
      </div>
              </div>
              <div class="step pass-bg" title="com.automationexercise.steps.TC10_VerifySubscriptionInHomePage.verifyTextSUBSCRIPTION()">
                <span>Then Verify text SUBSCRIPTION</span>
      <div>
      </div>
              </div>
              <div class="step fail-bg" title="com.automationexercise.steps.TC25_VerifyScrollUpUsingArrowButtonAndScrollDownfunctionality.theUserClicksOrangeArrowButton()">
                <span>When The user clicks orange arrow button</span>
      <div>
        <textarea disabled class="code-block">org.openqa.selenium.ElementClickInterceptedException: element click intercepted: Element <a id="scrollUp" href="#top" style="position: fixed; z-index: 2147483647;">...</a> is not clickable at point (1873, 876). Other element would receive the click: <div id="aswift_8_host" tabindex="0" title="Advertisement" aria-label="Advertisement" style="border: none !important; height: 90px !important; width: 100% !important; margin: 0px !important; padding: 0px !important; position: relative !important; visibility: visible !important; background-color: transparent !important; display: inline-block !important; inset: auto !important; clear: none !important; float: none !important; max-height: none !important; max-width: none !important; opacity: 1 !important; overflow: visible !important; vertical-align: baseline !important; z-index: auto !important;">...</div>
  (Session info: chrome=120.0.6099.130)
Build info: version: '4.16.1', revision: '9b4c83354e'
System info: os.name: 'Windows 11', os.arch: 'amd64', os.version: '10.0', java.version: '17.0.8'
Driver info: org.openqa.selenium.chrome.ChromeDriver
Command: [32fb6b8c22411696e8e9ea664d14c2f8, clickElement {id=6070C268F327B3C7D0D83E8ECCABD586_element_70}]
Capabilities {acceptInsecureCerts: false, browserName: chrome, browserVersion: 120.0.6099.130, chrome: {chromedriverVersion: 120.0.6099.109 (3419140ab66..., userDataDir: C:\Users\sneha\AppData\Loca...}, fedcm:accounts: true, goog:chromeOptions: {debuggerAddress: localhost:54392}, networkConnectionEnabled: false, pageLoadStrategy: normal, platformName: windows, proxy: Proxy(), se:cdp: ws://localhost:54392/devtoo..., se:cdpVersion: 120.0.6099.130, setWindowRect: true, strictFileInteractability: false, timeouts: {implicit: 0, pageLoad: 300000, script: 30000}, unhandledPromptBehavior: dismiss and notify, webauthn:extension:credBlob: true, webauthn:extension:largeBlob: true, webauthn:extension:minPinLength: true, webauthn:extension:prf: true, webauthn:virtualAuthenticators: true}
Element: [[ChromeDriver: chrome on windows (32fb6b8c22411696e8e9ea664d14c2f8)] -> xpath: //a[@id='scrollUp']]
Session ID: 32fb6b8c22411696e8e9ea664d14c2f8
	at java.base/jdk.internal.reflect.NativeConstructorAccessorImpl.newInstance0(Native Method)
	at java.base/jdk.internal.reflect.NativeConstructorAccessorImpl.newInstance(NativeConstructorAccessorImpl.java:77)
	at java.base/jdk.internal.reflect.DelegatingConstructorAccessorImpl.newInstance(DelegatingConstructorAccessorImpl.java:45)
	at java.base/java.lang.reflect.Constructor.newInstanceWithCaller(Constructor.java:499)
	at java.base/java.lang.reflect.Constructor.newInstance(Constructor.java:480)
	at org.openqa.selenium.remote.codec.w3c.W3CHttpResponseCodec.createException(W3CHttpResponseCodec.java:200)
	at org.openqa.selenium.remote.codec.w3c.W3CHttpResponseCodec.decode(W3CHttpResponseCodec.java:133)
	at org.openqa.selenium.remote.codec.w3c.W3CHttpResponseCodec.decode(W3CHttpResponseCodec.java:52)
	at org.openqa.selenium.remote.HttpCommandExecutor.execute(HttpCommandExecutor.java:191)
	at org.openqa.selenium.remote.service.DriverCommandExecutor.invokeExecute(DriverCommandExecutor.java:200)
	at org.openqa.selenium.remote.service.DriverCommandExecutor.execute(DriverCommandExecutor.java:175)
	at org.openqa.selenium.remote.RemoteWebDriver.execute(RemoteWebDriver.java:523)
	at org.openqa.selenium.remote.RemoteWebElement.execute(RemoteWebElement.java:224)
	at org.openqa.selenium.remote.RemoteWebElement.click(RemoteWebElement.java:77)
	at jdk.internal.reflect.GeneratedMethodAccessor104.invoke(Unknown Source)
	at java.base/jdk.internal.reflect.DelegatingMethodAccessorImpl.invoke(DelegatingMethodAccessorImpl.java:43)
	at java.base/java.lang.reflect.Method.invoke(Method.java:568)
	at org.openqa.selenium.support.pagefactory.internal.LocatingElementHandler.invoke(LocatingElementHandler.java:51)
	at jdk.proxy2/jdk.proxy2.$Proxy29.click(Unknown Source)
	at com.automationexercise.utility.Utility.clickOnElement(Utility.java:50)
	at com.automationexercise.pages.HomePage.clickScrollUpArrow(HomePage.java:86)
	at com.automationexercise.steps.TC25_VerifyScrollUpUsingArrowButtonAndScrollDownfunctionality.theUserClicksOrangeArrowButton(TC25_VerifyScrollUpUsingArrowButtonAndScrollDownfunctionality.java:17)
	at ✽.The user clicks orange arrow button(file:///C:/Users/sneha/avinash-week16-automationexercise/src/test/resources/features/TC25_VerifyScrollUpUsingArrowButtonAndScrollDownfunctionality.feature:8)
</textarea>
      
      </div>
              </div>
              <div class="step skip-bg" title="com.automationexercise.steps.TC25_VerifyScrollUpUsingArrowButtonAndScrollDownfunctionality.verifyThatPageIsScrolledUpAndFullFledgedPracticeWebsiteForAutomationEngineersTextIsVisibleOnScreen()">
                <span>Then Verify that page is scrolled up and Full-Fledged practice website for Automation Engineers text is visible on screen</span>
      <div>Step skipped
      </div>
              </div>
              <div class="step pass-bg" title="AFTER">
                <span>com.automationexercise.steps.Hooks.tearDown(io.cucumber.java.Scenario)</span>
      <div>TC25 Verify Scroll Up using Arrow button and Scroll Down functionality
          <div class="row mb-3"><div class="col-md-3">
<img data-featherlight='../screenshots/embedded17.png' src="../screenshots/embedded17.png">
    
    </div></div>
</div>
      <div>
      </div>
              </div>
          </div>
        </div>
  </div>
</div>
          </div>
        </li>
        <li class="test-item"  status="pass" test-id="480"
          author=""
          tag=""
          device="">
          <div class="test-detail">
            <p class="name">TC26 Verify Scroll Up without Arrow button and Scroll Down functionality</p>
            <p class="text-sm">
              <span>21:41:52</span> / <span>00:00:10:458</span>
              <span class="badge pass-bg log float-right">Pass</span>
            </p>
          </div>
          <div class="test-contents d-none">
<div class="detail-head">
<div class="p-v-10">
<div class="info">
<h5 class="test-status text-pass">TC26 Verify Scroll Up without Arrow button and Scroll Down functionality</h5>
<span class='badge badge-success'>12.28.2023 21:41:52</span>
<span class='badge badge-danger'>12.28.2023 21:42:03</span>
<span class='badge badge-default'>00:00:10:458</span>
&middot; <span class='uri-anchor badge badge-default'>#test-id=480</span>
<span class='badge badge-default pointer float-right ml-1 et'><i class="fa fa-chevron-down"></i></span>
<span class='badge badge-default pointer float-right ct'><i class="fa fa-chevron-up"></i></span>
</div>
<div class="m-t-10 m-l-5"></div>
</div>
</div>
<div class="accordion mt-4">
  <div class="card">
    <div class="card-header" role="tab">
      <div class="card-title">
        <div class="node" id="481"><span class="badge log pass-bg mr-2">Pass</span>TC26 Verify Scroll Up without Arrow button and Scroll Down functionality</div>
      </div>
    </div>
        <div class="collapse">
          <div class="card-body">
              <div class="step pass-bg" title="com.automationexercise.steps.TC01_RegisterUser.theUserIsOnTheHomePage()">
                <span>Given The user is on the home page</span>
      <div>
      </div>
              </div>
              <div class="step pass-bg" title="com.automationexercise.steps.TC10_VerifySubscriptionInHomePage.theUserScrollsDownToFooter()">
                <span>When The user scrolls down to footer</span>
      <div>
      </div>
              </div>
              <div class="step pass-bg" title="com.automationexercise.steps.TC10_VerifySubscriptionInHomePage.verifyTextSUBSCRIPTION()">
                <span>Then Verify text SUBSCRIPTION</span>
      <div>
      </div>
              </div>
              <div class="step pass-bg" title="com.automationexercise.steps.TC26_VerifyScrollUpwithoutArrowButtonAndScrollDownFunctionality.theUserScrollsUpToTop()">
                <span>When The user scrolls up to top</span>
      <div>
      </div>
              </div>
              <div class="step pass-bg" title="com.automationexercise.steps.TC25_VerifyScrollUpUsingArrowButtonAndScrollDownfunctionality.verifyThatPageIsScrolledUpAndFullFledgedPracticeWebsiteForAutomationEngineersTextIsVisibleOnScreen()">
                <span>Then Verify that page is scrolled up and Full-Fledged practice website for Automation Engineers text is visible on screen</span>
      <div>
      </div>
              </div>
          </div>
        </div>
  </div>
</div>
          </div>
        </li>
      </ul>
    </div>
  </div>
<div class="test-content scrollable">
<div class="test-content-tools">
<ul><li><a class="back-to-test" href="#"><i class="fa fa-arrow-left"></i></a></li></ul>
</div>
<div class="test-content-detail"><div class="detail-body"></div></div>
</div></div>
<div class="test-wrapper row view category-view attributes-view">
<div class="test-list">
<div class="test-list-tools">
<ul class="tools pull-left"><li><a href=""><span class="font-size-14">Category</span></a></li></ul>
<ul class="tools text-right"><li><a href="#"><span class="badge badge-primary">1</span></a></li></ul>
</div>
<div class="test-list-wrapper scrollable">
<ul class="test-list-item">
<li class="test-item">
<div class="test-detail">
<span class="meta">
<span class='badge log pass-bg'>1</span>
</span>
<p class="name">@com.automationexercise.steps.register</p>
<p class="duration text-sm">1 tests</p>
</div>
<div class="test-contents d-none">
<div class="info">
<h4>@com.automationexercise.steps.register</h4>
<span status="pass" class='badge log pass-bg'>1 passed</span>
</div>
<table class='table table-sm mt-4'>
<thead>
<tr>
<th class="status-col">Status</th>
<th class="timestamp-col">Timestamp</th>
<th>TestName</th>
</tr>
</thead>
<tbody>
<tr class="tag-test-status" status="pass">
<td><span class="badge log pass-bg">Pass</span></td>
<td>21:36:24 pm</td>
<td>
<a href="#" class="linked" test-id='132' id='133'>TC10 Verify Subscription in home page</a>
<div class="">
<span class="badge badge-default">TC10 Verify Subscription in home page.TC10 Verify Subscription in home page</span>
</div>
</td>
</tr>
</tbody>
</table>
</div>
</li>
</ul>
</div>
</div>
<div class="test-content scrollable">
<div class="test-content-detail">
<div class="detail-body"></div>
</div>
</div>
</div><div class="test-wrapper row view exception-view attributes-view">
<div class="test-list">
<div class="test-list-tools">
<ul class="tools pull-left"><li><a href=""><span class="font-size-14">Exception</span></a></li></ul>
<ul class="tools text-right"><li><a href="#"><span class="badge badge-primary">4</span></a></li></ul>
</div>
<div class="test-list-wrapper scrollable">
<ul class="test-list-item">
<li class="test-item">
<div class="test-detail">
<span class="meta">
<span class='badge log badge-danger'>5</span>
</span>
<p class="name">org.openqa.selenium.ElementClickInterceptedException</p>
<p class="duration text-sm">5 tests</p>
</div>
<div class="test-contents d-none">
<div class="info">
<h4>org.openqa.selenium.ElementClickInterceptedException</h4>
<span status="fail" class='badge log badge-danger'>5 failed</span>
</div>
<table class='table table-sm mt-4'>
<thead>
<tr>
<th class="status-col">Status</th>
<th class="timestamp-col">Timestamp</th>
<th>TestName</th>
</tr>
</thead>
<tbody>
<tr class="tag-test-status" status="fail">
<td><span class="badge log fail-bg">Fail</span></td>
<td>21:33:29 pm</td>
<td>
<a href="#" class="linked" test-id='1' id='24'>And The user clicks Create Account button</a>
<div class="">
<span class="badge badge-default">TC01 Register User.TC01 Register on the web page.And The user clicks Create Account button</span>
</div>
</td>
</tr>
<tr class="tag-test-status" status="fail">
<td><span class="badge log fail-bg">Fail</span></td>
<td>21:38:26 pm</td>
<td>
<a href="#" class="linked" test-id='227' id='248'>And The user clicks Create Account button</a>
<div class="">
<span class="badge badge-default">TC15 Place Order Register before Checkout.TC15 Register before Checkout.And The user clicks Create Account button</span>
</div>
</td>
</tr>
<tr class="tag-test-status" status="fail">
<td><span class="badge log fail-bg">Fail</span></td>
<td>21:39:51 pm</td>
<td>
<a href="#" class="linked" test-id='326' id='332'>When The user clicks on left side bar Polo brand name</a>
<div class="">
<span class="badge badge-default">TC19 View Cart Brand Products.TC19 View Cart Brand Products.When The user clicks on left side bar Polo brand name</span>
</div>
</td>
</tr>
<tr class="tag-test-status" status="fail">
<td><span class="badge log fail-bg">Fail</span></td>
<td>21:41:27 pm</td>
<td>
<a href="#" class="linked" test-id='382' id='403'>And The user clicks Create Account button</a>
<div class="">
<span class="badge badge-default">TC23 Verify address details in checkout page.TC23 Verify address details in checkout page.And The user clicks Create Account button</span>
</div>
</td>
</tr>
<tr class="tag-test-status" status="fail">
<td><span class="badge log fail-bg">Fail</span></td>
<td>21:41:50 pm</td>
<td>
<a href="#" class="linked" test-id='471' id='477'>When The user clicks orange arrow button</a>
<div class="">
<span class="badge badge-default">TC25 Verify Scroll Up using Arrow button and Scroll Down functionality.TC25 Verify Scroll Up using Arrow button and Scroll Down functionality.When The user clicks orange arrow button</span>
</div>
</td>
</tr>
</tbody>
</table>
</div>
</li>
<li class="test-item">
<div class="test-detail">
<span class="meta">
<span class='badge log badge-danger'>4</span>
</span>
<p class="name">org.openqa.selenium.ElementNotInteractableException</p>
<p class="duration text-sm">4 tests</p>
</div>
<div class="test-contents d-none">
<div class="info">
<h4>org.openqa.selenium.ElementNotInteractableException</h4>
<span status="fail" class='badge log badge-danger'>4 failed</span>
</div>
<table class='table table-sm mt-4'>
<thead>
<tr>
<th class="status-col">Status</th>
<th class="timestamp-col">Timestamp</th>
<th>TestName</th>
</tr>
</thead>
<tbody>
<tr class="tag-test-status" status="fail">
<td><span class="badge log fail-bg">Fail</span></td>
<td>21:37:57 pm</td>
<td>
<a href="#" class="linked" test-id='178' id='183'>And The user clicks Continue Shopping button</a>
<div class="">
<span class="badge badge-default">TC14 Place Order Register while Checkout.TC14 Register while Checkout.And The user clicks Continue Shopping button</span>
</div>
</td>
</tr>
<tr class="tag-test-status" status="fail">
<td><span class="badge log fail-bg">Fail</span></td>
<td>21:38:46 pm</td>
<td>
<a href="#" class="linked" test-id='273' id='283'>And The user clicks Continue Shopping button</a>
<div class="">
<span class="badge badge-default">TC16 Place Order Login before Checkout.TC16 Login before Checkout.And The user clicks Continue Shopping button</span>
</div>
</td>
</tr>
<tr class="tag-test-status" status="fail">
<td><span class="badge log fail-bg">Fail</span></td>
<td>21:39:04 pm</td>
<td>
<a href="#" class="linked" test-id='303' id='308'>And The user clicks Continue Shopping button</a>
<div class="">
<span class="badge badge-default">TC17 Remove Products From Cart.TC17 Remove Products From Cart.And The user clicks Continue Shopping button</span>
</div>
</td>
</tr>
<tr class="tag-test-status" status="fail">
<td><span class="badge log fail-bg">Fail</span></td>
<td>21:41:35 pm</td>
<td>
<a href="#" class="linked" test-id='420' id='425'>And The user clicks Continue Shopping button</a>
<div class="">
<span class="badge badge-default">TC24 Download Invoice after purchase order.TC24 Download Invoice after purchase order.And The user clicks Continue Shopping button</span>
</div>
</td>
</tr>
</tbody>
</table>
</div>
</li>
<li class="test-item">
<div class="test-detail">
<span class="meta">
<span class='badge log badge-danger'>1</span>
</span>
<p class="name">org.openqa.selenium.InvalidSelectorException</p>
<p class="duration text-sm">1 tests</p>
</div>
<div class="test-contents d-none">
<div class="info">
<h4>org.openqa.selenium.InvalidSelectorException</h4>
<span status="fail" class='badge log badge-danger'>1 failed</span>
</div>
<table class='table table-sm mt-4'>
<thead>
<tr>
<th class="status-col">Status</th>
<th class="timestamp-col">Timestamp</th>
<th>TestName</th>
</tr>
</thead>
<tbody>
<tr class="tag-test-status" status="fail">
<td><span class="badge log fail-bg">Fail</span></td>
<td>21:33:49 pm</td>
<td>
<a href="#" class="linked" test-id='32' id='43'>Then Verify that ACCOUNT DELETED is visible</a>
<div class="">
<span class="badge badge-default">TC02 Login User with correct email and password.TC02 Login User with correct email and password.Then Verify that ACCOUNT DELETED is visible</span>
</div>
</td>
</tr>
</tbody>
</table>
</div>
</li>
<li class="test-item">
<div class="test-detail">
<span class="meta">
<span class='badge log badge-danger'>7</span>
</span>
<p class="name">org.openqa.selenium.NoSuchElementException</p>
<p class="duration text-sm">7 tests</p>
</div>
<div class="test-contents d-none">
<div class="info">
<h4>org.openqa.selenium.NoSuchElementException</h4>
<span status="fail" class='badge log badge-danger'>7 failed</span>
</div>
<table class='table table-sm mt-4'>
<thead>
<tr>
<th class="status-col">Status</th>
<th class="timestamp-col">Timestamp</th>
<th>TestName</th>
</tr>
</thead>
<tbody>
<tr class="tag-test-status" status="fail">
<td><span class="badge log fail-bg">Fail</span></td>
<td>21:35:49 pm</td>
<td>
<a href="#" class="linked" test-id='105' id='113'>Then Verify the user is landed to product detail page</a>
<div class="">
<span class="badge badge-default">TC08 Verify All Products and product detail page.TC08 Verify All Products and product detail page.Then Verify the user is landed to product detail page</span>
</div>
</td>
</tr>
<tr class="tag-test-status" status="fail">
<td><span class="badge log fail-bg">Fail</span></td>
<td>21:36:49 pm</td>
<td>
<a href="#" class="linked" test-id='142' id='147'>And The user scrolls down to footer</a>
<div class="">
<span class="badge badge-default">TC11 Verify Subscription in Cart page.TC11 Verify Subscription in Cart page.And The user scrolls down to footer</span>
</div>
</td>
</tr>
<tr class="tag-test-status" status="fail">
<td><span class="badge log fail-bg">Fail</span></td>
<td>21:37:17 pm</td>
<td>
<a href="#" class="linked" test-id='153' id='159'>And The user clicks Continue Shopping button</a>
<div class="">
<span class="badge badge-default">TC12 Add Products in Cart.TC12 Add Products in Cart.And The user clicks Continue Shopping button</span>
</div>
</td>
</tr>
<tr class="tag-test-status" status="fail">
<td><span class="badge log fail-bg">Fail</span></td>
<td>21:37:38 pm</td>
<td>
<a href="#" class="linked" test-id='167' id='172'>Then Verify product detail is opened</a>
<div class="">
<span class="badge badge-default">TC13 Verify Product quantity in Cart.TC13 Verify Product quantity in Cart.Then Verify product detail is opened</span>
</div>
</td>
</tr>
<tr class="tag-test-status" status="fail">
<td><span class="badge log fail-bg">Fail</span></td>
<td>21:39:32 pm</td>
<td>
<a href="#" class="linked" test-id='314' id='324'>Then Verify that category page is displayed and confirm text men Tshirts PRODUCTS</a>
<div class="">
<span class="badge badge-default">TC18 View Category Products.TC18 View Category Products.Then Verify that category page is displayed and confirm text men Tshirts PRODUCTS</span>
</div>
</td>
</tr>
<tr class="tag-test-status" status="fail">
<td><span class="badge log fail-bg">Fail</span></td>
<td>21:40:14 pm</td>
<td>
<a href="#" class="linked" test-id='337' id='348'>And The user clicks Continue Shopping button</a>
<div class="">
<span class="badge badge-default">TC20 Search Products and Verify Cart After Login.TC20 Search Products and Verify Cart After Login.And The user clicks Continue Shopping button</span>
</div>
</td>
</tr>
<tr class="tag-test-status" status="fail">
<td><span class="badge log fail-bg">Fail</span></td>
<td>21:40:42 pm</td>
<td>
<a href="#" class="linked" test-id='358' id='365'>Then Verify Write Your Review is visible</a>
<div class="">
<span class="badge badge-default">TC21 Add review on product.TC21 Add review on product.Then Verify Write Your Review is visible</span>
</div>
</td>
</tr>
</tbody>
</table>
</div>
</li>
</ul>
</div>
</div>
<div class="test-content scrollable">
<div class="test-content-detail">
<div class="detail-body"></div>
</div>
</div>
</div>        </div>
      </div>
    </div>
  </div>
<script src="https://cdn.jsdelivr.net/gh/extent-framework/extent-github-cdn@d6562a79075e061305ccfdb82f01e5e195e2d307/spark/js/spark-script.js"></script>
<script type="text/javascript"></script></body>
</html>